[2016.06.02-17.27.53:736][  0]Log file open, 06/02/16 10:27:53
[2016.06.02-17.27.53:736][  0]LogInit:Display: Running engine for game: GodKiller
[2016.06.02-17.27.53:736][  0]LogPlatformFile: Not using cached read wrapper
[2016.06.02-17.27.53:736][  0]LogInit:Display: RandInit(1219782930) SRandInit(1219782935).
[2016.06.02-17.27.53:736][  0]LogTaskGraph: Started task graph with 4 named threads and 5 total threads.
[2016.06.02-17.27.53:736][  0]LogStats: Stats thread started at 4.869617
[2016.06.02-17.27.53:736][  0]LogInit: Version: 4.10.4-2872498+++depot+UE4-Releases+4.10
[2016.06.02-17.27.53:736][  0]LogInit: API Version: 2758231
[2016.06.02-17.27.53:736][  0]LogInit: Compiled (64-bit): Feb 18 2016 15:47:04
[2016.06.02-17.27.53:736][  0]LogInit: Compiled with Visual C++: 19.00.23026.00
[2016.06.02-17.27.53:736][  0]LogInit: Build Configuration: Development
[2016.06.02-17.27.53:736][  0]LogInit: Branch Name: ++depot+UE4-Releases+4.10
[2016.06.02-17.27.53:736][  0]LogInit: Command line:  
[2016.06.02-17.27.53:736][  0]LogInit: Base directory: C:/Program Files/Epic Games/4.10/Engine/Binaries/Win64/
[2016.06.02-17.27.53:736][  0]LogInit: Rocket: 1
[2016.06.02-17.27.54:255][  0]LogInit: Using libcurl 7.41.0
[2016.06.02-17.27.54:255][  0]LogInit:  - built for x86_64-pc-win32
[2016.06.02-17.27.54:255][  0]LogInit:  - supports SSL with WinSSL
[2016.06.02-17.27.54:255][  0]LogInit:  - other features:
[2016.06.02-17.27.54:255][  0]LogInit:      CURL_VERSION_SSL
[2016.06.02-17.27.54:256][  0]LogInit:      CURL_VERSION_IPV6
[2016.06.02-17.27.54:262][  0]LogInit:      CURL_VERSION_ASYNCHDNS
[2016.06.02-17.27.54:262][  0]LogInit:      CURL_VERSION_LARGEFILE
[2016.06.02-17.27.54:262][  0]LogInit:      CURL_VERSION_IDN
[2016.06.02-17.27.54:263][  0]LogInit:  CurlRequestOptions (configurable via config and command line):
[2016.06.02-17.27.54:263][  0]LogInit:  - bVerifyPeer = true  - Libcurl will verify peer certificate
[2016.06.02-17.27.54:263][  0]LogInit:  - bUseHttpProxy = false  - Libcurl will NOT use HTTP proxy
[2016.06.02-17.27.54:263][  0]LogInit:  - bDontReuseConnections = false  - Libcurl will reuse connections
[2016.06.02-17.27.54:263][  0]LogInit:  - CertBundlePath = nullptr  - Libcurl will use whatever was configured at build time.
[2016.06.02-17.27.54:737][  0]LogInit: Presizing for 0 objects not considered by GC, pre-allocating 0 bytes.
[2016.06.02-17.27.54:949][  0]LogInit: Object subsystem initialized
[2016.06.02-17.27.55:249][  0]LogInit: Selected Device Profile: [Windows]
[2016.06.02-17.27.55:249][  0]LogInit: Applying CVar settings loaded from the selected device profile: [Windows]
[2016.06.02-17.27.55:547][  0]LogInit: Computer: SAMANTHAPC
[2016.06.02-17.27.55:547][  0]LogInit: User: Samantha
[2016.06.02-17.27.55:547][  0]LogInit: CPU Page size=4096, Cores=2
[2016.06.02-17.27.55:547][  0]LogInit: High frequency timer resolution =2.240905 MHz
[2016.06.02-17.27.55:547][  0]LogMemory: Memory total: Physical=5.9GB (6GB approx)
[2016.06.02-17.27.55:548][  0]LogMemory: Platform Memory Stats for Windows
[2016.06.02-17.27.55:548][  0]LogMemory: Process Physical Memory: 55.88 MB used, 55.88 MB peak
[2016.06.02-17.27.55:548][  0]LogMemory: Process Virtual Memory: 56.30 MB used, 56.30 MB peak
[2016.06.02-17.27.55:548][  0]LogMemory: Physical Memory: 2132.96 MB used, 6027.63 MB total
[2016.06.02-17.27.55:548][  0]LogMemory: Virtual Memory: 359.61 MB used, 134217728.00 MB total
[2016.06.02-17.27.56:885][  0]LogTextLocalizationManager: No specific translations for ('en-US') exist, so ('en') translations will be used.
[2016.06.02-17.27.59:904][  0]LogD3D11RHI: Found D3D11 adapter 0: Intel(R) HD Graphics Family (Feature Level 11_0)
[2016.06.02-17.27.59:905][  0]LogD3D11RHI: Adapter has 32MB of dedicated video memory, 0MB of dedicated system memory, and 1760MB of shared system memory, 1 output[s]
[2016.06.02-17.27.59:908][  0]LogD3D11RHI: Found D3D11 adapter 1: Microsoft Basic Render Driver (Feature Level 11_0)
[2016.06.02-17.27.59:908][  0]LogD3D11RHI: Adapter has 0MB of dedicated video memory, 0MB of dedicated system memory, and 256MB of shared system memory, 0 output[s]
[2016.06.02-17.27.59:908][  0]LogD3D11RHI: Chosen D3D11 Adapter Id = 0
[2016.06.02-17.27.59:984][  0]LogD3D11RHI: !Direct3DDevice
[2016.06.02-17.27.59:984][  0]LogRHI: Texture pool is 638 MB (70% of 912 MB)
[2016.06.02-17.28.00:034][  0]LogD3D11RHI: Async texture creation enabled
[2016.06.02-17.28.00:262][  0]LogShaderCompilers: Guid format shader working directory is -38 characters bigger than the processId version (../../../../../../Users/Samantha/Documents/NewGodKiller/God_Killer_New/God-Killer 4.10/Intermediate/Shaders/WorkingDirectory/18412/).
[2016.06.02-17.28.00:262][  0]LogShaderCompilers: Cleaned the shader compiler working directory 'C:/Users/Samantha/AppData/Local/Temp/UnrealShaderWorkingDir/E802BC634D644397E5DC63BABBB109F0/'.
[2016.06.02-17.28.00:263][  0]LogShaderCompilers:Display: Using Local Shader Compiler.
[2016.06.02-17.28.21:067][  0]LogTemp:Display: Loaded TP AllDesktopTargetPlatform
[2016.06.02-17.28.21:094][  0]LogTemp:Display: Loaded TP WindowsClientTargetPlatform
[2016.06.02-17.28.21:113][  0]LogTemp:Display: Loaded TP WindowsNoEditorTargetPlatform
[2016.06.02-17.28.21:129][  0]LogTemp:Display: Loaded TP WindowsServerTargetPlatform
[2016.06.02-17.28.21:155][  0]LogTemp:Display: Loaded TP WindowsTargetPlatform
[2016.06.02-17.28.21:191][  0]LogTemp:Display: Loaded TP AndroidTargetPlatform
[2016.06.02-17.28.21:217][  0]LogTemp:Display: Loaded TP Android_ASTCTargetPlatform
[2016.06.02-17.28.21:230][  0]LogTemp:Display: Loaded TP Android_ATCTargetPlatform
[2016.06.02-17.28.21:272][  0]LogTemp:Display: Loaded TP Android_DXTTargetPlatform
[2016.06.02-17.28.21:286][  0]LogTemp:Display: Loaded TP Android_ETC1TargetPlatform
[2016.06.02-17.28.21:324][  0]LogTemp:Display: Loaded TP Android_ETC2TargetPlatform
[2016.06.02-17.28.21:362][  0]LogTemp:Display: Loaded TP Android_MultiTargetPlatform
[2016.06.02-17.28.21:362][  0]LogTemp:Display: Loaded TP Android_PVRTCTargetPlatform
[2016.06.02-17.28.21:378][  0]LogTemp:Display: Loaded TP HTML5TargetPlatform
[2016.06.02-17.28.21:490][  0]LogTemp:Display: Loaded TP IOSTargetPlatform
[2016.06.02-17.28.21:508][  0]LogTemp:Display: Loaded TP LinuxNoEditorTargetPlatform
[2016.06.02-17.28.21:557][  0]LogTemp:Display: Loaded TP LinuxServerTargetPlatform
[2016.06.02-17.28.21:612][  0]LogTemp:Display: Loaded TP LinuxTargetPlatform
[2016.06.02-17.28.21:612][  0]LogTargetPlatformManager:Display: Building Assets For Windows
[2016.06.02-17.28.22:501][  0]LogDerivedDataCache:Display: Max Cache Size: 512 MB
[2016.06.02-17.28.23:390][  0]LogDerivedDataCache: Loaded boot cache 0.87s 41MB C:/Users/Samantha/AppData/Local/UnrealEngine/4.10/DerivedDataCache/Boot.ddc.
[2016.06.02-17.28.23:390][  0]LogDerivedDataCache:Display: Loaded Boot cache: C:/Users/Samantha/AppData/Local/UnrealEngine/4.10/DerivedDataCache/Boot.ddc
[2016.06.02-17.28.23:390][  0]LogDerivedDataCache: FDerivedDataBackendGraph:  Pak pak cache file ../../../../../../Users/Samantha/Documents/NewGodKiller/God_Killer_New/God-Killer 4.10/DerivedDataCache/DDC.ddp not found, will not use a pak cache.
[2016.06.02-17.28.23:390][  0]LogDerivedDataCache: Unable to find inner node Pak for hierarchical cache Hierarchy.
[2016.06.02-17.28.23:390][  0]LogDerivedDataCache: FDerivedDataBackendGraph:  CompressedPak pak cache file ../../../../../../Users/Samantha/Documents/NewGodKiller/God_Killer_New/God-Killer 4.10/DerivedDataCache/Compressed.ddp not found, will not use a pak cache.
[2016.06.02-17.28.23:390][  0]LogDerivedDataCache: Unable to find inner node CompressedPak for hierarchical cache Hierarchy.
[2016.06.02-17.28.23:662][  0]LogDerivedDataCache:Display: Pak cache opened for reading ../../../Engine/DerivedDataCache/Compressed.ddp.
[2016.06.02-17.28.23:693][  0]LogDerivedDataCache: Using Local data cache path C:/Users/Samantha/AppData/Local/UnrealEngine/Common/DerivedDataCache: Writable
[2016.06.02-17.28.37:043][  0]LogInit: Selected Device Profile: [Windows]
[2016.06.02-17.28.37:084][  0]LogContentStreaming: Texture pool size is 0.000000MB
[2016.06.02-17.28.37:957][  0]LogMeshUtilities: No automatic mesh reduction module available
[2016.06.02-17.28.37:957][  0]LogMeshUtilities: No automatic mesh merging module available
[2016.06.02-17.28.39:982][  0]LogInit: WinSock: version 1.1 (2.2), MaxSocks=32767, MaxUdp=65467
[2016.06.02-17.29.19:172][  0]UdpMessaging: Initializing bridge on interface 0.0.0.0:0 to multicast group 230.0.0.1:6666.
[2016.06.02-17.29.20:350][  0]LogAssetRegistry: FAssetRegistry took 0.0159 seconds to start up
[2016.06.02-17.29.22:412][  0]SourceControl: Info Source control is disabled
[2016.06.02-17.29.23:595][  0]SourceControl: Info Source control is disabled
[2016.06.02-17.29.23:821][  0]SourceControl: Info Source control is disabled
[2016.06.02-17.29.23:945][  0]SourceControl: Info Source control is disabled
[2016.06.02-17.29.28:105][  0]LogObj: 28633 objects as part of root set at end of initial load.
[2016.06.02-17.29.28:105][  0]LogUObjectAllocator: 6099744 out of 0 bytes used by permanent object pool.
[2016.06.02-17.29.29:335][  0]LogEngine: Initializing Engine...
[2016.06.02-17.29.29:367][  0]LogHMD: Can't find Oculus library dev build: is proper Runtime installed? Version: 0.8.0.0
[2016.06.02-17.29.29:474][  0]LogHMD: SteamVR failed to initialize.  Err: 110
[2016.06.02-17.29.30:131][  0]LogAIModule: Creating AISystem for world NewWorld
[2016.06.02-17.29.30:243][  0]LogInit: XAudio2 using 'Speakers (Realtek High Definition Audio)' : 2 channels at 48 kHz using 32 bits per sample (channel mask 0x3)
[2016.06.02-17.29.30:606][  0]LogInit: FAudioDevice initialized.
[2016.06.02-17.29.30:724][  0]LogDerivedDataCache: Saved boot cache 0.12s 41MB C:/Users/Samantha/AppData/Local/UnrealEngine/4.10/DerivedDataCache/Boot.ddc.
[2016.06.02-17.29.30:741][  0]LogInit: Texture streaming: Enabled
[2016.06.02-17.29.30:859][  0]LogAnalytics: Creating configured Analytics provider AnalyticsET
[2016.06.02-17.29.30:859][  0]LogAnalytics: [UEEditor.Rocket.Release] APIServer = http://et2.epicgames.com/ET2/. AppVersion = 4.10.4-2872498+++depot+UE4-Releases+4.10
[2016.06.02-17.29.30:859][  0]LogAnalytics: [UEEditor.Rocket.Release] SetUserId 46872bea408cfcc0100ac385d2b5ce07|e22a3db169b04f708165eaff958a9646|097015b1-a59a-4201-b460-717027cc9fe8
[2016.06.02-17.29.30:879][  0]LogAnalytics: [UEEditor.Rocket.Release] AnalyticsET::StartSession
[2016.06.02-17.29.31:087][  0]LogInit: Transaction tracking system initialized
[2016.06.02-17.29.31:906][  0]BlueprintLog: New page: Editor Load
[2016.06.02-17.29.35:632][  0]LocalizationService: Info Localization service is disabled
[2016.06.02-17.29.36:924][  0]LogConsoleResponse:Display: 
[2016.06.02-17.29.40:789][  0]LogCook:Display: Done creating registry. It took  0.00s.
[2016.06.02-17.29.41:845][  0]LogFileCache: Scanning file cache for directory 'C:/Users/Samantha/Documents/NewGodKiller/God_Killer_New/God-Killer 4.10/Content/' took 0.31s
[2016.06.02-17.29.42:141][  0]SourceControl: Info Source control is disabled
[2016.06.02-17.29.42:142][  0]Cmd: MAP LOAD FILE="../../../../../../Users/Samantha/Documents/NewGodKiller/God_Killer_New/God-Killer 4.10/Content/Scene/NewCave.umap" TEMPLATE=0 SHOWPROGRESS=1 FEATURELEVEL=3
[2016.06.02-17.29.42:198][  0]LightingResults: New page: Lighting Build
[2016.06.02-17.29.42:267][  0]MapCheck: New page: Map Check
[2016.06.02-17.29.42:267][  0]LightingResults: New page: Lighting Build
[2016.06.02-17.29.42:345][  0]LogParticles: Destroying 0 GPU particle simulations for FXSystem 0x000000458613FB00
[2016.06.02-17.29.45:308][  0]LogBlueprint:Warning: [compiler GnawmerWander] Warning  Get Random Point in Radius  is deprecated; please replace or remove it.
[2016.06.02-17.29.45:312][  0]LogBlueprint:Warning: [compiler GnawmerWander] Warning [0124.57] Compile of GnawmerWander successful, but with 1 Warning(s) [in 8 ms]
[2016.06.02-17.29.45:312][  0]LogBlueprint:Warning: [compiler GnawmerWander] Warning [0124.57] Compile of GnawmerWander successful, but with 2 Warning(s) [in 0 ms]
[2016.06.02-17.29.45:312][  0]LogBlueprint:Warning: [compiler GnawmerWander] Warning [0124.57] Compile of GnawmerWander successful, but with 3 Warning(s) [in 0 ms]
[2016.06.02-17.29.45:707][  0]LogBlueprint:Warning: [compiler Wander2] Warning  Get Random Point in Radius  is deprecated; please replace or remove it.
[2016.06.02-17.29.45:711][  0]LogBlueprint:Warning: [compiler Wander2] Warning [0124.97] Compile of Wander2 successful, but with 1 Warning(s) [in 12 ms]
[2016.06.02-17.29.45:711][  0]LogBlueprint:Warning: [compiler Wander2] Warning [0124.97] Compile of Wander2 successful, but with 2 Warning(s) [in 0 ms]
[2016.06.02-17.29.45:712][  0]LogBlueprint:Warning: [compiler Wander2] Warning [0124.97] Compile of Wander2 successful, but with 3 Warning(s) [in 0 ms]
[2016.06.02-17.29.46:371][  0]LogBlueprint:Warning: [compiler Wander] Warning  Get Random Point in Radius  is deprecated; please replace or remove it.
[2016.06.02-17.29.46:374][  0]LogBlueprint:Warning: [compiler Wander] Warning [0125.64] Compile of Wander successful, but with 1 Warning(s) [in 9 ms]
[2016.06.02-17.29.46:375][  0]LogBlueprint:Warning: [compiler Wander] Warning [0125.64] Compile of Wander successful, but with 2 Warning(s) [in 0 ms]
[2016.06.02-17.29.46:375][  0]LogBlueprint:Warning: [compiler Wander] Warning [0125.64] Compile of Wander successful, but with 3 Warning(s) [in 0 ms]
[2016.06.02-17.29.46:856][  0]LogBlueprint:Warning: [compiler Wander3] Warning  Get Random Point in Radius  is deprecated; please replace or remove it.
[2016.06.02-17.29.46:860][  0]LogBlueprint:Warning: [compiler Wander3] Warning [0126.12] Compile of Wander3 successful, but with 1 Warning(s) [in 8 ms]
[2016.06.02-17.29.46:860][  0]LogBlueprint:Warning: [compiler Wander3] Warning [0126.12] Compile of Wander3 successful, but with 2 Warning(s) [in 0 ms]
[2016.06.02-17.29.46:860][  0]LogBlueprint:Warning: [compiler Wander3] Warning [0126.12] Compile of Wander3 successful, but with 3 Warning(s) [in 0 ms]
[2016.06.02-17.29.48:342][  0]LogBlueprint:Warning: [compiler Gui] Warning 'gnawmers' is already a 'Enemy 1', you don't need  Cast To Enemy1 .
[2016.06.02-17.29.48:360][  0]LogBlueprint:Warning: [compiler Gui] Warning Event Reply  Return Value  should not be empty.  Return a reply such as Handled or Unhandled.
[2016.06.02-17.29.48:361][  0]LogBlueprint:Warning: [compiler Gui] Warning Event Reply  Return Value  should not be empty.  Return a reply such as Handled or Unhandled.
[2016.06.02-17.29.48:369][  0]LogBlueprint:Warning: [compiler Gui] Warning [0127.63] Compile of Gui successful, but with 3 Warning(s) [in 54 ms]
[2016.06.02-17.29.48:369][  0]LogBlueprint:Warning: [compiler Gui] Warning [0127.63] Compile of Gui successful, but with 4 Warning(s) [in 0 ms]
[2016.06.02-17.29.48:369][  0]LogBlueprint:Warning: [compiler Gui] Warning [0127.63] Compile of Gui successful, but with 5 Warning(s) [in 0 ms]
[2016.06.02-17.29.49:053][  0]LogBlueprint:Warning: [compiler GnawmersHealth] Warning 'gnawmers' is already a 'Enemy 1', you don't need  Cast To Enemy1 .
[2016.06.02-17.29.49:054][  0]LogBlueprint:Warning: [compiler GnawmersHealth] Warning [0128.32] Compile of GnawmersHealth successful, but with 1 Warning(s) [in 4 ms]
[2016.06.02-17.29.49:055][  0]LogBlueprint:Warning: [compiler GnawmersHealth] Warning [0128.32] Compile of GnawmersHealth successful, but with 2 Warning(s) [in 0 ms]
[2016.06.02-17.29.49:055][  0]LogBlueprint:Warning: [compiler GnawmersHealth] Warning [0128.32] Compile of GnawmersHealth successful, but with 3 Warning(s) [in 0 ms]
[2016.06.02-17.29.50:562][  0]LogBlueprint:Warning: [compiler Wander4] Warning  Get Random Point in Radius  is deprecated; please replace or remove it.
[2016.06.02-17.29.50:565][  0]LogBlueprint:Warning: [compiler Wander4] Warning [0129.83] Compile of Wander4 successful, but with 1 Warning(s) [in 8 ms]
[2016.06.02-17.29.50:566][  0]LogBlueprint:Warning: [compiler Wander4] Warning [0129.83] Compile of Wander4 successful, but with 2 Warning(s) [in 0 ms]
[2016.06.02-17.29.50:566][  0]LogBlueprint:Warning: [compiler Wander4] Warning [0129.83] Compile of Wander4 successful, but with 3 Warning(s) [in 0 ms]
[2016.06.02-17.29.51:362][  0]LogBlueprint:Warning: [compiler GnawmerWander] Warning  Get Random Point in Radius  is deprecated; please replace or remove it.
[2016.06.02-17.29.51:366][  0]LogBlueprint:Warning: [compiler GnawmerWander] Warning [0130.63] Compile of GnawmerWander successful, but with 1 Warning(s) [in 8 ms]
[2016.06.02-17.29.51:366][  0]LogBlueprint:Warning: [compiler GnawmerWander] Warning [0130.63] Compile of GnawmerWander successful, but with 2 Warning(s) [in 0 ms]
[2016.06.02-17.29.51:366][  0]LogBlueprint:Warning: [compiler GnawmerWander] Warning [0130.63] Compile of GnawmerWander successful, but with 3 Warning(s) [in 0 ms]
[2016.06.02-17.29.51:475][  0]LogBlueprint:Warning: [compiler Wander2] Warning  Get Random Point in Radius  is deprecated; please replace or remove it.
[2016.06.02-17.29.51:479][  0]LogBlueprint:Warning: [compiler Wander2] Warning [0130.74] Compile of Wander2 successful, but with 1 Warning(s) [in 8 ms]
[2016.06.02-17.29.51:479][  0]LogBlueprint:Warning: [compiler Wander2] Warning [0130.74] Compile of Wander2 successful, but with 2 Warning(s) [in 0 ms]
[2016.06.02-17.29.51:479][  0]LogBlueprint:Warning: [compiler Wander2] Warning [0130.74] Compile of Wander2 successful, but with 3 Warning(s) [in 0 ms]
[2016.06.02-17.29.51:590][  0]LogBlueprint:Warning: [compiler Wander] Warning  Get Random Point in Radius  is deprecated; please replace or remove it.
[2016.06.02-17.29.51:595][  0]LogBlueprint:Warning: [compiler Wander] Warning [0130.86] Compile of Wander successful, but with 1 Warning(s) [in 10 ms]
[2016.06.02-17.29.51:595][  0]LogBlueprint:Warning: [compiler Wander] Warning [0130.86] Compile of Wander successful, but with 2 Warning(s) [in 0 ms]
[2016.06.02-17.29.51:595][  0]LogBlueprint:Warning: [compiler Wander] Warning [0130.86] Compile of Wander successful, but with 3 Warning(s) [in 0 ms]
[2016.06.02-17.29.51:697][  0]LogBlueprint:Warning: [compiler Wander3] Warning  Get Random Point in Radius  is deprecated; please replace or remove it.
[2016.06.02-17.29.51:701][  0]LogBlueprint:Warning: [compiler Wander3] Warning [0130.96] Compile of Wander3 successful, but with 1 Warning(s) [in 9 ms]
[2016.06.02-17.29.51:701][  0]LogBlueprint:Warning: [compiler Wander3] Warning [0130.96] Compile of Wander3 successful, but with 2 Warning(s) [in 0 ms]
[2016.06.02-17.29.51:701][  0]LogBlueprint:Warning: [compiler Wander3] Warning [0130.96] Compile of Wander3 successful, but with 3 Warning(s) [in 0 ms]
[2016.06.02-17.29.51:871][  0]LogBlueprint:Warning: [compiler Gui] Warning 'gnawmers' is already a 'Enemy 1', you don't need  Cast To Enemy1 .
[2016.06.02-17.29.51:889][  0]LogBlueprint:Warning: [compiler Gui] Warning Event Reply  Return Value  should not be empty.  Return a reply such as Handled or Unhandled.
[2016.06.02-17.29.51:889][  0]LogBlueprint:Warning: [compiler Gui] Warning Event Reply  Return Value  should not be empty.  Return a reply such as Handled or Unhandled.
[2016.06.02-17.29.51:897][  0]LogBlueprint:Warning: [compiler Gui] Warning [0131.16] Compile of Gui successful, but with 3 Warning(s) [in 44 ms]
[2016.06.02-17.29.51:898][  0]LogBlueprint:Warning: [compiler Gui] Warning [0131.16] Compile of Gui successful, but with 4 Warning(s) [in 0 ms]
[2016.06.02-17.29.51:904][  0]LogBlueprint:Warning: [compiler Gui] Warning [0131.17] Compile of Gui successful, but with 5 Warning(s) [in 6 ms]
[2016.06.02-17.29.51:975][  0]LogBlueprint:Warning: [compiler GnawmersHealth] Warning 'gnawmers' is already a 'Enemy 1', you don't need  Cast To Enemy1 .
[2016.06.02-17.29.51:977][  0]LogBlueprint:Warning: [compiler GnawmersHealth] Warning [0131.24] Compile of GnawmersHealth successful, but with 1 Warning(s) [in 4 ms]
[2016.06.02-17.29.51:977][  0]LogBlueprint:Warning: [compiler GnawmersHealth] Warning [0131.24] Compile of GnawmersHealth successful, but with 2 Warning(s) [in 0 ms]
[2016.06.02-17.29.51:978][  0]LogBlueprint:Warning: [compiler GnawmersHealth] Warning [0131.24] Compile of GnawmersHealth successful, but with 3 Warning(s) [in 0 ms]
[2016.06.02-17.29.52:011][  0]LogBlueprint:Warning: [compiler Wander4] Warning  Get Random Point in Radius  is deprecated; please replace or remove it.
[2016.06.02-17.29.52:014][  0]LogBlueprint:Warning: [compiler Wander4] Warning [0131.28] Compile of Wander4 successful, but with 1 Warning(s) [in 8 ms]
[2016.06.02-17.29.52:015][  0]LogBlueprint:Warning: [compiler Wander4] Warning [0131.28] Compile of Wander4 successful, but with 2 Warning(s) [in 0 ms]
[2016.06.02-17.29.52:015][  0]LogBlueprint:Warning: [compiler Wander4] Warning [0131.28] Compile of Wander4 successful, but with 3 Warning(s) [in 0 ms]
[2016.06.02-17.29.59:746][  0]LogBlueprint:Warning: [compiler NewCave] Warning Node  Unknown  is not referencing a valid level actor
[2016.06.02-17.29.59:755][  0]LogBlueprint:Warning: [compiler NewCave] Warning [0139.02] Compile of NewCave successful, but with 1 Warning(s) [in 249 ms]
[2016.06.02-17.29.59:755][  0]LogBlueprint:Warning: [compiler NewCave] Warning [0139.02] Compile of NewCave successful, but with 2 Warning(s) [in 0 ms]
[2016.06.02-17.29.59:755][  0]LogBlueprint:Warning: [compiler NewCave] Warning [0139.02] Compile of NewCave successful, but with 3 Warning(s) [in 0 ms]
[2016.06.02-17.29.59:894][  0]LogBlueprint:Warning: [compiler NewCave] Warning Node  Unknown  is not referencing a valid level actor
[2016.06.02-17.29.59:904][  0]LogBlueprint:Warning: [compiler NewCave] Warning [0139.17] Compile of NewCave successful, but with 1 Warning(s) [in 128 ms]
[2016.06.02-17.29.59:904][  0]LogBlueprint:Warning: [compiler NewCave] Warning [0139.17] Compile of NewCave successful, but with 2 Warning(s) [in 0 ms]
[2016.06.02-17.29.59:904][  0]LogBlueprint:Warning: [compiler NewCave] Warning [0139.17] Compile of NewCave successful, but with 3 Warning(s) [in 0 ms]
[2016.06.02-17.31.07:058][  0]LogAIModule: Creating AISystem for world NewCave
[2016.06.02-17.31.15:802][  0]LogEditorServer: Finished looking for orphan Actors (0.001 secs)
[2016.06.02-17.31.15:971][  0]Cmd: MAP CHECKDEP NOCLEARLOG
[2016.06.02-17.31.16:547][  0]MapCheck: Info Map check complete: 0 Error(s), 0 Warning(s), took 575.798ms to complete.
[2016.06.02-17.31.16:548][  0]LogFileHelpers: Loading map 'NewCave' took 94.406
[2016.06.02-17.31.17:347][  0]LogCollectionManager: Loaded 0 collections in 0.019087 seconds
[2016.06.02-17.31.17:477][  0]LogFileCache: Scanning file cache for directory 'C:/Users/Samantha/Documents/NewGodKiller/God_Killer_New/God-Killer 4.10/Saved/Collections/' took 0.01s
[2016.06.02-17.31.17:477][  0]LogFileCache: Scanning file cache for directory 'C:/Users/Samantha/Documents/NewGodKiller/God_Killer_New/God-Killer 4.10/Content/Developers/Samantha/Collections/' took 0.01s
[2016.06.02-17.31.17:477][  0]LogFileCache: Scanning file cache for directory 'C:/Users/Samantha/Documents/NewGodKiller/God_Killer_New/God-Killer 4.10/Content/Collections/' took 0.01s
[2016.06.02-17.31.17:477][  0]LogCollectionManager: Rebuilt the GUID cache for 0 collections in 0.000007 seconds
[2016.06.02-17.31.17:516][  0]LogContentBrowser: Native class hierarchy populated in 0.0382 seconds. Added 1893 classes and 338 folders.
[2016.06.02-17.31.17:555][  0]LogContentBrowser: Native class hierarchy updated for 'WidgetCarousel' in 0.0011 seconds. Added 0 classes and 0 folders.
[2016.06.02-17.31.17:706][  0]LogContentBrowser: Native class hierarchy updated for 'AddContentDialog' in 0.0011 seconds. Added 0 classes and 0 folders.
[2016.06.02-17.31.18:241][  0]LogContentBrowser: Native class hierarchy updated for 'SceneOutliner' in 0.0012 seconds. Added 1 classes and 2 folders.
[2016.06.02-17.31.19:025][  0]LogCrashTracker: Crashtracker disabled due to settings.
[2016.06.02-17.31.19:072][  0]LogUObjectGlobals:Warning: Failed to find object 'Class None.'
[2016.06.02-17.31.19:117][  0]LogLoad: Full Startup: 218.38 seconds (BP compile: 4.66 seconds)
[2016.06.02-17.31.19:471][  0]LogOcInput: Can't find Oculus library dev build: is proper Runtime installed? Version: 0.8.0.0
[2016.06.02-17.31.19:473][  0]LoadErrors:Error: Error ActiveClassRedirects contains a collision with multiple redirectors for old class named GameplayCueNotify
[2016.06.02-17.31.19:473][  0]LoadErrors:Error: Error ActiveClassRedirects contains a collision with multiple redirectors for old class named GameplayCueNotify_Blueprint
[2016.06.02-17.31.19:473][  0]LoadErrors:Error: Error ActiveClassRedirects contains a collision with multiple redirectors for old class named RB_BodySetup
[2016.06.02-17.31.19:473][  0]LoadErrors:Error: Error ActiveClassRedirects contains a collision with multiple redirectors for old class named AnimTreeInstance
[2016.06.02-17.31.19:473][  0]LoadErrors:Error: Error ActiveClassRedirects contains a collision with multiple redirectors for old class named VimInstance
[2016.06.02-17.31.19:473][  0]LoadErrors:Error: Error ActiveClassRedirects contains a collision with multiple redirectors for old class named VimBlueprint
[2016.06.02-17.31.19:473][  0]LoadErrors:Error: Error ActiveClassRedirects contains a collision with multiple redirectors for old class named VimGeneratedClass
[2016.06.02-17.31.19:474][  0]LoadErrors:Error: Error ActiveClassRedirects contains a collision with multiple redirectors for old class named VimBlueprintFactory
[2016.06.02-17.31.19:474][  0]LoadErrors:Error: Error ActiveClassRedirects contains a collision with multiple redirectors for old class named ReverbVolume
[2016.06.02-17.31.19:474][  0]LoadErrors:Error: Error ActiveClassRedirects contains a collision with multiple redirectors for old class named ReverbVolumeToggleable
[2016.06.02-17.31.19:474][  0]LoadErrors:Error: Error ActiveClassRedirects contains a collision with multiple redirectors for old class named BlueprintActorBase
[2016.06.02-17.31.19:474][  0]LoadErrors:Error: Error ActiveClassRedirects contains a collision with multiple redirectors for old class named WorldInfo
[2016.06.02-17.31.19:474][  0]LoadErrors:Error: Error ActiveClassRedirects contains a collision with multiple redirectors for old class named RB_Handle
[2016.06.02-17.31.19:475][  0]LoadErrors:Error: Error ActiveClassRedirects contains a collision with multiple redirectors for old class named RB_RadialForceComponent
[2016.06.02-17.31.19:475][  0]LoadErrors:Error: Error ActiveClassRedirects contains a collision with multiple redirectors for old class named SoundMode
[2016.06.02-17.31.19:475][  0]LoadErrors:Error: Error ActiveClassRedirects contains a collision with multiple redirectors for old class named RB_ThrusterComponent
[2016.06.02-17.31.19:475][  0]LoadErrors:Error: Error ActiveClassRedirects contains a collision with multiple redirectors for old class named RB_Thruster
[2016.06.02-17.31.19:475][  0]LoadErrors:Error: Error ActiveClassRedirects contains a collision with multiple redirectors for old class named RB_ConstraintSetup
[2016.06.02-17.31.19:476][  0]LoadErrors:Error: Error ActiveClassRedirects contains a collision with multiple redirectors for old class named RB_BSJointSetup
[2016.06.02-17.31.19:476][  0]LoadErrors:Error: Error ActiveClassRedirects contains a collision with multiple redirectors for old class named RB_HingeSetup
[2016.06.02-17.31.19:476][  0]LoadErrors:Error: Error ActiveClassRedirects contains a collision with multiple redirectors for old class named RB_PrismaticSetup
[2016.06.02-17.31.19:477][  0]LoadErrors:Error: Error ActiveClassRedirects contains a collision with multiple redirectors for old class named RB_SkelJointSetup
[2016.06.02-17.31.19:477][  0]LoadErrors:Error: Error ActiveClassRedirects contains a collision with multiple redirectors for old class named RB_ConstraintComponent
[2016.06.02-17.31.19:477][  0]LoadErrors:Error: Error ActiveClassRedirects contains a collision with multiple redirectors for old class named RB_ConstraintActor
[2016.06.02-17.31.19:477][  0]LoadErrors:Error: Error ActiveClassRedirects contains a collision with multiple redirectors for old class named RB_BSJointActor
[2016.06.02-17.31.19:478][  0]LoadErrors:Error: Error ActiveClassRedirects contains a collision with multiple redirectors for old class named RB_HingeActor
[2016.06.02-17.31.19:480][  0]LoadErrors:Error: Error ActiveClassRedirects contains a collision with multiple redirectors for old class named RB_PrismaticActor
[2016.06.02-17.31.19:480][  0]LoadErrors:Error: Error ActiveClassRedirects contains a collision with multiple redirectors for old class named PhysicsBSJointActor
[2016.06.02-17.31.19:481][  0]LoadErrors:Error: Error ActiveClassRedirects contains a collision with multiple redirectors for old class named PhysicsHingeActor
[2016.06.02-17.31.19:483][  0]LoadErrors:Error: Error ActiveClassRedirects contains a collision with multiple redirectors for old class named PhysicsPrismaticActor
[2016.06.02-17.31.19:484][  0]LoadErrors:Error: Error ActiveClassRedirects contains a collision with multiple redirectors for old class named EMovementMode
[2016.06.02-17.31.19:485][  0]LoadErrors:Error: Error ActiveClassRedirects contains a collision with multiple redirectors for old class named SensingComponent
[2016.06.02-17.31.19:486][  0]LoadErrors:Error: Error ActiveClassRedirects contains a collision with multiple redirectors for old class named MovementComp_Character
[2016.06.02-17.31.19:486][  0]LoadErrors:Error: Error ActiveClassRedirects contains a collision with multiple redirectors for old class named MovementComp_Rotating
[2016.06.02-17.31.19:486][  0]LoadErrors:Error: Error ActiveClassRedirects contains a collision with multiple redirectors for old class named MovementComp_Projectile
[2016.06.02-17.31.19:487][  0]LoadErrors:Error: Error ActiveClassRedirects contains a collision with multiple redirectors for old class named VehicleSim
[2016.06.02-17.31.19:487][  0]LoadErrors:Error: Error ActiveClassRedirects contains a collision with multiple redirectors for old class named VehicleSimNoDrive
[2016.06.02-17.31.19:488][  0]LoadErrors:Error: Error ActiveClassRedirects contains a collision with multiple redirectors for old class named MovementComp_Vehicle
[2016.06.02-17.31.19:488][  0]LoadErrors:Error: Error ActiveClassRedirects contains a collision with multiple redirectors for old class named MovementComp_VehicleNoDrive
[2016.06.02-17.31.19:489][  0]LoadErrors:Error: Error ActiveClassRedirects contains a collision with multiple redirectors for old class named DefaultPawnMovement
[2016.06.02-17.31.19:490][  0]LoadErrors:Error: Error ActiveClassRedirects contains a collision with multiple redirectors for old class named StaticMeshReplicatedComponent
[2016.06.02-17.31.19:490][  0]LoadErrors:Error: Error ActiveClassRedirects contains a collision with multiple redirectors for old class named SkeletalMeshReplicatedComponent
[2016.06.02-17.31.19:491][  0]LoadErrors:Error: Error ActiveClassRedirects contains a collision with multiple redirectors for old class named Vehicle
[2016.06.02-17.31.19:491][  0]LoadErrors:Error: Error ActiveClassRedirects contains a collision with multiple redirectors for old class named VehicleMovementComponent
[2016.06.02-17.31.19:492][  0]LoadErrors:Error: Error ActiveClassRedirects contains a collision with multiple redirectors for old class named VehicleMovementComponent4W
[2016.06.02-17.31.19:493][  0]LoadErrors:Error: Error ActiveClassRedirects contains a collision with multiple redirectors for old suboject named PointLightComponent0 (old class PointLightComponent)
[2016.06.02-17.31.19:493][  0]LoadErrors:Error: Error ActiveClassRedirects contains a collision with multiple redirectors for old suboject named DirectionalLightComponent0 (old class DirectionalLightComponent)
[2016.06.02-17.31.19:494][  0]LoadErrors:Error: Error ActiveClassRedirects contains a collision with multiple redirectors for old suboject named SpotLightComponent0 (old class SpotLightComponent)
[2016.06.02-17.31.19:494][  0]LoadErrors:Error: Error ActiveClassRedirects contains a collision with multiple redirectors for old suboject named SpectatorMovement0 (old class DefaultPawn)
[2016.06.02-17.31.19:495][  0]LoadErrors:Error: Error ActiveClassRedirects contains a collision with multiple redirectors for old suboject named DefaultPawnMovement0 (old class DefaultPawn)
[2016.06.02-17.31.19:495][  0]LoadErrors:Error: Error ActiveClassRedirects contains a collision with multiple redirectors for old class named /Script/BlueprintGraph.K2Node_CastToInterface
[2016.06.02-17.31.19:496][  0]LoadErrors:Error: Error ActiveClassRedirects contains a collision with multiple redirectors for old class named K2Node_CallSuperFunction
[2016.06.02-17.31.19:497][  0]LoadErrors:Error: Error ActiveClassRedirects contains a collision with multiple redirectors for old class named K2Node_MathExpression
[2016.06.02-17.31.19:498][  0]LoadErrors:Error: Error ActiveClassRedirects contains a collision with multiple redirectors for old class named /Script/CoreUObject.K2Node_MathExpression
[2016.06.02-17.31.19:499][  0]LoadErrors:Error: Error ActiveClassRedirects contains a collision with multiple redirectors for old class named K2Node_Comment
[2016.06.02-17.31.19:501][  0]LoadErrors:Error: Error ActiveClassRedirects contains a collision with multiple redirectors for old class named EdGraphNode_Comment
[2016.06.02-17.31.19:501][  0]LoadErrors:Error: Error ActiveClassRedirects contains a collision with multiple redirectors for old class named SpotLightMovable
[2016.06.02-17.31.19:502][  0]LoadErrors:Error: Error ActiveClassRedirects contains a collision with multiple redirectors for old class named SpotLightStatic
[2016.06.02-17.31.19:503][  0]LoadErrors:Error: Error ActiveClassRedirects contains a collision with multiple redirectors for old class named SpotLightStationary
[2016.06.02-17.31.19:503][  0]LoadErrors:Error: Error ActiveClassRedirects contains a collision with multiple redirectors for old class named PointLightMovable
[2016.06.02-17.31.19:504][  0]LoadErrors:Error: Error ActiveClassRedirects contains a collision with multiple redirectors for old class named PointLightStatic
[2016.06.02-17.31.19:505][  0]LoadErrors:Error: Error ActiveClassRedirects contains a collision with multiple redirectors for old class named PointLightStationary
[2016.06.02-17.31.19:505][  0]LoadErrors:Error: Error ActiveClassRedirects contains a collision with multiple redirectors for old class named DirectionalLightMovable
[2016.06.02-17.31.19:506][  0]LoadErrors:Error: Error ActiveClassRedirects contains a collision with multiple redirectors for old class named DirectionalLightStatic
[2016.06.02-17.31.19:507][  0]LoadErrors:Error: Error ActiveClassRedirects contains a collision with multiple redirectors for old class named DirectionalLightStationary
[2016.06.02-17.31.19:508][  0]LoadErrors:Error: Error ActiveClassRedirects contains a collision with multiple redirectors for old class named InterpActor
[2016.06.02-17.31.19:509][  0]LoadErrors:Error: Error ActiveClassRedirects contains a collision with multiple redirectors for old class named PhysicsActor
[2016.06.02-17.31.19:510][  0]LoadErrors:Error: Error ActiveClassRedirects contains a collision with multiple redirectors for old class named SkeletalPhysicsActor
[2016.06.02-17.31.19:511][  0]LoadErrors:Error: Error ActiveClassRedirects contains a collision with multiple redirectors for old class named SingleAnimSkeletalActor
[2016.06.02-17.31.19:511][  0]LoadErrors:Error: Error ActiveClassRedirects contains a collision with multiple redirectors for old class named SingleAnimSkeletalComponent
[2016.06.02-17.31.19:512][  0]LoadErrors:Error: Error ActiveClassRedirects contains a collision with multiple redirectors for old class named DynamicBlockingVolume
[2016.06.02-17.31.19:513][  0]LoadErrors:Error: Error ActiveClassRedirects contains a collision with multiple redirectors for old class named DynamicPhysicsVolume
[2016.06.02-17.31.19:514][  0]LoadErrors:Error: Error ActiveClassRedirects contains a collision with multiple redirectors for old class named DynamicTriggerVolume
[2016.06.02-17.31.19:515][  0]LoadErrors:Error: Error ActiveClassRedirects contains a collision with multiple redirectors for old class named AnimNode_SkeletalControlBase
[2016.06.02-17.31.19:516][  0]LoadErrors:Error: Error ActiveClassRedirects contains a collision with multiple redirectors for old class named AnimNode_TwoBoneIK
[2016.06.02-17.31.19:517][  0]LoadErrors:Error: Error ActiveClassRedirects contains a collision with multiple redirectors for old class named AnimNode_RotationMultiplier
[2016.06.02-17.31.19:518][  0]LoadErrors:Error: Error ActiveClassRedirects contains a collision with multiple redirectors for old class named AnimNode_ModifyBone
[2016.06.02-17.31.19:519][  0]LoadErrors:Error: Error ActiveClassRedirects contains a collision with multiple redirectors for old class named AnimNode_CopyBone
[2016.06.02-17.31.19:520][  0]LoadErrors:Error: Error ActiveClassRedirects contains a collision with multiple redirectors for old class named AnimNode_SpringBone
[2016.06.02-17.31.19:521][  0]LoadErrors:Error: Error ActiveClassRedirects contains a collision with multiple redirectors for old class named NavAreaDefinition
[2016.06.02-17.31.19:522][  0]LoadErrors:Error: Error ActiveClassRedirects contains a collision with multiple redirectors for old class named NavAreaDefault
[2016.06.02-17.31.19:523][  0]LoadErrors:Error: Error ActiveClassRedirects contains a collision with multiple redirectors for old class named NavAreaNull
[2016.06.02-17.31.19:523][  0]LoadErrors:Error: Error ActiveClassRedirects contains a collision with multiple redirectors for old class named SmartNavLinkComponent
[2016.06.02-17.31.19:524][  0]LoadErrors:Error: Error ActiveClassRedirects contains a collision with multiple redirectors for old class named ELockedAxis
[2016.06.02-17.31.19:525][  0]LoadErrors:Error: Error ActiveClassRedirects contains a collision with multiple redirectors for old class named BTTask_RunQuery
[2016.06.02-17.31.19:526][  0]LoadErrors:Error: Error ActiveClassRedirects contains a collision with multiple redirectors for old class named MoveComponentAction
[2016.06.02-17.31.19:527][  0]LoadErrors:Error: Error ActiveClassRedirects contains a collision with multiple redirectors for old class named AIDebugComponent
[2016.06.02-17.31.19:529][  0]LoadErrors:Error: Error ActiveClassRedirects contains a collision with multiple redirectors for old class named MaterialExpressionTerrainLayerCoords
[2016.06.02-17.31.19:530][  0]LoadErrors:Error: Error ActiveClassRedirects contains a collision with multiple redirectors for old class named MaterialExpressionTerrainLayerSwitch
[2016.06.02-17.31.19:532][  0]LoadErrors:Error: Error ActiveClassRedirects contains a collision with multiple redirectors for old class named MaterialExpressionTerrainLayerWeight
[2016.06.02-17.31.19:533][  0]LoadErrors:Error: Error ActiveClassRedirects contains a collision with multiple redirectors for old class named Landscape
[2016.06.02-17.31.19:534][  0]LoadErrors:Error: Error ActiveClassRedirects contains a collision with multiple redirectors for old class named LandscapeGizmoActiveActor
[2016.06.02-17.31.19:535][  0]LoadErrors:Error: Error ActiveClassRedirects contains a collision with multiple redirectors for old class named LandscapeGizmoActor
[2016.06.02-17.31.19:536][  0]LoadErrors:Error: Error ActiveClassRedirects contains a collision with multiple redirectors for old class named LandscapeProxy
[2016.06.02-17.31.19:538][  0]LoadErrors:Error: Error ActiveClassRedirects contains a collision with multiple redirectors for old class named ControlPointMeshComponent
[2016.06.02-17.31.19:539][  0]LoadErrors:Error: Error ActiveClassRedirects contains a collision with multiple redirectors for old class named LandscapeComponent
[2016.06.02-17.31.19:540][  0]LoadErrors:Error: Error ActiveClassRedirects contains a collision with multiple redirectors for old class named LandscapeGizmoRenderComponent
[2016.06.02-17.31.19:541][  0]LoadErrors:Error: Error ActiveClassRedirects contains a collision with multiple redirectors for old class named LandscapeHeightfieldCollisionComponent
[2016.06.02-17.31.19:542][  0]LoadErrors:Error: Error ActiveClassRedirects contains a collision with multiple redirectors for old class named LandscapeInfo
[2016.06.02-17.31.19:544][  0]LoadErrors:Error: Error ActiveClassRedirects contains a collision with multiple redirectors for old class named LandscapeInfoMap
[2016.06.02-17.31.19:545][  0]LoadErrors:Error: Error ActiveClassRedirects contains a collision with multiple redirectors for old class named LandscapeLayerInfoObject
[2016.06.02-17.31.19:546][  0]LoadErrors:Error: Error ActiveClassRedirects contains a collision with multiple redirectors for old class named LandscapeMaterialInstanceConstant
[2016.06.02-17.31.19:548][  0]LoadErrors:Error: Error ActiveClassRedirects contains a collision with multiple redirectors for old class named LandscapeMeshCollisionComponent
[2016.06.02-17.31.19:550][  0]LoadErrors:Error: Error ActiveClassRedirects contains a collision with multiple redirectors for old class named LandscapeSplineControlPoint
[2016.06.02-17.31.19:551][  0]LoadErrors:Error: Error ActiveClassRedirects contains a collision with multiple redirectors for old class named LandscapeSplineSegment
[2016.06.02-17.31.19:552][  0]LoadErrors:Error: Error ActiveClassRedirects contains a collision with multiple redirectors for old class named LandscapeSplinesComponent
[2016.06.02-17.31.19:553][  0]LoadErrors:Error: Error ActiveClassRedirects contains a collision with multiple redirectors for old class named MaterialExpressionLandscapeLayerBlend
[2016.06.02-17.31.19:555][  0]LoadErrors:Error: Error ActiveClassRedirects contains a collision with multiple redirectors for old class named MaterialExpressionLandscapeLayerCoords
[2016.06.02-17.31.19:556][  0]LoadErrors:Error: Error ActiveClassRedirects contains a collision with multiple redirectors for old class named MaterialExpressionLandscapeLayerSwitch
[2016.06.02-17.31.19:557][  0]LoadErrors:Error: Error ActiveClassRedirects contains a collision with multiple redirectors for old class named MaterialExpressionLandscapeLayerWeight
[2016.06.02-17.31.19:558][  0]LoadErrors:Error: Error ActiveClassRedirects contains a collision with multiple redirectors for old class named MaterialExpressionLandscapeVisibilityMask
[2016.06.02-17.31.19:560][  0]LoadErrors:Error: Error ActiveClassRedirects contains a collision with multiple redirectors for old class named ProceduralFoliageActor
[2016.06.02-17.31.19:561][  0]LoadErrors:Error: Error ActiveClassRedirects contains a collision with multiple redirectors for old class named ProceduralFoliage
[2016.06.02-17.31.19:562][  0]LoadErrors:Error: Error ActiveClassRedirects contains a collision with multiple redirectors for old class named AnimationCompressionAlgorithm
[2016.06.02-17.31.19:564][  0]LoadErrors:Error: Error ActiveClassRedirects contains a collision with multiple redirectors for old class named AnimationCompressionAlgorithm_Automatic
[2016.06.02-17.31.19:565][  0]LoadErrors:Error: Error ActiveClassRedirects contains a collision with multiple redirectors for old class named AnimationCompressionAlgorithm_BitwiseCompressOnly
[2016.06.02-17.31.19:566][  0]LoadErrors:Error: Error ActiveClassRedirects contains a collision with multiple redirectors for old class named AnimationCompressionAlgorithm_LeastDestructive
[2016.06.02-17.31.19:568][  0]LoadErrors:Error: Error ActiveClassRedirects contains a collision with multiple redirectors for old class named AnimationCompressionAlgorithm_PerTrackCompression
[2016.06.02-17.31.19:569][  0]LoadErrors:Error: Error ActiveClassRedirects contains a collision with multiple redirectors for old class named AnimationCompressionAlgorithm_RemoveEverySecondKey
[2016.06.02-17.31.19:571][  0]LoadErrors:Error: Error ActiveClassRedirects contains a collision with multiple redirectors for old class named AnimationCompressionAlgorithm_RemoveLinearKeys
[2016.06.02-17.31.19:572][  0]LoadErrors:Error: Error ActiveClassRedirects contains a collision with multiple redirectors for old class named AnimationCompressionAlgorithm_RemoveTrivialKeys
[2016.06.02-17.31.19:573][  0]LoadErrors:Error: Error ActiveClassRedirects contains a collision with multiple redirectors for old class named AnimationCompressionAlgorithm_RevertToRaw
[2016.06.02-17.31.19:575][  0]LoadErrors:Error: Error ActiveClassRedirects contains a collision with multiple redirectors for old class named AIController
[2016.06.02-17.31.19:576][  0]LoadErrors:Error: Error ActiveClassRedirects contains a collision with multiple redirectors for old class named AIResourceInterface
[2016.06.02-17.31.19:577][  0]LoadErrors:Error: Error ActiveClassRedirects contains a collision with multiple redirectors for old class named AISystem
[2016.06.02-17.31.19:580][  0]LoadErrors:Error: Error ActiveClassRedirects contains a collision with multiple redirectors for old class named AITypes
[2016.06.02-17.31.19:583][  0]LoadErrors:Error: Error ActiveClassRedirects contains a collision with multiple redirectors for old class named BrainComponent
[2016.06.02-17.31.19:585][  0]LoadErrors:Error: Error ActiveClassRedirects contains a collision with multiple redirectors for old class named KismetAIAsyncTaskProxy
[2016.06.02-17.31.19:587][  0]LoadErrors:Error: Error ActiveClassRedirects contains a collision with multiple redirectors for old class named KismetAIHelperLibrary
[2016.06.02-17.31.19:589][  0]LoadErrors:Error: Error ActiveClassRedirects contains a collision with multiple redirectors for old class named BehaviorTree
[2016.06.02-17.31.19:590][  0]LoadErrors:Error: Error ActiveClassRedirects contains a collision with multiple redirectors for old class named BehaviorTreeComponent
[2016.06.02-17.31.19:592][  0]LoadErrors:Error: Error ActiveClassRedirects contains a collision with multiple redirectors for old class named BehaviorTreeManager
[2016.06.02-17.31.19:593][  0]LoadErrors:Error: Error ActiveClassRedirects contains a collision with multiple redirectors for old class named BehaviorTreeTypes
[2016.06.02-17.31.19:594][  0]LoadErrors:Error: Error ActiveClassRedirects contains a collision with multiple redirectors for old class named BlackboardComponent
[2016.06.02-17.31.19:596][  0]LoadErrors:Error: Error ActiveClassRedirects contains a collision with multiple redirectors for old class named BlackboardData
[2016.06.02-17.31.19:598][  0]LoadErrors:Error: Error ActiveClassRedirects contains a collision with multiple redirectors for old class named BTAuxiliaryNode
[2016.06.02-17.31.19:599][  0]LoadErrors:Error: Error ActiveClassRedirects contains a collision with multiple redirectors for old class named BTCompositeNode
[2016.06.02-17.31.19:601][  0]LoadErrors:Error: Error ActiveClassRedirects contains a collision with multiple redirectors for old class named BTDecorator
[2016.06.02-17.31.19:603][  0]LoadErrors:Error: Error ActiveClassRedirects contains a collision with multiple redirectors for old class named BTFunctionLibrary
[2016.06.02-17.31.19:604][  0]LoadErrors:Error: Error ActiveClassRedirects contains a collision with multiple redirectors for old class named BTNode
[2016.06.02-17.31.19:606][  0]LoadErrors:Error: Error ActiveClassRedirects contains a collision with multiple redirectors for old class named BTService
[2016.06.02-17.31.19:607][  0]LoadErrors:Error: Error ActiveClassRedirects contains a collision with multiple redirectors for old class named BTTaskNode
[2016.06.02-17.31.19:609][  0]LoadErrors:Error: Error ActiveClassRedirects contains a collision with multiple redirectors for old class named BlackboardKeyAllTypes
[2016.06.02-17.31.19:611][  0]LoadErrors:Error: Error ActiveClassRedirects contains a collision with multiple redirectors for old class named BlackboardKeyType
[2016.06.02-17.31.19:612][  0]LoadErrors:Error: Error ActiveClassRedirects contains a collision with multiple redirectors for old class named BlackboardKeyType_Bool
[2016.06.02-17.31.19:614][  0]LoadErrors:Error: Error ActiveClassRedirects contains a collision with multiple redirectors for old class named BlackboardKeyType_Class
[2016.06.02-17.31.19:616][  0]LoadErrors:Error: Error ActiveClassRedirects contains a collision with multiple redirectors for old class named BlackboardKeyType_Enum
[2016.06.02-17.31.19:618][  0]LoadErrors:Error: Error ActiveClassRedirects contains a collision with multiple redirectors for old class named BlackboardKeyType_Float
[2016.06.02-17.31.19:620][  0]LoadErrors:Error: Error ActiveClassRedirects contains a collision with multiple redirectors for old class named BlackboardKeyType_Int
[2016.06.02-17.31.19:622][  0]LoadErrors:Error: Error ActiveClassRedirects contains a collision with multiple redirectors for old class named BlackboardKeyType_Name
[2016.06.02-17.31.19:624][  0]LoadErrors:Error: Error ActiveClassRedirects contains a collision with multiple redirectors for old class named BlackboardKeyType_NativeEnum
[2016.06.02-17.31.19:627][  0]LoadErrors:Error: Error ActiveClassRedirects contains a collision with multiple redirectors for old class named BlackboardKeyType_Object
[2016.06.02-17.31.19:630][  0]LoadErrors:Error: Error ActiveClassRedirects contains a collision with multiple redirectors for old class named BlackboardKeyType_String
[2016.06.02-17.31.19:633][  0]LoadErrors:Error: Error ActiveClassRedirects contains a collision with multiple redirectors for old class named BlackboardKeyType_Vector
[2016.06.02-17.31.19:635][  0]LoadErrors:Error: Error ActiveClassRedirects contains a collision with multiple redirectors for old class named BTComposite_Selector
[2016.06.02-17.31.19:636][  0]LoadErrors:Error: Error ActiveClassRedirects contains a collision with multiple redirectors for old class named BTComposite_Sequence
[2016.06.02-17.31.19:638][  0]LoadErrors:Error: Error ActiveClassRedirects contains a collision with multiple redirectors for old class named BTComposite_SimpleParallel
[2016.06.02-17.31.19:640][  0]LoadErrors:Error: Error ActiveClassRedirects contains a collision with multiple redirectors for old class named BTDecorator_Blackboard
[2016.06.02-17.31.19:642][  0]LoadErrors:Error: Error ActiveClassRedirects contains a collision with multiple redirectors for old class named BTDecorator_BlackboardBase
[2016.06.02-17.31.19:644][  0]LoadErrors:Error: Error ActiveClassRedirects contains a collision with multiple redirectors for old class named BTDecorator_BlueprintBase
[2016.06.02-17.31.19:646][  0]LoadErrors:Error: Error ActiveClassRedirects contains a collision with multiple redirectors for old class named BTDecorator_CompareBBEntries
[2016.06.02-17.31.19:649][  0]LoadErrors:Error: Error ActiveClassRedirects contains a collision with multiple redirectors for old class named BTDecorator_ConeCheck
[2016.06.02-17.31.19:651][  0]LoadErrors:Error: Error ActiveClassRedirects contains a collision with multiple redirectors for old class named BTDecorator_Cooldown
[2016.06.02-17.31.19:653][  0]LoadErrors:Error: Error ActiveClassRedirects contains a collision with multiple redirectors for old class named BTDecorator_DoesPathExist
[2016.06.02-17.31.19:655][  0]LoadErrors:Error: Error ActiveClassRedirects contains a collision with multiple redirectors for old class named BTDecorator_ForceSuccess
[2016.06.02-17.31.19:657][  0]LoadErrors:Error: Error ActiveClassRedirects contains a collision with multiple redirectors for old class named BTDecorator_KeepInCone
[2016.06.02-17.31.19:659][  0]LoadErrors:Error: Error ActiveClassRedirects contains a collision with multiple redirectors for old class named BTDecorator_Loop
[2016.06.02-17.31.19:661][  0]LoadErrors:Error: Error ActiveClassRedirects contains a collision with multiple redirectors for old class named BTDecorator_Optional
[2016.06.02-17.31.19:663][  0]LoadErrors:Error: Error ActiveClassRedirects contains a collision with multiple redirectors for old class named BTDecorator_ReachedMoveGoal
[2016.06.02-17.31.19:665][  0]LoadErrors:Error: Error ActiveClassRedirects contains a collision with multiple redirectors for old class named BTDecorator_TimeLimit
[2016.06.02-17.31.19:667][  0]LoadErrors:Error: Error ActiveClassRedirects contains a collision with multiple redirectors for old class named BTService_BlackboardBase
[2016.06.02-17.31.19:669][  0]LoadErrors:Error: Error ActiveClassRedirects contains a collision with multiple redirectors for old class named BTService_BlueprintBase
[2016.06.02-17.31.19:671][  0]LoadErrors:Error: Error ActiveClassRedirects contains a collision with multiple redirectors for old class named BTService_DefaultFocus
[2016.06.02-17.31.19:673][  0]LoadErrors:Error: Error ActiveClassRedirects contains a collision with multiple redirectors for old class named BTTask_BlackboardBase
[2016.06.02-17.31.19:675][  0]LoadErrors:Error: Error ActiveClassRedirects contains a collision with multiple redirectors for old class named BTTask_BlueprintBase
[2016.06.02-17.31.19:677][  0]LoadErrors:Error: Error ActiveClassRedirects contains a collision with multiple redirectors for old class named BTTask_MakeNoise
[2016.06.02-17.31.19:679][  0]LoadErrors:Error: Error ActiveClassRedirects contains a collision with multiple redirectors for old class named BTTask_MoveDirectlyToward
[2016.06.02-17.31.19:684][  0]LoadErrors:Error: Error ActiveClassRedirects contains a collision with multiple redirectors for old class named BTTask_MoveTo
[2016.06.02-17.31.19:686][  0]LoadErrors:Error: Error ActiveClassRedirects contains a collision with multiple redirectors for old class named BTTask_PlaySound
[2016.06.02-17.31.19:688][  0]LoadErrors:Error: Error ActiveClassRedirects contains a collision with multiple redirectors for old class named BTTask_RunBehavior
[2016.06.02-17.31.19:690][  0]LoadErrors:Error: Error ActiveClassRedirects contains a collision with multiple redirectors for old class named BTTask_RunEQSQuery
[2016.06.02-17.31.19:692][  0]LoadErrors:Error: Error ActiveClassRedirects contains a collision with multiple redirectors for old class named BTTask_Wait
[2016.06.02-17.31.19:694][  0]LoadErrors:Error: Error ActiveClassRedirects contains a collision with multiple redirectors for old class named EnvQuery
[2016.06.02-17.31.19:696][  0]LoadErrors:Error: Error ActiveClassRedirects contains a collision with multiple redirectors for old class named EnvQueryContext
[2016.06.02-17.31.19:699][  0]LoadErrors:Error: Error ActiveClassRedirects contains a collision with multiple redirectors for old class named EnvQueryGenerator
[2016.06.02-17.31.19:702][  0]LoadErrors:Error: Error ActiveClassRedirects contains a collision with multiple redirectors for old class named EnvQueryManager
[2016.06.02-17.31.19:704][  0]LoadErrors:Error: Error ActiveClassRedirects contains a collision with multiple redirectors for old class named EnvQueryOption
[2016.06.02-17.31.19:706][  0]LoadErrors:Error: Error ActiveClassRedirects contains a collision with multiple redirectors for old class named EnvQueryTest
[2016.06.02-17.31.19:709][  0]LoadErrors:Error: Error ActiveClassRedirects contains a collision with multiple redirectors for old class named EnvQueryTypes
[2016.06.02-17.31.19:712][  0]LoadErrors:Error: Error ActiveClassRedirects contains a collision with multiple redirectors for old class named EQSQueryResultSourceInterface
[2016.06.02-17.31.19:715][  0]LoadErrors:Error: Error ActiveClassRedirects contains a collision with multiple redirectors for old class named EQSRenderingComponent
[2016.06.02-17.31.19:717][  0]LoadErrors:Error: Error ActiveClassRedirects contains a collision with multiple redirectors for old class named EQSTestingPawn
[2016.06.02-17.31.19:720][  0]LoadErrors:Error: Error ActiveClassRedirects contains a collision with multiple redirectors for old class named EnvQueryContext_BlueprintBase
[2016.06.02-17.31.19:722][  0]LoadErrors:Error: Error ActiveClassRedirects contains a collision with multiple redirectors for old class named EnvQueryContext_Item
[2016.06.02-17.31.19:724][  0]LoadErrors:Error: Error ActiveClassRedirects contains a collision with multiple redirectors for old class named EnvQueryContext_Querier
[2016.06.02-17.31.19:726][  0]LoadErrors:Error: Error ActiveClassRedirects contains a collision with multiple redirectors for old class named EnvQueryGenerator_Composite
[2016.06.02-17.31.19:728][  0]LoadErrors:Error: Error ActiveClassRedirects contains a collision with multiple redirectors for old class named EnvQueryGenerator_OnCircle
[2016.06.02-17.31.19:732][  0]LoadErrors:Error: Error ActiveClassRedirects contains a collision with multiple redirectors for old class named EnvQueryGenerator_PathingGrid
[2016.06.02-17.31.19:735][  0]LoadErrors:Error: Error ActiveClassRedirects contains a collision with multiple redirectors for old class named EnvQueryGenerator_ProjectedPoints
[2016.06.02-17.31.19:737][  0]LoadErrors:Error: Error ActiveClassRedirects contains a collision with multiple redirectors for old class named EnvQueryGenerator_SimpleGrid
[2016.06.02-17.31.19:740][  0]LoadErrors:Error: Error ActiveClassRedirects contains a collision with multiple redirectors for old class named EnvQueryAllItemTypes
[2016.06.02-17.31.19:742][  0]LoadErrors:Error: Error ActiveClassRedirects contains a collision with multiple redirectors for old class named EnvQueryItemType
[2016.06.02-17.31.19:744][  0]LoadErrors:Error: Error ActiveClassRedirects contains a collision with multiple redirectors for old class named EnvQueryItemType_Actor
[2016.06.02-17.31.19:747][  0]LoadErrors:Error: Error ActiveClassRedirects contains a collision with multiple redirectors for old class named EnvQueryItemType_ActorBase
[2016.06.02-17.31.19:750][  0]LoadErrors:Error: Error ActiveClassRedirects contains a collision with multiple redirectors for old class named EnvQueryItemType_Direction
[2016.06.02-17.31.19:753][  0]LoadErrors:Error: Error ActiveClassRedirects contains a collision with multiple redirectors for old class named EnvQueryItemType_Point
[2016.06.02-17.31.19:755][  0]LoadErrors:Error: Error ActiveClassRedirects contains a collision with multiple redirectors for old class named EnvQueryItemType_VectorBase
[2016.06.02-17.31.19:757][  0]LoadErrors:Error: Error ActiveClassRedirects contains a collision with multiple redirectors for old class named EnvQueryTest_Distance
[2016.06.02-17.31.19:759][  0]LoadErrors:Error: Error ActiveClassRedirects contains a collision with multiple redirectors for old class named EnvQueryTest_Dot
[2016.06.02-17.31.19:762][  0]LoadErrors:Error: Error ActiveClassRedirects contains a collision with multiple redirectors for old class named EnvQueryTest_Pathfinding
[2016.06.02-17.31.19:765][  0]LoadErrors:Error: Error ActiveClassRedirects contains a collision with multiple redirectors for old class named EnvQueryTest_Trace
[2016.06.02-17.31.19:767][  0]LoadErrors:Error: Error ActiveClassRedirects contains a collision with multiple redirectors for old class named CrowdAgentInterface
[2016.06.02-17.31.19:770][  0]LoadErrors:Error: Error ActiveClassRedirects contains a collision with multiple redirectors for old class named CrowdFollowingComponent
[2016.06.02-17.31.19:772][  0]LoadErrors:Error: Error ActiveClassRedirects contains a collision with multiple redirectors for old class named CrowdManager
[2016.06.02-17.31.19:774][  0]LoadErrors:Error: Error ActiveClassRedirects contains a collision with multiple redirectors for old class named PathFollowingComponent
[2016.06.02-17.31.19:776][  0]LoadErrors:Error: Error ActiveClassRedirects contains a collision with multiple redirectors for old class named PawnSensingComponent
[2016.06.02-17.31.19:779][  0]LoadErrors:Error: Error ActiveClassRedirects contains a collision with multiple redirectors for old class named EditorGameAgnosticSettings
[2016.06.02-17.31.19:782][  0]LoadErrors:Error: Error ActiveClassRedirects contains a collision with multiple redirectors for old class named EditorUserSettings
[2016.06.02-17.31.19:785][  0]LoadErrors:Error: Error ActiveClassRedirects contains a collision with multiple redirectors for old class named SpriteComponent
[2016.06.02-17.31.19:787][  0]LoadErrors:Error: Error ActiveClassRedirects contains a collision with multiple redirectors for old class named MaterialSpriteComponent
[2016.06.02-17.31.19:790][  0]LoadErrors:Error: Error ActiveClassRedirects contains a collision with multiple redirectors for old class named WidgetBlueprint
[2016.06.02-17.31.19:792][  0]LoadErrors:Error: Error ActiveClassRedirects contains a collision with multiple redirectors for old class named SReply
[2016.06.02-17.31.19:795][  0]LoadErrors:Error: Error ActiveClassRedirects contains a collision with multiple redirectors for old class named ScriptComponent
[2016.06.02-17.31.19:798][  0]LoadErrors:Error: Error ActiveClassRedirects contains a collision with multiple redirectors for old class named PaperRenderComponent
[2016.06.02-17.31.19:801][  0]LoadErrors:Error: Error ActiveClassRedirects contains a collision with multiple redirectors for old class named PaperAnimatedRenderComponent
[2016.06.02-17.31.19:803][  0]LoadErrors:Error: Error ActiveClassRedirects contains a collision with multiple redirectors for old class named PaperRenderActor
[2016.06.02-17.31.19:805][  0]LoadErrors:Error: Error ActiveClassRedirects contains a collision with multiple redirectors for old class named PaperTileMapRenderComponent
[2016.06.02-17.31.19:808][  0]LoadErrors:Error: Error ActiveClassRedirects contains a collision with multiple redirectors for old class named PaperSpriteSheet
[2016.06.02-17.31.19:811][  0]LoadErrors:Error: Error ActiveClassRedirects contains a collision with multiple redirectors for old class named ECollisionTraceFlag
[2016.06.02-17.31.19:813][  0]LoadErrors:Error: Error ActiveClassRedirects contains a collision with multiple redirectors for old class named EBodyCollisionResponse
[2016.06.02-17.31.19:816][  0]LoadErrors:Error: Error ActiveClassRedirects contains a collision with multiple redirectors for old class named EPhysicsType
[2016.06.02-17.31.19:818][  0]LoadErrors:Error: Error ActiveClassRedirects contains a collision with multiple redirectors for old class named PlayerCamera
[2016.06.02-17.31.19:821][  0]LoadErrors:Error: Error ActiveClassRedirects contains a collision with multiple redirectors for old class named EModifyFrequency
[2016.06.02-17.31.19:823][  0]LoadErrors:Error: Error ActiveClassRedirects contains a collision with multiple redirectors for old class named EMaterialLightingModel
[2016.06.02-17.31.19:826][  0]LoadErrors:Error: Error ActiveClassRedirects contains a collision with multiple redirectors for old class named GameReplicationInfo
[2016.06.02-17.31.19:830][  0]LoadErrors:Error: Error ActiveClassRedirects contains a collision with multiple redirectors for old class named GameInfo
[2016.06.02-17.31.19:833][  0]LoadErrors:Error: Error ActiveClassRedirects contains a collision with multiple redirectors for old class named PlayerReplicationInfo
[2016.06.02-17.31.19:835][  0]LoadErrors:Error: Error ActiveClassRedirects contains a collision with multiple redirectors for old class named AnimGraphNode_BlendSpace
[2016.06.02-17.31.19:837][  0]LoadErrors:Error: Error ActiveClassRedirects contains a collision with multiple redirectors for old class named AnimNode_BlendSpace
[2016.06.02-17.31.19:840][  0]LoadErrors:Error: Error ActiveClassRedirects contains a collision with multiple redirectors for old class named ETransitionGetterType
[2016.06.02-17.31.19:842][  0]LoadErrors:Error: Error ActiveClassRedirects contains a collision with multiple redirectors for old class named ESlateCheckBoxState
[2016.06.02-17.31.19:845][  0]LoadErrors:Error: Error ActiveClassRedirects contains a collision with multiple redirectors for old class named SlateWidgetStyleAsset
[2016.06.02-17.31.19:849][  0]LoadErrors:Error: Error ActiveClassRedirects contains a collision with multiple redirectors for old class named SlateWidgetStyleContainerBase
[2016.06.02-17.31.19:852][  0]LoadErrors:Error: Error ActiveClassRedirects contains a collision with multiple redirectors for old class named InstancedFoliageSettings
[2016.06.02-17.31.19:854][  0]LoadErrors:Error: Error ActiveClassRedirects contains a collision with multiple redirectors for old class named FoliageType
[2016.06.02-17.31.19:857][  0]LoadErrors:Error: Error ActiveClassRedirects contains a collision with multiple redirectors for old class named FoliageType_InstancedStaticMesh
[2016.06.02-17.31.19:860][  0]LoadErrors:Error: Error ActiveClassRedirects contains a collision with multiple redirectors for old class named InstancedFoliageActor
[2016.06.02-17.31.19:863][  0]LoadErrors:Error: Error ActiveClassRedirects contains a collision with multiple redirectors for old class named InteractiveFoliageComponent
[2016.06.02-17.31.19:866][  0]LoadErrors:Error: Error ActiveClassRedirects contains a collision with multiple redirectors for old class named FoliageVertexColorMask
[2016.06.02-17.31.19:868][  0]LoadErrors:Error: Error ActiveClassRedirects contains a collision with multiple redirectors for old class named EmitterSpawnable
[2016.06.02-17.31.19:871][  0]LoadErrors:Error: Error ActiveClassRedirects contains a collision with multiple redirectors for old class named EBoneSpaces
[2016.06.02-17.31.21:265][  0]LogContentStreaming: Texture pool size now 1000 MB
[2016.06.02-17.31.22:196][  0]LogRenderer: Reallocating scene render targets to support 908x708 (Frame:2).
[2016.06.02-17.31.24:532][  1]Cmd: UpdateLandscapeEditorData -warnings
[2016.06.02-17.31.36:338][ 37]LogAssetRegistry: Asset discovery search completed in 136.0037 seconds
[2016.06.02-17.31.36:338][ 37]LogCollectionManager: Rebuilt the object cache for 0 collections in 0.000003 seconds (found 0 objects)
[2016.06.02-17.31.36:338][ 37]LogCollectionManager: Fixed up redirectors for 0 collections in 0.000060 seconds (updated 0 objects)
[2016.06.02-17.32.06:390][609]LogWindowsTextInputMethodSystem:Display: IME system now deactivated.
[2016.06.02-17.32.06:390][609]LogWindowsTextInputMethodSystem:Display: IME system now deactivated.
[2016.06.02-17.32.07:003][610]Cmd: QUIT_EDITOR
[2016.06.02-17.32.08:227][610]LogExit: Preparing to exit.
[2016.06.02-17.32.10:749][610]LogExit: Editor shut down
[2016.06.02-17.32.10:750][610]LogExit: Transaction tracking system shut down
[2016.06.02-17.32.10:942][610]LogParticles: Destroying 0 GPU particle simulations for FXSystem 0x00000045A269BF60
[2016.06.02-17.32.12:571][610]LogParticles: Destroying 0 GPU particle simulations for FXSystem 0x00000045AF6277E0
[2016.06.02-17.32.12:571][610]LogParticles: Destroying 0 GPU particle simulations for FXSystem 0x00000045B43349A0
[2016.06.02-17.32.12:571][610]LogExit: Object subsystem successfully closed.
[2016.06.02-17.32.12:954][610]LogD3D11RHI: Shutdown
[2016.06.02-17.32.12:954][610]LogD3D11RHI: CleanupD3DDevice
[2016.06.02-17.32.13:717][610]LogD3D11RHI: ~FD3D11DynamicRHI
[2016.06.02-17.32.14:785][610]LogModuleManager: Shutting down and abandoning module CrashTracker (198)
[2016.06.02-17.32.14:785][610]LogModuleManager: Shutting down and abandoning module SuperSearch (197)
[2016.06.02-17.32.14:785][610]LogModuleManager: Shutting down and abandoning module SceneOutliner (196)
[2016.06.02-17.32.14:785][610]LogModuleManager: Shutting down and abandoning module WidgetCarousel (195)
[2016.06.02-17.32.14:854][610]LogModuleManager: Shutting down and abandoning module AddContentDialog (194)
[2016.06.02-17.32.14:941][610]LogModuleManager: Shutting down and abandoning module EditorWidgets (193)
[2016.06.02-17.32.14:941][610]LogModuleManager: Shutting down and abandoning module CollectionManager (192)
[2016.06.02-17.32.14:941][610]LogModuleManager: Shutting down and abandoning module StatsViewer (191)
[2016.06.02-17.32.14:977][610]LogModuleManager: Shutting down and abandoning module FoliageEdit (190)
[2016.06.02-17.32.14:977][610]LogModuleManager: Shutting down and abandoning module LandscapeEditor (189)
[2016.06.02-17.32.15:041][610]LogModuleManager: Shutting down and abandoning module ActorPickerMode (188)
[2016.06.02-17.32.15:042][610]LogModuleManager: Shutting down and abandoning module GeometryMode (187)
[2016.06.02-17.32.15:042][610]LogModuleManager: Shutting down and abandoning module TextureAlignMode (186)
[2016.06.02-17.32.15:042][610]LogModuleManager: Shutting down and abandoning module BspMode (185)
[2016.06.02-17.32.15:042][610]LogModuleManager: Shutting down and abandoning module PlacementMode (184)
[2016.06.02-17.32.15:042][610]LogModuleManager: Shutting down and abandoning module AutomationWorker (183)
[2016.06.02-17.32.15:042][610]LogModuleManager: Shutting down and abandoning module CharacterAI (182)
[2016.06.02-17.32.15:042][610]LogModuleManager: Shutting down and abandoning module SmartSnapping (181)
[2016.06.02-17.32.15:042][610]LogModuleManager: Shutting down and abandoning module ViewportSnapping (180)
[2016.06.02-17.32.15:042][610]LogModuleManager: Shutting down and abandoning module LogVisualizer (179)
[2016.06.02-17.32.15:043][610]LogModuleManager: Shutting down and abandoning module GameProjectGeneration (178)
[2016.06.02-17.32.15:125][610]LogModuleManager: Shutting down and abandoning module IntroTutorials (177)
[2016.06.02-17.32.15:125][610]LogModuleManager: Shutting down and abandoning module EditorLiveStreaming (176)
[2016.06.02-17.32.15:126][610]LogModuleManager: Shutting down and abandoning module IOSPlatformEditor (175)
[2016.06.02-17.32.15:126][610]LogModuleManager: Shutting down and abandoning module HTML5PlatformEditor (174)
[2016.06.02-17.32.15:127][610]LogModuleManager: Shutting down and abandoning module AndroidDeviceDetection (173)
[2016.06.02-17.32.15:564][610]LogModuleManager: Shutting down and abandoning module AndroidPlatformEditor (172)
[2016.06.02-17.32.15:564][610]LogModuleManager: Shutting down and abandoning module IOSRuntimeSettings (171)
[2016.06.02-17.32.15:564][610]LogModuleManager: Shutting down and abandoning module AndroidRuntimeSettings (170)
[2016.06.02-17.32.15:564][610]LogModuleManager: Shutting down and abandoning module MergeActors (169)
[2016.06.02-17.32.15:564][610]LogModuleManager: Shutting down and abandoning module SizeMap (168)
[2016.06.02-17.32.15:564][610]LogModuleManager: Shutting down and abandoning module TreeMap (167)
[2016.06.02-17.32.15:564][610]LogModuleManager: Shutting down and abandoning module ReferenceViewer (166)
[2016.06.02-17.32.15:564][610]LogModuleManager: Shutting down and abandoning module LocalizationService (165)
[2016.06.02-17.32.15:564][610]LogModuleManager: Shutting down and abandoning module LocalizationDashboard (164)
[2016.06.02-17.32.15:564][610]LogModuleManager: Shutting down and abandoning module HardwareTargeting (163)
[2016.06.02-17.32.15:590][610]LogModuleManager: Shutting down and abandoning module DeviceProfileEditor (162)
[2016.06.02-17.32.15:590][610]LogModuleManager: Shutting down and abandoning module UndoHistory (161)
[2016.06.02-17.32.15:591][610]LogModuleManager: Shutting down and abandoning module GameplayTagsEditor (160)
[2016.06.02-17.32.15:591][610]LogModuleManager: Shutting down and abandoning module UserFeedback (159)
[2016.06.02-17.32.15:591][610]LogModuleManager: Shutting down and abandoning module XmlParser (158)
[2016.06.02-17.32.15:591][610]LogModuleManager: Shutting down and abandoning module Blutility (157)
[2016.06.02-17.32.15:591][610]LogModuleManager: Shutting down and abandoning module ProjectTargetPlatformEditor (156)
[2016.06.02-17.32.15:591][610]LogModuleManager: Shutting down and abandoning module ProjectSettingsViewer (155)
[2016.06.02-17.32.15:591][610]LogModuleManager: Shutting down and abandoning module InputBindingEditor (154)
[2016.06.02-17.32.15:620][610]LogModuleManager: Shutting down and abandoning module EditorSettingsViewer (153)
[2016.06.02-17.32.15:621][610]LogModuleManager: Shutting down and abandoning module SettingsEditor (152)
[2016.06.02-17.32.15:621][610]LogModuleManager: Shutting down and abandoning module ProjectLauncher (151)
[2016.06.02-17.32.15:621][610]LogModuleManager: Shutting down and abandoning module SessionFrontend (150)
[2016.06.02-17.32.15:621][610]LogModuleManager: Shutting down and abandoning module ProfilerClient (149)
[2016.06.02-17.32.15:621][610]LogModuleManager: Shutting down and abandoning module TargetDeviceServices (148)
[2016.06.02-17.32.15:621][610]LogModuleManager: Shutting down and abandoning module DeviceManager (147)
[2016.06.02-17.32.15:621][610]LogModuleManager: Shutting down and abandoning module AutomationController (146)
[2016.06.02-17.32.15:621][610]LogModuleManager: Shutting down and abandoning module AutomationWindow (145)
[2016.06.02-17.32.15:621][610]LogModuleManager: Shutting down and abandoning module Layers (144)
[2016.06.02-17.32.15:622][610]LogModuleManager: Shutting down and abandoning module ComponentVisualizers (143)
[2016.06.02-17.32.15:622][610]LogModuleManager: Shutting down and abandoning module DetailCustomizations (142)
[2016.06.02-17.32.15:622][610]LogModuleManager: Shutting down and abandoning module PackagesDialog (141)
[2016.06.02-17.32.15:622][610]LogModuleManager: Shutting down and abandoning module Persona (140)
[2016.06.02-17.32.15:674][610]LogModuleManager: Shutting down and abandoning module Kismet (139)
[2016.06.02-17.32.15:812][610]LogModuleManager: Shutting down and abandoning module GraphEditor (138)
[2016.06.02-17.32.15:968][610]LogModuleManager: Shutting down and abandoning module ClassViewer (137)
[2016.06.02-17.32.16:021][610]LogModuleManager: Shutting down and abandoning module Toolbox (136)
[2016.06.02-17.32.16:022][610]LogModuleManager: Shutting down and abandoning module ModuleUI (135)
[2016.06.02-17.32.16:022][610]LogModuleManager: Shutting down and abandoning module MovieSceneTools (134)
[2016.06.02-17.32.16:022][610]LogModuleManager: Shutting down and abandoning module OutputLog (133)
[2016.06.02-17.32.16:022][610]LogModuleManager: Shutting down and abandoning module GammaUI (132)
[2016.06.02-17.32.16:022][610]LogModuleManager: Shutting down and abandoning module Documentation (131)
[2016.06.02-17.32.16:022][610]LogModuleManager: Shutting down and abandoning module GameLiveStreaming (130)
[2016.06.02-17.32.16:022][610]LogModuleManager: Shutting down and abandoning module StreamingPauseRendering (129)
[2016.06.02-17.32.16:022][610]LogModuleManager: Shutting down and abandoning module AnalyticsET (128)
[2016.06.02-17.32.16:022][610]LogModuleManager: Shutting down and abandoning module Analytics (127)
[2016.06.02-17.32.16:022][610]LogModuleManager: Shutting down and abandoning module AITestSuite (126)
[2016.06.02-17.32.16:022][610]LogModuleManager: Shutting down and abandoning module GameplayDebugger (125)
[2016.06.02-17.32.16:022][610]LogModuleManager: Shutting down and abandoning module AIModule (124)
[2016.06.02-17.32.16:056][610]LogModuleManager: Shutting down and abandoning module ProfilerService (123)
[2016.06.02-17.32.16:204][610]LogModuleManager: Shutting down and abandoning module TaskGraph (122)
[2016.06.02-17.32.16:204][610]LogModuleManager: Shutting down and abandoning module SlateRemote (121)
[2016.06.02-17.32.16:204][610]LogModuleManager: Shutting down and abandoning module SteamVRController (120)
[2016.06.02-17.32.16:204][610]LogModuleManager: Shutting down and abandoning module SteamVR (119)
[2016.06.02-17.32.16:204][610]LogModuleManager: Shutting down and abandoning module ProceduralMeshComponent (118)
[2016.06.02-17.32.16:204][610]LogModuleManager: Shutting down and abandoning module OculusLibrary (117)
[2016.06.02-17.32.16:204][610]LogModuleManager: Shutting down and abandoning module OculusInput (116)
[2016.06.02-17.32.16:204][610]LogModuleManager: Shutting down and abandoning module LeapMotionController (115)
[2016.06.02-17.32.16:257][610]LogModuleManager: Shutting down and abandoning module CustomMeshComponent (114)
[2016.06.02-17.32.16:257][610]LogModuleManager: Shutting down and abandoning module CableComponent (113)
[2016.06.02-17.32.16:257][610]LogModuleManager: Shutting down and abandoning module ArchVisCharacter (112)
[2016.06.02-17.32.16:257][610]LogModuleManager: Shutting down and abandoning module MessagingDebugger (111)
[2016.06.02-17.32.16:257][610]LogModuleManager: Shutting down and abandoning module MediaPlayerEditor (110)
[2016.06.02-17.32.16:258][610]LogModuleManager: Shutting down and abandoning module HTML5Networking (109)
[2016.06.02-17.32.16:259][610]LogModuleManager: Shutting down and abandoning module SpeedTreeImporter (108)
[2016.06.02-17.32.16:259][610]LogModuleManager: Shutting down and abandoning module PluginBrowser (107)
[2016.06.02-17.32.16:259][610]LogModuleManager: Shutting down and abandoning module EpicSurvey (106)
[2016.06.02-17.32.16:259][610]LogModuleManager: Shutting down and abandoning module DesktopPlatform (105)
[2016.06.02-17.32.16:312][610]LogModuleManager: Shutting down and abandoning module VisualStudioSourceCodeAccess (104)
[2016.06.02-17.32.16:312][610]LogModuleManager: Shutting down and abandoning module UObjectPlugin (103)
[2016.06.02-17.32.16:312][610]LogModuleManager: Shutting down and abandoning module SubversionSourceControl (102)
[2016.06.02-17.32.16:312][610]LogModuleManager: Shutting down and abandoning module PerforceSourceControl (101)
[2016.06.02-17.32.16:312][610]LogModuleManager: Shutting down and abandoning module SourceControl (100)
[2016.06.02-17.32.16:339][610]LogModuleManager: Shutting down and abandoning module GitSourceControl (99)
[2016.06.02-17.32.16:339][610]LogModuleManager: Shutting down and abandoning module LightPropagationVolumeEditor (98)
[2016.06.02-17.32.16:339][610]LogModuleManager: Shutting down and abandoning module PaperTiledImporter (97)
[2016.06.02-17.32.16:339][610]LogModuleManager: Shutting down and abandoning module PaperSpriteSheetImporter (96)
[2016.06.02-17.32.16:339][610]LogModuleManager: Shutting down and abandoning module MeshPaint (95)
[2016.06.02-17.32.16:339][610]LogModuleManager: Shutting down and abandoning module SlateReflector (94)
[2016.06.02-17.32.16:339][610]LogModuleManager: Shutting down and abandoning module HotReload (93)
[2016.06.02-17.32.16:339][610]LogModuleManager: Shutting down and abandoning module MainFrame (92)
[2016.06.02-17.32.16:340][610]LogModuleManager: Shutting down and abandoning module LevelEditor (91)
[2016.06.02-17.32.16:374][610]LogModuleManager: Shutting down and abandoning module DirectoryWatcher (90)
[2016.06.02-17.32.16:376][610]LogModuleManager: Shutting down and abandoning module AssetRegistry (89)
[2016.06.02-17.32.16:649][610]LogModuleManager: Shutting down and abandoning module ContentBrowser (88)
[2016.06.02-17.32.16:653][610]LogModuleManager: Shutting down and abandoning module Paper2DEditor (87)
[2016.06.02-17.32.16:653][610]LogModuleManager: Shutting down and abandoning module UdpMessaging (86)
[2016.06.02-17.32.16:754][610]LogModuleManager: Shutting down and abandoning module LightPropagationVolumeRuntime (85)
[2016.06.02-17.32.16:754][610]LogModuleManager: Shutting down and abandoning module Paper2D (84)
[2016.06.02-17.32.16:754][610]LogModuleManager: Shutting down and abandoning module WindowsMoviePlayer (83)
[2016.06.02-17.32.16:768][610]LogModuleManager: Shutting down and abandoning module Media (82)
[2016.06.02-17.32.16:768][610]LogModuleManager: Shutting down and abandoning module WmfMedia (81)
[2016.06.02-17.32.16:791][610]LogModuleManager: Shutting down and abandoning module OnlineBlueprintSupport (80)
[2016.06.02-17.32.16:791][610]LogModuleManager: Shutting down and abandoning module GameplayTasksEditor (79)
[2016.06.02-17.32.16:791][610]LogModuleManager: Shutting down and abandoning module PropertyEditor (78)
[2016.06.02-17.32.16:791][610]LogModuleManager: Shutting down and abandoning module BehaviorTreeEditor (77)
[2016.06.02-17.32.16:791][610]LogModuleManager: Shutting down and abandoning module FunctionalTesting (76)
[2016.06.02-17.32.16:791][610]LogModuleManager: Shutting down and abandoning module CollisionAnalyzer (75)
[2016.06.02-17.32.16:791][610]LogModuleManager: Shutting down and abandoning module WorkspaceMenuStructure (74)
[2016.06.02-17.32.16:791][610]LogModuleManager: Shutting down and abandoning module MessageLog (73)
[2016.06.02-17.32.16:791][610]LogModuleManager: Shutting down and abandoning module Sequencer (72)
[2016.06.02-17.32.16:791][610]LogModuleManager: Shutting down and abandoning module AssetTools (71)
[2016.06.02-17.32.16:791][610]LogModuleManager: Shutting down and abandoning module UMGEditor (70)
[2016.06.02-17.32.16:792][610]LogModuleManager: Shutting down and abandoning module UMG (69)
[2016.06.02-17.32.16:814][610]LogModuleManager: Shutting down and abandoning module Slate (68)
[2016.06.02-17.32.16:814][610]LogModuleManager: Shutting down and abandoning module EditorStyle (67)
[2016.06.02-17.32.16:822][610]LogModuleManager: Shutting down and abandoning module SessionServices (66)
[2016.06.02-17.32.16:822][610]LogModuleManager: Shutting down and abandoning module SourceCodeAccess (65)
[2016.06.02-17.32.16:822][610]LogModuleManager: Shutting down and abandoning module HeadMountedDisplay (64)
[2016.06.02-17.32.16:822][610]LogModuleManager: Shutting down and abandoning module XAudio2 (63)
[2016.06.02-17.32.16:822][610]LogModuleManager: Shutting down and abandoning module Networking (61)
[2016.06.02-17.32.16:822][610]LogModuleManager: Shutting down and abandoning module Core (60)
[2016.06.02-17.32.16:822][610]LogModuleManager: Shutting down and abandoning module KismetCompiler (59)
[2016.06.02-17.32.16:822][610]LogModuleManager: Shutting down and abandoning module PhysXFormats (58)
[2016.06.02-17.32.16:822][610]LogModuleManager: Shutting down and abandoning module MeshUtilities (57)
[2016.06.02-17.32.16:823][610]LogModuleManager: Shutting down and abandoning module DerivedDataCache (56)
[2016.06.02-17.32.16:832][610]LogDerivedDataCache: Shutdown
[2016.06.02-17.32.16:832][610]LogModuleManager: Shutting down and abandoning module ShaderFormatOpenGL (55)
[2016.06.02-17.32.16:832][610]LogModuleManager: Shutting down and abandoning module ShaderFormatD3D (54)
[2016.06.02-17.32.16:832][610]LogModuleManager: Shutting down and abandoning module MetalShaderFormat (53)
[2016.06.02-17.32.16:832][610]LogModuleManager: Shutting down and abandoning module TextureFormatUncompressed (52)
[2016.06.02-17.32.16:832][610]LogModuleManager: Shutting down and abandoning module TextureFormatPVR (51)
[2016.06.02-17.32.16:832][610]LogModuleManager: Shutting down and abandoning module TextureFormatIntelISPCTexComp (50)
[2016.06.02-17.32.16:832][610]LogModuleManager: Shutting down and abandoning module TextureFormatDXT (49)
[2016.06.02-17.32.16:832][610]LogModuleManager: Shutting down and abandoning module ImageWrapper (48)
[2016.06.02-17.32.16:832][610]LogModuleManager: Shutting down and abandoning module TextureFormatASTC (47)
[2016.06.02-17.32.16:832][610]LogModuleManager: Shutting down and abandoning module TextureFormatAndroid (46)
[2016.06.02-17.32.16:832][610]LogModuleManager: Shutting down and abandoning module AudioFormatOpus (45)
[2016.06.02-17.32.16:832][610]LogModuleManager: Shutting down and abandoning module AudioFormatOgg (44)
[2016.06.02-17.32.16:832][610]LogModuleManager: Shutting down and abandoning module AudioFormatADPCM (43)
[2016.06.02-17.32.16:832][610]LogModuleManager: Shutting down and abandoning module LinuxTargetPlatform (42)
[2016.06.02-17.32.16:832][610]LogModuleManager: Shutting down and abandoning module LinuxServerTargetPlatform (41)
[2016.06.02-17.32.16:832][610]LogModuleManager: Shutting down and abandoning module LinuxNoEditorTargetPlatform (40)
[2016.06.02-17.32.16:832][610]LogModuleManager: Shutting down and abandoning module Messaging (39)
[2016.06.02-17.32.16:832][610]LogModuleManager: Shutting down and abandoning module IOSTargetPlatform (38)
[2016.06.02-17.32.16:832][610]LogModuleManager: Shutting down and abandoning module HTML5TargetPlatform (37)
[2016.06.02-17.32.16:832][610]LogModuleManager: Shutting down and abandoning module Android_PVRTCTargetPlatform (36)
[2016.06.02-17.32.16:832][610]LogModuleManager: Shutting down and abandoning module Android_MultiTargetPlatform (35)
[2016.06.02-17.32.16:832][610]LogModuleManager: Shutting down and abandoning module Android_ETC2TargetPlatform (34)
[2016.06.02-17.32.16:832][610]LogModuleManager: Shutting down and abandoning module Android_ETC1TargetPlatform (33)
[2016.06.02-17.32.16:832][610]LogModuleManager: Shutting down and abandoning module Android_DXTTargetPlatform (32)
[2016.06.02-17.32.16:833][610]LogModuleManager: Shutting down and abandoning module Android_ATCTargetPlatform (31)
[2016.06.02-17.32.16:833][610]LogModuleManager: Shutting down and abandoning module Android_ASTCTargetPlatform (30)
[2016.06.02-17.32.16:833][610]LogModuleManager: Shutting down and abandoning module AndroidTargetPlatform (29)
[2016.06.02-17.32.16:833][610]LogModuleManager: Shutting down and abandoning module WindowsTargetPlatform (28)
[2016.06.02-17.32.16:833][610]LogModuleManager: Shutting down and abandoning module WindowsServerTargetPlatform (27)
[2016.06.02-17.32.16:833][610]LogModuleManager: Shutting down and abandoning module WindowsNoEditorTargetPlatform (26)
[2016.06.02-17.32.16:833][610]LogModuleManager: Shutting down and abandoning module WindowsClientTargetPlatform (25)
[2016.06.02-17.32.16:833][610]LogModuleManager: Shutting down and abandoning module AllDesktopTargetPlatform (24)
[2016.06.02-17.32.16:833][610]LogModuleManager: Shutting down and abandoning module TargetPlatform (23)
[2016.06.02-17.32.16:833][610]LogModuleManager: Shutting down and abandoning module InputCore (22)
[2016.06.02-17.32.16:833][610]LogModuleManager: Shutting down and abandoning module Settings (21)
[2016.06.02-17.32.16:833][610]LogModuleManager: Shutting down and abandoning module OnlineSubsystem (19)
[2016.06.02-17.32.16:833][610]LogModuleManager: Shutting down and abandoning module HTTP (18)
[2016.06.02-17.32.18:840][610]LogModuleManager: Shutting down and abandoning module XMPP (17)
[2016.06.02-17.32.18:889][610]LogModuleManager: Shutting down and abandoning module OculusRift (16)
[2016.06.02-17.32.18:910][610]LogModuleManager: Shutting down and abandoning module ExampleDeviceProfileSelector (15)
[2016.06.02-17.32.18:910][610]LogModuleManager: Shutting down and abandoning module TextureCompressor (14)
[2016.06.02-17.32.18:935][610]LogModuleManager: Shutting down and abandoning module ShaderCore (13)
[2016.06.02-17.32.18:935][610]LogModuleManager: Shutting down and abandoning module Landscape (12)
[2016.06.02-17.32.18:935][610]LogModuleManager: Shutting down and abandoning module SlateRHIRenderer (11)
[2016.06.02-17.32.18:991][610]LogModuleManager: Shutting down and abandoning module OpenGLDrv (10)
[2016.06.02-17.32.19:017][610]LogModuleManager: Shutting down and abandoning module D3D11RHI (9)
[2016.06.02-17.32.19:017][610]LogModuleManager: Shutting down and abandoning module AnimGraphRuntime (8)
[2016.06.02-17.32.19:055][610]LogModuleManager: Shutting down and abandoning module Renderer (7)
[2016.06.02-17.32.19:055][610]LogModuleManager: Shutting down and abandoning module Engine (6)
[2016.06.02-17.32.19:055][610]LogModuleManager: Shutting down and abandoning module CoreUObject (5)
[2016.06.02-17.32.19:055][610]LogModuleManager: Shutting down and abandoning module NetworkFile (4)
[2016.06.02-17.32.19:148][610]LogModuleManager: Shutting down and abandoning module StreamingFile (3)
[2016.06.02-17.32.19:192][610]LogModuleManager: Shutting down and abandoning module SandboxFile (2)
[2016.06.02-17.32.19:211][610]LogModuleManager: Shutting down and abandoning module PakFile (1)
[2016.06.02-17.32.19:325][610]LogExit: Exiting.
[2016.06.02-17.32.19:385][610]Log file closed, 06/02/16 10:32:19
