[2016.06.02-17.49.04:477][  0]Log file open, 06/02/16 10:49:04
[2016.06.02-17.49.04:478][  0]LogInit:Display: Running engine for game: GodKiller
[2016.06.02-17.49.04:478][  0]LogPlatformFile: Not using cached read wrapper
[2016.06.02-17.49.04:478][  0]LogInit:Display: RandInit(-213611699) SRandInit(-213611696).
[2016.06.02-17.49.04:478][  0]LogTaskGraph: Started task graph with 4 named threads and 5 total threads.
[2016.06.02-17.49.04:478][  0]LogStats: Stats thread started at 0.121245
[2016.06.02-17.49.04:478][  0]LogInit: Version: 4.10.4-2872498+++depot+UE4-Releases+4.10
[2016.06.02-17.49.04:478][  0]LogInit: API Version: 2758231
[2016.06.02-17.49.04:478][  0]LogInit: Compiled (64-bit): Feb 18 2016 15:47:04
[2016.06.02-17.49.04:478][  0]LogInit: Compiled with Visual C++: 19.00.23026.00
[2016.06.02-17.49.04:478][  0]LogInit: Build Configuration: Development
[2016.06.02-17.49.04:478][  0]LogInit: Branch Name: ++depot+UE4-Releases+4.10
[2016.06.02-17.49.04:478][  0]LogInit: Command line:  
[2016.06.02-17.49.04:478][  0]LogInit: Base directory: C:/Program Files/Epic Games/4.10/Engine/Binaries/Win64/
[2016.06.02-17.49.04:478][  0]LogInit: Rocket: 1
[2016.06.02-17.49.04:499][  0]LogInit: Using libcurl 7.41.0
[2016.06.02-17.49.04:499][  0]LogInit:  - built for x86_64-pc-win32
[2016.06.02-17.49.04:499][  0]LogInit:  - supports SSL with WinSSL
[2016.06.02-17.49.04:499][  0]LogInit:  - other features:
[2016.06.02-17.49.04:499][  0]LogInit:      CURL_VERSION_SSL
[2016.06.02-17.49.04:499][  0]LogInit:      CURL_VERSION_IPV6
[2016.06.02-17.49.04:499][  0]LogInit:      CURL_VERSION_ASYNCHDNS
[2016.06.02-17.49.04:500][  0]LogInit:      CURL_VERSION_LARGEFILE
[2016.06.02-17.49.04:500][  0]LogInit:      CURL_VERSION_IDN
[2016.06.02-17.49.04:500][  0]LogInit:  CurlRequestOptions (configurable via config and command line):
[2016.06.02-17.49.04:500][  0]LogInit:  - bVerifyPeer = true  - Libcurl will verify peer certificate
[2016.06.02-17.49.04:500][  0]LogInit:  - bUseHttpProxy = false  - Libcurl will NOT use HTTP proxy
[2016.06.02-17.49.04:500][  0]LogInit:  - bDontReuseConnections = false  - Libcurl will reuse connections
[2016.06.02-17.49.04:500][  0]LogInit:  - CertBundlePath = nullptr  - Libcurl will use whatever was configured at build time.
[2016.06.02-17.49.04:536][  0]LogInit: Presizing for 0 objects not considered by GC, pre-allocating 0 bytes.
[2016.06.02-17.49.04:559][  0]LogInit: Object subsystem initialized
[2016.06.02-17.49.04:562][  0]LogInit: Selected Device Profile: [Windows]
[2016.06.02-17.49.04:562][  0]LogInit: Applying CVar settings loaded from the selected device profile: [Windows]
[2016.06.02-17.49.04:602][  0]LogInit: Computer: SAMANTHAPC
[2016.06.02-17.49.04:602][  0]LogInit: User: Samantha
[2016.06.02-17.49.04:602][  0]LogInit: CPU Page size=4096, Cores=2
[2016.06.02-17.49.04:602][  0]LogInit: High frequency timer resolution =2.240905 MHz
[2016.06.02-17.49.04:602][  0]LogMemory: Memory total: Physical=5.9GB (6GB approx)
[2016.06.02-17.49.04:602][  0]LogMemory: Platform Memory Stats for Windows
[2016.06.02-17.49.04:602][  0]LogMemory: Process Physical Memory: 55.89 MB used, 55.89 MB peak
[2016.06.02-17.49.04:602][  0]LogMemory: Process Virtual Memory: 56.31 MB used, 56.31 MB peak
[2016.06.02-17.49.04:602][  0]LogMemory: Physical Memory: 2483.95 MB used, 6027.63 MB total
[2016.06.02-17.49.04:602][  0]LogMemory: Virtual Memory: 359.61 MB used, 134217728.00 MB total
[2016.06.02-17.49.04:692][  0]LogTextLocalizationManager: No specific translations for ('en-US') exist, so ('en') translations will be used.
[2016.06.02-17.49.06:762][  0]LogD3D11RHI: Found D3D11 adapter 0: Intel(R) HD Graphics Family (Feature Level 11_0)
[2016.06.02-17.49.06:762][  0]LogD3D11RHI: Adapter has 32MB of dedicated video memory, 0MB of dedicated system memory, and 1760MB of shared system memory, 1 output[s]
[2016.06.02-17.49.06:765][  0]LogD3D11RHI: Found D3D11 adapter 1: Microsoft Basic Render Driver (Feature Level 11_0)
[2016.06.02-17.49.06:766][  0]LogD3D11RHI: Adapter has 0MB of dedicated video memory, 0MB of dedicated system memory, and 256MB of shared system memory, 0 output[s]
[2016.06.02-17.49.06:766][  0]LogD3D11RHI: Chosen D3D11 Adapter Id = 0
[2016.06.02-17.49.06:783][  0]LogD3D11RHI: !Direct3DDevice
[2016.06.02-17.49.06:783][  0]LogRHI: Texture pool is 638 MB (70% of 912 MB)
[2016.06.02-17.49.06:799][  0]LogD3D11RHI: Async texture creation enabled
[2016.06.02-17.49.06:816][  0]LogShaderCompilers: Guid format shader working directory is -38 characters bigger than the processId version (../../../../../../Users/Samantha/Documents/NewGodKiller/God_Killer_New/God-Killer 4.10/Intermediate/Shaders/WorkingDirectory/25872/).
[2016.06.02-17.49.06:817][  0]LogShaderCompilers: Cleaned the shader compiler working directory 'C:/Users/Samantha/AppData/Local/Temp/UnrealShaderWorkingDir/310FDAC74C598F1C978C25825270533E/'.
[2016.06.02-17.49.06:817][  0]LogShaderCompilers:Display: Using Local Shader Compiler.
[2016.06.02-17.49.10:221][  0]LogTemp:Display: Loaded TP AllDesktopTargetPlatform
[2016.06.02-17.49.10:237][  0]LogTemp:Display: Loaded TP WindowsClientTargetPlatform
[2016.06.02-17.49.10:251][  0]LogTemp:Display: Loaded TP WindowsNoEditorTargetPlatform
[2016.06.02-17.49.10:266][  0]LogTemp:Display: Loaded TP WindowsServerTargetPlatform
[2016.06.02-17.49.10:280][  0]LogTemp:Display: Loaded TP WindowsTargetPlatform
[2016.06.02-17.49.10:291][  0]LogTemp:Display: Loaded TP AndroidTargetPlatform
[2016.06.02-17.49.10:305][  0]LogTemp:Display: Loaded TP Android_ASTCTargetPlatform
[2016.06.02-17.49.10:317][  0]LogTemp:Display: Loaded TP Android_ATCTargetPlatform
[2016.06.02-17.49.10:329][  0]LogTemp:Display: Loaded TP Android_DXTTargetPlatform
[2016.06.02-17.49.10:341][  0]LogTemp:Display: Loaded TP Android_ETC1TargetPlatform
[2016.06.02-17.49.10:353][  0]LogTemp:Display: Loaded TP Android_ETC2TargetPlatform
[2016.06.02-17.49.10:378][  0]LogTemp:Display: Loaded TP Android_MultiTargetPlatform
[2016.06.02-17.49.10:378][  0]LogTemp:Display: Loaded TP Android_PVRTCTargetPlatform
[2016.06.02-17.49.10:380][  0]LogTemp:Display: Loaded TP HTML5TargetPlatform
[2016.06.02-17.49.10:411][  0]LogTemp:Display: Loaded TP IOSTargetPlatform
[2016.06.02-17.49.10:422][  0]LogTemp:Display: Loaded TP LinuxNoEditorTargetPlatform
[2016.06.02-17.49.10:436][  0]LogTemp:Display: Loaded TP LinuxServerTargetPlatform
[2016.06.02-17.49.10:448][  0]LogTemp:Display: Loaded TP LinuxTargetPlatform
[2016.06.02-17.49.10:448][  0]LogTargetPlatformManager:Display: Building Assets For Windows
[2016.06.02-17.49.10:692][  0]LogDerivedDataCache:Display: Max Cache Size: 512 MB
[2016.06.02-17.49.10:845][  0]LogDerivedDataCache: Loaded boot cache 0.15s 41MB C:/Users/Samantha/AppData/Local/UnrealEngine/4.10/DerivedDataCache/Boot.ddc.
[2016.06.02-17.49.10:845][  0]LogDerivedDataCache:Display: Loaded Boot cache: C:/Users/Samantha/AppData/Local/UnrealEngine/4.10/DerivedDataCache/Boot.ddc
[2016.06.02-17.49.10:845][  0]LogDerivedDataCache: FDerivedDataBackendGraph:  Pak pak cache file ../../../../../../Users/Samantha/Documents/NewGodKiller/God_Killer_New/God-Killer 4.10/DerivedDataCache/DDC.ddp not found, will not use a pak cache.
[2016.06.02-17.49.10:845][  0]LogDerivedDataCache: Unable to find inner node Pak for hierarchical cache Hierarchy.
[2016.06.02-17.49.10:846][  0]LogDerivedDataCache: FDerivedDataBackendGraph:  CompressedPak pak cache file ../../../../../../Users/Samantha/Documents/NewGodKiller/God_Killer_New/God-Killer 4.10/DerivedDataCache/Compressed.ddp not found, will not use a pak cache.
[2016.06.02-17.49.10:846][  0]LogDerivedDataCache: Unable to find inner node CompressedPak for hierarchical cache Hierarchy.
[2016.06.02-17.49.11:089][  0]LogDerivedDataCache:Display: Pak cache opened for reading ../../../Engine/DerivedDataCache/Compressed.ddp.
[2016.06.02-17.49.11:104][  0]LogDerivedDataCache: Using Local data cache path C:/Users/Samantha/AppData/Local/UnrealEngine/Common/DerivedDataCache: Writable
[2016.06.02-17.49.11:746][  0]LogInit: Selected Device Profile: [Windows]
[2016.06.02-17.49.11:756][  0]LogContentStreaming: Texture pool size is 0.000000MB
[2016.06.02-17.49.12:171][  0]LogMeshUtilities: No automatic mesh reduction module available
[2016.06.02-17.49.12:171][  0]LogMeshUtilities: No automatic mesh merging module available
[2016.06.02-17.49.13:272][  0]LogInit: WinSock: version 1.1 (2.2), MaxSocks=32767, MaxUdp=65467
[2016.06.02-17.49.16:075][  0]UdpMessaging: Initializing bridge on interface 0.0.0.0:0 to multicast group 230.0.0.1:6666.
[2016.06.02-17.49.16:243][  0]LogAssetRegistry: FAssetRegistry took 0.0122 seconds to start up
[2016.06.02-17.49.16:864][  0]SourceControl: Info Source control is disabled
[2016.06.02-17.49.16:897][  0]SourceControl: Info Source control is disabled
[2016.06.02-17.49.16:936][  0]SourceControl: Info Source control is disabled
[2016.06.02-17.49.16:972][  0]SourceControl: Info Source control is disabled
[2016.06.02-17.49.17:679][  0]LogObj: 28633 objects as part of root set at end of initial load.
[2016.06.02-17.49.17:679][  0]LogUObjectAllocator: 6099744 out of 0 bytes used by permanent object pool.
[2016.06.02-17.49.17:883][  0]LogEngine: Initializing Engine...
[2016.06.02-17.49.17:893][  0]LogHMD: Can't find Oculus library dev build: is proper Runtime installed? Version: 0.8.0.0
[2016.06.02-17.49.17:895][  0]LogHMD: SteamVR failed to initialize.  Err: 110
[2016.06.02-17.49.18:385][  0]LogAIModule: Creating AISystem for world NewWorld
[2016.06.02-17.49.18:393][  0]LogInit: XAudio2 using 'Speakers (Realtek High Definition Audio)' : 2 channels at 48 kHz using 32 bits per sample (channel mask 0x3)
[2016.06.02-17.49.18:494][  0]LogInit: FAudioDevice initialized.
[2016.06.02-17.49.18:565][  0]LogDerivedDataCache: Saved boot cache 0.07s 41MB C:/Users/Samantha/AppData/Local/UnrealEngine/4.10/DerivedDataCache/Boot.ddc.
[2016.06.02-17.49.18:582][  0]LogInit: Texture streaming: Enabled
[2016.06.02-17.49.18:598][  0]LogAnalytics: Creating configured Analytics provider AnalyticsET
[2016.06.02-17.49.18:598][  0]LogAnalytics: [UEEditor.Rocket.Release] APIServer = http://et2.epicgames.com/ET2/. AppVersion = 4.10.4-2872498+++depot+UE4-Releases+4.10
[2016.06.02-17.49.18:598][  0]LogAnalytics: [UEEditor.Rocket.Release] SetUserId 46872bea408cfcc0100ac385d2b5ce07|e22a3db169b04f708165eaff958a9646|097015b1-a59a-4201-b460-717027cc9fe8
[2016.06.02-17.49.18:599][  0]LogAnalytics: [UEEditor.Rocket.Release] AnalyticsET::StartSession
[2016.06.02-17.49.18:630][  0]LogInit: Transaction tracking system initialized
[2016.06.02-17.49.18:726][  0]BlueprintLog: New page: Editor Load
[2016.06.02-17.49.18:984][  0]LocalizationService: Info Localization service is disabled
[2016.06.02-17.49.19:191][  0]LogConsoleResponse:Display: 
[2016.06.02-17.49.19:565][  0]LogCook:Display: Done creating registry. It took  0.00s.
[2016.06.02-17.49.19:635][  0]LogFileCache: Scanning file cache for directory 'C:/Users/Samantha/Documents/NewGodKiller/God_Killer_New/God-Killer 4.10/Content/' took 0.04s
[2016.06.02-17.49.19:636][  0]SourceControl: Info Source control is disabled
[2016.06.02-17.49.19:636][  0]Cmd: MAP LOAD FILE="../../../../../../Users/Samantha/Documents/NewGodKiller/God_Killer_New/God-Killer 4.10/Content/Scene/NewCave.umap" TEMPLATE=0 SHOWPROGRESS=1 FEATURELEVEL=3
[2016.06.02-17.49.19:636][  0]LightingResults: New page: Lighting Build
[2016.06.02-17.49.19:638][  0]MapCheck: New page: Map Check
[2016.06.02-17.49.19:638][  0]LightingResults: New page: Lighting Build
[2016.06.02-17.49.19:662][  0]LogParticles: Destroying 0 GPU particle simulations for FXSystem 0x00000085C33BBB00
[2016.06.02-17.49.20:527][  0]LogBlueprint:Warning: [compiler GnawmerWander] Warning  Get Random Point in Radius  is deprecated; please replace or remove it.
[2016.06.02-17.49.20:537][  0]LogBlueprint:Warning: [compiler GnawmerWander] Warning [0018.14] Compile of GnawmerWander successful, but with 1 Warning(s) [in 14 ms]
[2016.06.02-17.49.20:537][  0]LogBlueprint:Warning: [compiler GnawmerWander] Warning [0018.14] Compile of GnawmerWander successful, but with 2 Warning(s) [in 0 ms]
[2016.06.02-17.49.20:537][  0]LogBlueprint:Warning: [compiler GnawmerWander] Warning [0018.14] Compile of GnawmerWander successful, but with 3 Warning(s) [in 0 ms]
[2016.06.02-17.49.20:873][  0]LogBlueprint:Warning: [compiler Wander2] Warning  Get Random Point in Radius  is deprecated; please replace or remove it.
[2016.06.02-17.49.20:876][  0]LogBlueprint:Warning: [compiler Wander2] Warning [0018.48] Compile of Wander2 successful, but with 1 Warning(s) [in 9 ms]
[2016.06.02-17.49.20:876][  0]LogBlueprint:Warning: [compiler Wander2] Warning [0018.48] Compile of Wander2 successful, but with 2 Warning(s) [in 0 ms]
[2016.06.02-17.49.20:877][  0]LogBlueprint:Warning: [compiler Wander2] Warning [0018.48] Compile of Wander2 successful, but with 3 Warning(s) [in 0 ms]
[2016.06.02-17.49.21:328][  0]LogBlueprint:Warning: [compiler Wander] Warning  Get Random Point in Radius  is deprecated; please replace or remove it.
[2016.06.02-17.49.21:331][  0]LogBlueprint:Warning: [compiler Wander] Warning [0018.94] Compile of Wander successful, but with 1 Warning(s) [in 8 ms]
[2016.06.02-17.49.21:331][  0]LogBlueprint:Warning: [compiler Wander] Warning [0018.94] Compile of Wander successful, but with 2 Warning(s) [in 0 ms]
[2016.06.02-17.49.21:332][  0]LogBlueprint:Warning: [compiler Wander] Warning [0018.94] Compile of Wander successful, but with 3 Warning(s) [in 0 ms]
[2016.06.02-17.49.21:667][  0]LogBlueprint:Warning: [compiler Wander3] Warning  Get Random Point in Radius  is deprecated; please replace or remove it.
[2016.06.02-17.49.21:671][  0]LogBlueprint:Warning: [compiler Wander3] Warning [0019.28] Compile of Wander3 successful, but with 1 Warning(s) [in 11 ms]
[2016.06.02-17.49.21:671][  0]LogBlueprint:Warning: [compiler Wander3] Warning [0019.28] Compile of Wander3 successful, but with 2 Warning(s) [in 0 ms]
[2016.06.02-17.49.21:672][  0]LogBlueprint:Warning: [compiler Wander3] Warning [0019.28] Compile of Wander3 successful, but with 3 Warning(s) [in 0 ms]
[2016.06.02-17.49.22:489][  0]LogBlueprint:Warning: [compiler Gui] Warning 'gnawmers' is already a 'Enemy 1', you don't need  Cast To Enemy1 .
[2016.06.02-17.49.22:511][  0]LogBlueprint:Warning: [compiler Gui] Warning Event Reply  Return Value  should not be empty.  Return a reply such as Handled or Unhandled.
[2016.06.02-17.49.22:512][  0]LogBlueprint:Warning: [compiler Gui] Warning Event Reply  Return Value  should not be empty.  Return a reply such as Handled or Unhandled.
[2016.06.02-17.49.22:524][  0]LogBlueprint:Warning: [compiler Gui] Warning [0020.13] Compile of Gui successful, but with 3 Warning(s) [in 57 ms]
[2016.06.02-17.49.22:525][  0]LogBlueprint:Warning: [compiler Gui] Warning [0020.13] Compile of Gui successful, but with 4 Warning(s) [in 0 ms]
[2016.06.02-17.49.22:525][  0]LogBlueprint:Warning: [compiler Gui] Warning [0020.13] Compile of Gui successful, but with 5 Warning(s) [in 0 ms]
[2016.06.02-17.49.23:127][  0]LogBlueprint:Warning: [compiler GnawmersHealth] Warning 'gnawmers' is already a 'Enemy 1', you don't need  Cast To Enemy1 .
[2016.06.02-17.49.23:129][  0]LogBlueprint:Warning: [compiler GnawmersHealth] Warning [0020.74] Compile of GnawmersHealth successful, but with 1 Warning(s) [in 5 ms]
[2016.06.02-17.49.23:130][  0]LogBlueprint:Warning: [compiler GnawmersHealth] Warning [0020.74] Compile of GnawmersHealth successful, but with 2 Warning(s) [in 0 ms]
[2016.06.02-17.49.23:130][  0]LogBlueprint:Warning: [compiler GnawmersHealth] Warning [0020.74] Compile of GnawmersHealth successful, but with 3 Warning(s) [in 0 ms]
[2016.06.02-17.49.24:715][  0]LogBlueprint:Warning: [compiler Wander4] Warning  Get Random Point in Radius  is deprecated; please replace or remove it.
[2016.06.02-17.49.24:718][  0]LogBlueprint:Warning: [compiler Wander4] Warning [0022.33] Compile of Wander4 successful, but with 1 Warning(s) [in 9 ms]
[2016.06.02-17.49.24:718][  0]LogBlueprint:Warning: [compiler Wander4] Warning [0022.33] Compile of Wander4 successful, but with 2 Warning(s) [in 0 ms]
[2016.06.02-17.49.24:719][  0]LogBlueprint:Warning: [compiler Wander4] Warning [0022.33] Compile of Wander4 successful, but with 3 Warning(s) [in 0 ms]
[2016.06.02-17.49.25:709][  0]LogBlueprint:Warning: [compiler GnawmerWander] Warning  Get Random Point in Radius  is deprecated; please replace or remove it.
[2016.06.02-17.49.25:713][  0]LogBlueprint:Warning: [compiler GnawmerWander] Warning [0023.32] Compile of GnawmerWander successful, but with 1 Warning(s) [in 8 ms]
[2016.06.02-17.49.25:713][  0]LogBlueprint:Warning: [compiler GnawmerWander] Warning [0023.32] Compile of GnawmerWander successful, but with 2 Warning(s) [in 0 ms]
[2016.06.02-17.49.25:713][  0]LogBlueprint:Warning: [compiler GnawmerWander] Warning [0023.32] Compile of GnawmerWander successful, but with 3 Warning(s) [in 0 ms]
[2016.06.02-17.49.25:850][  0]LogBlueprint:Warning: [compiler Wander2] Warning  Get Random Point in Radius  is deprecated; please replace or remove it.
[2016.06.02-17.49.25:855][  0]LogBlueprint:Warning: [compiler Wander2] Warning [0023.46] Compile of Wander2 successful, but with 1 Warning(s) [in 9 ms]
[2016.06.02-17.49.25:855][  0]LogBlueprint:Warning: [compiler Wander2] Warning [0023.46] Compile of Wander2 successful, but with 2 Warning(s) [in 0 ms]
[2016.06.02-17.49.25:855][  0]LogBlueprint:Warning: [compiler Wander2] Warning [0023.46] Compile of Wander2 successful, but with 3 Warning(s) [in 0 ms]
[2016.06.02-17.49.25:992][  0]LogBlueprint:Warning: [compiler Wander] Warning  Get Random Point in Radius  is deprecated; please replace or remove it.
[2016.06.02-17.49.25:998][  0]LogBlueprint:Warning: [compiler Wander] Warning [0023.61] Compile of Wander successful, but with 1 Warning(s) [in 10 ms]
[2016.06.02-17.49.25:998][  0]LogBlueprint:Warning: [compiler Wander] Warning [0023.61] Compile of Wander successful, but with 2 Warning(s) [in 0 ms]
[2016.06.02-17.49.25:998][  0]LogBlueprint:Warning: [compiler Wander] Warning [0023.61] Compile of Wander successful, but with 3 Warning(s) [in 0 ms]
[2016.06.02-17.49.26:116][  0]LogBlueprint:Warning: [compiler Wander3] Warning  Get Random Point in Radius  is deprecated; please replace or remove it.
[2016.06.02-17.49.26:119][  0]LogBlueprint:Warning: [compiler Wander3] Warning [0023.73] Compile of Wander3 successful, but with 1 Warning(s) [in 9 ms]
[2016.06.02-17.49.26:120][  0]LogBlueprint:Warning: [compiler Wander3] Warning [0023.73] Compile of Wander3 successful, but with 2 Warning(s) [in 0 ms]
[2016.06.02-17.49.26:120][  0]LogBlueprint:Warning: [compiler Wander3] Warning [0023.73] Compile of Wander3 successful, but with 3 Warning(s) [in 0 ms]
[2016.06.02-17.49.26:310][  0]LogBlueprint:Warning: [compiler Gui] Warning 'gnawmers' is already a 'Enemy 1', you don't need  Cast To Enemy1 .
[2016.06.02-17.49.26:333][  0]LogBlueprint:Warning: [compiler Gui] Warning Event Reply  Return Value  should not be empty.  Return a reply such as Handled or Unhandled.
[2016.06.02-17.49.26:333][  0]LogBlueprint:Warning: [compiler Gui] Warning Event Reply  Return Value  should not be empty.  Return a reply such as Handled or Unhandled.
[2016.06.02-17.49.26:345][  0]LogBlueprint:Warning: [compiler Gui] Warning [0023.95] Compile of Gui successful, but with 3 Warning(s) [in 59 ms]
[2016.06.02-17.49.26:345][  0]LogBlueprint:Warning: [compiler Gui] Warning [0023.95] Compile of Gui successful, but with 4 Warning(s) [in 0 ms]
[2016.06.02-17.49.26:355][  0]LogBlueprint:Warning: [compiler Gui] Warning [0023.96] Compile of Gui successful, but with 5 Warning(s) [in 8 ms]
[2016.06.02-17.49.26:443][  0]LogBlueprint:Warning: [compiler GnawmersHealth] Warning 'gnawmers' is already a 'Enemy 1', you don't need  Cast To Enemy1 .
[2016.06.02-17.49.26:445][  0]LogBlueprint:Warning: [compiler GnawmersHealth] Warning [0024.05] Compile of GnawmersHealth successful, but with 1 Warning(s) [in 5 ms]
[2016.06.02-17.49.26:445][  0]LogBlueprint:Warning: [compiler GnawmersHealth] Warning [0024.05] Compile of GnawmersHealth successful, but with 2 Warning(s) [in 0 ms]
[2016.06.02-17.49.26:446][  0]LogBlueprint:Warning: [compiler GnawmersHealth] Warning [0024.05] Compile of GnawmersHealth successful, but with 3 Warning(s) [in 0 ms]
[2016.06.02-17.49.26:488][  0]LogBlueprint:Warning: [compiler Wander4] Warning  Get Random Point in Radius  is deprecated; please replace or remove it.
[2016.06.02-17.49.26:493][  0]LogBlueprint:Warning: [compiler Wander4] Warning [0024.10] Compile of Wander4 successful, but with 1 Warning(s) [in 11 ms]
[2016.06.02-17.49.26:493][  0]LogBlueprint:Warning: [compiler Wander4] Warning [0024.10] Compile of Wander4 successful, but with 2 Warning(s) [in 0 ms]
[2016.06.02-17.49.26:493][  0]LogBlueprint:Warning: [compiler Wander4] Warning [0024.10] Compile of Wander4 successful, but with 3 Warning(s) [in 0 ms]
[2016.06.02-17.49.30:336][  0]LogBlueprint:Warning: [compiler NewCave] Warning Node  Unknown  is not referencing a valid level actor
[2016.06.02-17.49.30:369][  0]LogBlueprint:Warning: [compiler NewCave] Warning [0027.98] Compile of NewCave successful, but with 1 Warning(s) [in 286 ms]
[2016.06.02-17.49.30:370][  0]LogBlueprint:Warning: [compiler NewCave] Warning [0027.98] Compile of NewCave successful, but with 2 Warning(s) [in 0 ms]
[2016.06.02-17.49.30:370][  0]LogBlueprint:Warning: [compiler NewCave] Warning [0027.98] Compile of NewCave successful, but with 3 Warning(s) [in 0 ms]
[2016.06.02-17.49.30:701][  0]LogBlueprint:Warning: [compiler NewCave] Warning Node  Unknown  is not referencing a valid level actor
[2016.06.02-17.49.30:729][  0]LogBlueprint:Warning: [compiler NewCave] Warning [0028.34] Compile of NewCave successful, but with 1 Warning(s) [in 287 ms]
[2016.06.02-17.49.30:729][  0]LogBlueprint:Warning: [compiler NewCave] Warning [0028.34] Compile of NewCave successful, but with 2 Warning(s) [in 0 ms]
[2016.06.02-17.49.30:730][  0]LogBlueprint:Warning: [compiler NewCave] Warning [0028.34] Compile of NewCave successful, but with 3 Warning(s) [in 0 ms]
[2016.06.02-17.49.36:221][  0]LogAIModule: Creating AISystem for world NewCave
[2016.06.02-17.49.36:585][  0]LogEditorServer: Finished looking for orphan Actors (0.000 secs)
[2016.06.02-17.49.36:628][  0]Cmd: MAP CHECKDEP NOCLEARLOG
[2016.06.02-17.49.36:807][  0]MapCheck: Info Map check complete: 0 Error(s), 0 Warning(s), took 179.275ms to complete.
[2016.06.02-17.49.36:807][  0]LogFileHelpers: Loading map 'NewCave' took 17.172
[2016.06.02-17.49.36:892][  0]LogCollectionManager: Loaded 0 collections in 0.001587 seconds
[2016.06.02-17.49.36:956][  0]LogFileCache: Scanning file cache for directory 'C:/Users/Samantha/Documents/NewGodKiller/God_Killer_New/God-Killer 4.10/Saved/Collections/' took 0.01s
[2016.06.02-17.49.36:956][  0]LogFileCache: Scanning file cache for directory 'C:/Users/Samantha/Documents/NewGodKiller/God_Killer_New/God-Killer 4.10/Content/Developers/Samantha/Collections/' took 0.01s
[2016.06.02-17.49.36:956][  0]LogFileCache: Scanning file cache for directory 'C:/Users/Samantha/Documents/NewGodKiller/God_Killer_New/God-Killer 4.10/Content/Collections/' took 0.01s
[2016.06.02-17.49.36:956][  0]LogCollectionManager: Rebuilt the GUID cache for 0 collections in 0.000006 seconds
[2016.06.02-17.49.36:985][  0]LogContentBrowser: Native class hierarchy populated in 0.0287 seconds. Added 1893 classes and 338 folders.
[2016.06.02-17.49.37:003][  0]LogContentBrowser: Native class hierarchy updated for 'WidgetCarousel' in 0.0010 seconds. Added 0 classes and 0 folders.
[2016.06.02-17.49.37:021][  0]LogContentBrowser: Native class hierarchy updated for 'AddContentDialog' in 0.0014 seconds. Added 0 classes and 0 folders.
[2016.06.02-17.49.37:163][  0]LogContentBrowser: Native class hierarchy updated for 'SceneOutliner' in 0.0012 seconds. Added 1 classes and 2 folders.
[2016.06.02-17.49.37:548][  0]LogCrashTracker: Crashtracker disabled due to settings.
[2016.06.02-17.49.37:561][  0]LogUObjectGlobals:Warning: Failed to find object 'Class None.'
[2016.06.02-17.49.37:591][  0]LogLoad: Full Startup: 35.20 seconds (BP compile: 4.52 seconds)
[2016.06.02-17.49.37:602][  0]LogWindowsTextInputMethodSystem:Display: IME system now deactivated.
[2016.06.02-17.49.37:603][  0]LogWindowsTextInputMethodSystem:Display: IME system now deactivated.
[2016.06.02-17.49.37:613][  0]LogOcInput: Can't find Oculus library dev build: is proper Runtime installed? Version: 0.8.0.0
[2016.06.02-17.49.37:614][  0]LoadErrors:Error: Error ActiveClassRedirects contains a collision with multiple redirectors for old class named GameplayCueNotify
[2016.06.02-17.49.37:614][  0]LoadErrors:Error: Error ActiveClassRedirects contains a collision with multiple redirectors for old class named GameplayCueNotify_Blueprint
[2016.06.02-17.49.37:614][  0]LoadErrors:Error: Error ActiveClassRedirects contains a collision with multiple redirectors for old class named RB_BodySetup
[2016.06.02-17.49.37:614][  0]LoadErrors:Error: Error ActiveClassRedirects contains a collision with multiple redirectors for old class named AnimTreeInstance
[2016.06.02-17.49.37:614][  0]LoadErrors:Error: Error ActiveClassRedirects contains a collision with multiple redirectors for old class named VimInstance
[2016.06.02-17.49.37:614][  0]LoadErrors:Error: Error ActiveClassRedirects contains a collision with multiple redirectors for old class named VimBlueprint
[2016.06.02-17.49.37:615][  0]LoadErrors:Error: Error ActiveClassRedirects contains a collision with multiple redirectors for old class named VimGeneratedClass
[2016.06.02-17.49.37:615][  0]LoadErrors:Error: Error ActiveClassRedirects contains a collision with multiple redirectors for old class named VimBlueprintFactory
[2016.06.02-17.49.37:615][  0]LoadErrors:Error: Error ActiveClassRedirects contains a collision with multiple redirectors for old class named ReverbVolume
[2016.06.02-17.49.37:615][  0]LoadErrors:Error: Error ActiveClassRedirects contains a collision with multiple redirectors for old class named ReverbVolumeToggleable
[2016.06.02-17.49.37:615][  0]LoadErrors:Error: Error ActiveClassRedirects contains a collision with multiple redirectors for old class named BlueprintActorBase
[2016.06.02-17.49.37:615][  0]LoadErrors:Error: Error ActiveClassRedirects contains a collision with multiple redirectors for old class named WorldInfo
[2016.06.02-17.49.37:616][  0]LoadErrors:Error: Error ActiveClassRedirects contains a collision with multiple redirectors for old class named RB_Handle
[2016.06.02-17.49.37:616][  0]LoadErrors:Error: Error ActiveClassRedirects contains a collision with multiple redirectors for old class named RB_RadialForceComponent
[2016.06.02-17.49.37:616][  0]LoadErrors:Error: Error ActiveClassRedirects contains a collision with multiple redirectors for old class named SoundMode
[2016.06.02-17.49.37:616][  0]LoadErrors:Error: Error ActiveClassRedirects contains a collision with multiple redirectors for old class named RB_ThrusterComponent
[2016.06.02-17.49.37:616][  0]LoadErrors:Error: Error ActiveClassRedirects contains a collision with multiple redirectors for old class named RB_Thruster
[2016.06.02-17.49.37:617][  0]LoadErrors:Error: Error ActiveClassRedirects contains a collision with multiple redirectors for old class named RB_ConstraintSetup
[2016.06.02-17.49.37:617][  0]LoadErrors:Error: Error ActiveClassRedirects contains a collision with multiple redirectors for old class named RB_BSJointSetup
[2016.06.02-17.49.37:617][  0]LoadErrors:Error: Error ActiveClassRedirects contains a collision with multiple redirectors for old class named RB_HingeSetup
[2016.06.02-17.49.37:617][  0]LoadErrors:Error: Error ActiveClassRedirects contains a collision with multiple redirectors for old class named RB_PrismaticSetup
[2016.06.02-17.49.37:618][  0]LoadErrors:Error: Error ActiveClassRedirects contains a collision with multiple redirectors for old class named RB_SkelJointSetup
[2016.06.02-17.49.37:618][  0]LoadErrors:Error: Error ActiveClassRedirects contains a collision with multiple redirectors for old class named RB_ConstraintComponent
[2016.06.02-17.49.37:618][  0]LoadErrors:Error: Error ActiveClassRedirects contains a collision with multiple redirectors for old class named RB_ConstraintActor
[2016.06.02-17.49.37:619][  0]LoadErrors:Error: Error ActiveClassRedirects contains a collision with multiple redirectors for old class named RB_BSJointActor
[2016.06.02-17.49.37:619][  0]LoadErrors:Error: Error ActiveClassRedirects contains a collision with multiple redirectors for old class named RB_HingeActor
[2016.06.02-17.49.37:619][  0]LoadErrors:Error: Error ActiveClassRedirects contains a collision with multiple redirectors for old class named RB_PrismaticActor
[2016.06.02-17.49.37:620][  0]LoadErrors:Error: Error ActiveClassRedirects contains a collision with multiple redirectors for old class named PhysicsBSJointActor
[2016.06.02-17.49.37:620][  0]LoadErrors:Error: Error ActiveClassRedirects contains a collision with multiple redirectors for old class named PhysicsHingeActor
[2016.06.02-17.49.37:621][  0]LoadErrors:Error: Error ActiveClassRedirects contains a collision with multiple redirectors for old class named PhysicsPrismaticActor
[2016.06.02-17.49.37:621][  0]LoadErrors:Error: Error ActiveClassRedirects contains a collision with multiple redirectors for old class named EMovementMode
[2016.06.02-17.49.37:622][  0]LoadErrors:Error: Error ActiveClassRedirects contains a collision with multiple redirectors for old class named SensingComponent
[2016.06.02-17.49.37:623][  0]LoadErrors:Error: Error ActiveClassRedirects contains a collision with multiple redirectors for old class named MovementComp_Character
[2016.06.02-17.49.37:623][  0]LoadErrors:Error: Error ActiveClassRedirects contains a collision with multiple redirectors for old class named MovementComp_Rotating
[2016.06.02-17.49.37:624][  0]LoadErrors:Error: Error ActiveClassRedirects contains a collision with multiple redirectors for old class named MovementComp_Projectile
[2016.06.02-17.49.37:624][  0]LoadErrors:Error: Error ActiveClassRedirects contains a collision with multiple redirectors for old class named VehicleSim
[2016.06.02-17.49.37:625][  0]LoadErrors:Error: Error ActiveClassRedirects contains a collision with multiple redirectors for old class named VehicleSimNoDrive
[2016.06.02-17.49.37:625][  0]LoadErrors:Error: Error ActiveClassRedirects contains a collision with multiple redirectors for old class named MovementComp_Vehicle
[2016.06.02-17.49.37:626][  0]LoadErrors:Error: Error ActiveClassRedirects contains a collision with multiple redirectors for old class named MovementComp_VehicleNoDrive
[2016.06.02-17.49.37:626][  0]LoadErrors:Error: Error ActiveClassRedirects contains a collision with multiple redirectors for old class named DefaultPawnMovement
[2016.06.02-17.49.37:627][  0]LoadErrors:Error: Error ActiveClassRedirects contains a collision with multiple redirectors for old class named StaticMeshReplicatedComponent
[2016.06.02-17.49.37:627][  0]LoadErrors:Error: Error ActiveClassRedirects contains a collision with multiple redirectors for old class named SkeletalMeshReplicatedComponent
[2016.06.02-17.49.37:628][  0]LoadErrors:Error: Error ActiveClassRedirects contains a collision with multiple redirectors for old class named Vehicle
[2016.06.02-17.49.37:629][  0]LoadErrors:Error: Error ActiveClassRedirects contains a collision with multiple redirectors for old class named VehicleMovementComponent
[2016.06.02-17.49.37:629][  0]LoadErrors:Error: Error ActiveClassRedirects contains a collision with multiple redirectors for old class named VehicleMovementComponent4W
[2016.06.02-17.49.37:630][  0]LoadErrors:Error: Error ActiveClassRedirects contains a collision with multiple redirectors for old suboject named PointLightComponent0 (old class PointLightComponent)
[2016.06.02-17.49.37:631][  0]LoadErrors:Error: Error ActiveClassRedirects contains a collision with multiple redirectors for old suboject named DirectionalLightComponent0 (old class DirectionalLightComponent)
[2016.06.02-17.49.37:631][  0]LoadErrors:Error: Error ActiveClassRedirects contains a collision with multiple redirectors for old suboject named SpotLightComponent0 (old class SpotLightComponent)
[2016.06.02-17.49.37:632][  0]LoadErrors:Error: Error ActiveClassRedirects contains a collision with multiple redirectors for old suboject named SpectatorMovement0 (old class DefaultPawn)
[2016.06.02-17.49.37:633][  0]LoadErrors:Error: Error ActiveClassRedirects contains a collision with multiple redirectors for old suboject named DefaultPawnMovement0 (old class DefaultPawn)
[2016.06.02-17.49.37:633][  0]LoadErrors:Error: Error ActiveClassRedirects contains a collision with multiple redirectors for old class named /Script/BlueprintGraph.K2Node_CastToInterface
[2016.06.02-17.49.37:634][  0]LoadErrors:Error: Error ActiveClassRedirects contains a collision with multiple redirectors for old class named K2Node_CallSuperFunction
[2016.06.02-17.49.37:634][  0]LoadErrors:Error: Error ActiveClassRedirects contains a collision with multiple redirectors for old class named K2Node_MathExpression
[2016.06.02-17.49.37:635][  0]LoadErrors:Error: Error ActiveClassRedirects contains a collision with multiple redirectors for old class named /Script/CoreUObject.K2Node_MathExpression
[2016.06.02-17.49.37:635][  0]LoadErrors:Error: Error ActiveClassRedirects contains a collision with multiple redirectors for old class named K2Node_Comment
[2016.06.02-17.49.37:636][  0]LoadErrors:Error: Error ActiveClassRedirects contains a collision with multiple redirectors for old class named EdGraphNode_Comment
[2016.06.02-17.49.37:637][  0]LoadErrors:Error: Error ActiveClassRedirects contains a collision with multiple redirectors for old class named SpotLightMovable
[2016.06.02-17.49.37:637][  0]LoadErrors:Error: Error ActiveClassRedirects contains a collision with multiple redirectors for old class named SpotLightStatic
[2016.06.02-17.49.37:638][  0]LoadErrors:Error: Error ActiveClassRedirects contains a collision with multiple redirectors for old class named SpotLightStationary
[2016.06.02-17.49.37:639][  0]LoadErrors:Error: Error ActiveClassRedirects contains a collision with multiple redirectors for old class named PointLightMovable
[2016.06.02-17.49.37:640][  0]LoadErrors:Error: Error ActiveClassRedirects contains a collision with multiple redirectors for old class named PointLightStatic
[2016.06.02-17.49.37:641][  0]LoadErrors:Error: Error ActiveClassRedirects contains a collision with multiple redirectors for old class named PointLightStationary
[2016.06.02-17.49.37:642][  0]LoadErrors:Error: Error ActiveClassRedirects contains a collision with multiple redirectors for old class named DirectionalLightMovable
[2016.06.02-17.49.37:643][  0]LoadErrors:Error: Error ActiveClassRedirects contains a collision with multiple redirectors for old class named DirectionalLightStatic
[2016.06.02-17.49.37:643][  0]LoadErrors:Error: Error ActiveClassRedirects contains a collision with multiple redirectors for old class named DirectionalLightStationary
[2016.06.02-17.49.37:644][  0]LoadErrors:Error: Error ActiveClassRedirects contains a collision with multiple redirectors for old class named InterpActor
[2016.06.02-17.49.37:645][  0]LoadErrors:Error: Error ActiveClassRedirects contains a collision with multiple redirectors for old class named PhysicsActor
[2016.06.02-17.49.37:646][  0]LoadErrors:Error: Error ActiveClassRedirects contains a collision with multiple redirectors for old class named SkeletalPhysicsActor
[2016.06.02-17.49.37:647][  0]LoadErrors:Error: Error ActiveClassRedirects contains a collision with multiple redirectors for old class named SingleAnimSkeletalActor
[2016.06.02-17.49.37:648][  0]LoadErrors:Error: Error ActiveClassRedirects contains a collision with multiple redirectors for old class named SingleAnimSkeletalComponent
[2016.06.02-17.49.37:649][  0]LoadErrors:Error: Error ActiveClassRedirects contains a collision with multiple redirectors for old class named DynamicBlockingVolume
[2016.06.02-17.49.37:650][  0]LoadErrors:Error: Error ActiveClassRedirects contains a collision with multiple redirectors for old class named DynamicPhysicsVolume
[2016.06.02-17.49.37:651][  0]LoadErrors:Error: Error ActiveClassRedirects contains a collision with multiple redirectors for old class named DynamicTriggerVolume
[2016.06.02-17.49.37:652][  0]LoadErrors:Error: Error ActiveClassRedirects contains a collision with multiple redirectors for old class named AnimNode_SkeletalControlBase
[2016.06.02-17.49.37:653][  0]LoadErrors:Error: Error ActiveClassRedirects contains a collision with multiple redirectors for old class named AnimNode_TwoBoneIK
[2016.06.02-17.49.37:653][  0]LoadErrors:Error: Error ActiveClassRedirects contains a collision with multiple redirectors for old class named AnimNode_RotationMultiplier
[2016.06.02-17.49.37:654][  0]LoadErrors:Error: Error ActiveClassRedirects contains a collision with multiple redirectors for old class named AnimNode_ModifyBone
[2016.06.02-17.49.37:655][  0]LoadErrors:Error: Error ActiveClassRedirects contains a collision with multiple redirectors for old class named AnimNode_CopyBone
[2016.06.02-17.49.37:656][  0]LoadErrors:Error: Error ActiveClassRedirects contains a collision with multiple redirectors for old class named AnimNode_SpringBone
[2016.06.02-17.49.37:657][  0]LoadErrors:Error: Error ActiveClassRedirects contains a collision with multiple redirectors for old class named NavAreaDefinition
[2016.06.02-17.49.37:658][  0]LoadErrors:Error: Error ActiveClassRedirects contains a collision with multiple redirectors for old class named NavAreaDefault
[2016.06.02-17.49.37:660][  0]LoadErrors:Error: Error ActiveClassRedirects contains a collision with multiple redirectors for old class named NavAreaNull
[2016.06.02-17.49.37:660][  0]LoadErrors:Error: Error ActiveClassRedirects contains a collision with multiple redirectors for old class named SmartNavLinkComponent
[2016.06.02-17.49.37:662][  0]LoadErrors:Error: Error ActiveClassRedirects contains a collision with multiple redirectors for old class named ELockedAxis
[2016.06.02-17.49.37:662][  0]LoadErrors:Error: Error ActiveClassRedirects contains a collision with multiple redirectors for old class named BTTask_RunQuery
[2016.06.02-17.49.37:663][  0]LoadErrors:Error: Error ActiveClassRedirects contains a collision with multiple redirectors for old class named MoveComponentAction
[2016.06.02-17.49.37:664][  0]LoadErrors:Error: Error ActiveClassRedirects contains a collision with multiple redirectors for old class named AIDebugComponent
[2016.06.02-17.49.37:665][  0]LoadErrors:Error: Error ActiveClassRedirects contains a collision with multiple redirectors for old class named MaterialExpressionTerrainLayerCoords
[2016.06.02-17.49.37:666][  0]LoadErrors:Error: Error ActiveClassRedirects contains a collision with multiple redirectors for old class named MaterialExpressionTerrainLayerSwitch
[2016.06.02-17.49.37:668][  0]LoadErrors:Error: Error ActiveClassRedirects contains a collision with multiple redirectors for old class named MaterialExpressionTerrainLayerWeight
[2016.06.02-17.49.37:669][  0]LoadErrors:Error: Error ActiveClassRedirects contains a collision with multiple redirectors for old class named Landscape
[2016.06.02-17.49.37:670][  0]LoadErrors:Error: Error ActiveClassRedirects contains a collision with multiple redirectors for old class named LandscapeGizmoActiveActor
[2016.06.02-17.49.37:671][  0]LoadErrors:Error: Error ActiveClassRedirects contains a collision with multiple redirectors for old class named LandscapeGizmoActor
[2016.06.02-17.49.37:672][  0]LoadErrors:Error: Error ActiveClassRedirects contains a collision with multiple redirectors for old class named LandscapeProxy
[2016.06.02-17.49.37:674][  0]LoadErrors:Error: Error ActiveClassRedirects contains a collision with multiple redirectors for old class named ControlPointMeshComponent
[2016.06.02-17.49.37:675][  0]LoadErrors:Error: Error ActiveClassRedirects contains a collision with multiple redirectors for old class named LandscapeComponent
[2016.06.02-17.49.37:677][  0]LoadErrors:Error: Error ActiveClassRedirects contains a collision with multiple redirectors for old class named LandscapeGizmoRenderComponent
[2016.06.02-17.49.37:677][  0]LoadErrors:Error: Error ActiveClassRedirects contains a collision with multiple redirectors for old class named LandscapeHeightfieldCollisionComponent
[2016.06.02-17.49.37:679][  0]LoadErrors:Error: Error ActiveClassRedirects contains a collision with multiple redirectors for old class named LandscapeInfo
[2016.06.02-17.49.37:681][  0]LoadErrors:Error: Error ActiveClassRedirects contains a collision with multiple redirectors for old class named LandscapeInfoMap
[2016.06.02-17.49.37:682][  0]LoadErrors:Error: Error ActiveClassRedirects contains a collision with multiple redirectors for old class named LandscapeLayerInfoObject
[2016.06.02-17.49.37:684][  0]LoadErrors:Error: Error ActiveClassRedirects contains a collision with multiple redirectors for old class named LandscapeMaterialInstanceConstant
[2016.06.02-17.49.37:686][  0]LoadErrors:Error: Error ActiveClassRedirects contains a collision with multiple redirectors for old class named LandscapeMeshCollisionComponent
[2016.06.02-17.49.37:688][  0]LoadErrors:Error: Error ActiveClassRedirects contains a collision with multiple redirectors for old class named LandscapeSplineControlPoint
[2016.06.02-17.49.37:689][  0]LoadErrors:Error: Error ActiveClassRedirects contains a collision with multiple redirectors for old class named LandscapeSplineSegment
[2016.06.02-17.49.37:692][  0]LoadErrors:Error: Error ActiveClassRedirects contains a collision with multiple redirectors for old class named LandscapeSplinesComponent
[2016.06.02-17.49.37:695][  0]LoadErrors:Error: Error ActiveClassRedirects contains a collision with multiple redirectors for old class named MaterialExpressionLandscapeLayerBlend
[2016.06.02-17.49.37:701][  0]LoadErrors:Error: Error ActiveClassRedirects contains a collision with multiple redirectors for old class named MaterialExpressionLandscapeLayerCoords
[2016.06.02-17.49.37:703][  0]LoadErrors:Error: Error ActiveClassRedirects contains a collision with multiple redirectors for old class named MaterialExpressionLandscapeLayerSwitch
[2016.06.02-17.49.37:704][  0]LoadErrors:Error: Error ActiveClassRedirects contains a collision with multiple redirectors for old class named MaterialExpressionLandscapeLayerWeight
[2016.06.02-17.49.37:707][  0]LoadErrors:Error: Error ActiveClassRedirects contains a collision with multiple redirectors for old class named MaterialExpressionLandscapeVisibilityMask
[2016.06.02-17.49.37:708][  0]LoadErrors:Error: Error ActiveClassRedirects contains a collision with multiple redirectors for old class named ProceduralFoliageActor
[2016.06.02-17.49.37:710][  0]LoadErrors:Error: Error ActiveClassRedirects contains a collision with multiple redirectors for old class named ProceduralFoliage
[2016.06.02-17.49.37:711][  0]LoadErrors:Error: Error ActiveClassRedirects contains a collision with multiple redirectors for old class named AnimationCompressionAlgorithm
[2016.06.02-17.49.37:712][  0]LoadErrors:Error: Error ActiveClassRedirects contains a collision with multiple redirectors for old class named AnimationCompressionAlgorithm_Automatic
[2016.06.02-17.49.37:713][  0]LoadErrors:Error: Error ActiveClassRedirects contains a collision with multiple redirectors for old class named AnimationCompressionAlgorithm_BitwiseCompressOnly
[2016.06.02-17.49.37:715][  0]LoadErrors:Error: Error ActiveClassRedirects contains a collision with multiple redirectors for old class named AnimationCompressionAlgorithm_LeastDestructive
[2016.06.02-17.49.37:716][  0]LoadErrors:Error: Error ActiveClassRedirects contains a collision with multiple redirectors for old class named AnimationCompressionAlgorithm_PerTrackCompression
[2016.06.02-17.49.37:717][  0]LoadErrors:Error: Error ActiveClassRedirects contains a collision with multiple redirectors for old class named AnimationCompressionAlgorithm_RemoveEverySecondKey
[2016.06.02-17.49.37:719][  0]LoadErrors:Error: Error ActiveClassRedirects contains a collision with multiple redirectors for old class named AnimationCompressionAlgorithm_RemoveLinearKeys
[2016.06.02-17.49.37:721][  0]LoadErrors:Error: Error ActiveClassRedirects contains a collision with multiple redirectors for old class named AnimationCompressionAlgorithm_RemoveTrivialKeys
[2016.06.02-17.49.37:723][  0]LoadErrors:Error: Error ActiveClassRedirects contains a collision with multiple redirectors for old class named AnimationCompressionAlgorithm_RevertToRaw
[2016.06.02-17.49.37:725][  0]LoadErrors:Error: Error ActiveClassRedirects contains a collision with multiple redirectors for old class named AIController
[2016.06.02-17.49.37:726][  0]LoadErrors:Error: Error ActiveClassRedirects contains a collision with multiple redirectors for old class named AIResourceInterface
[2016.06.02-17.49.37:728][  0]LoadErrors:Error: Error ActiveClassRedirects contains a collision with multiple redirectors for old class named AISystem
[2016.06.02-17.49.37:729][  0]LoadErrors:Error: Error ActiveClassRedirects contains a collision with multiple redirectors for old class named AITypes
[2016.06.02-17.49.37:732][  0]LoadErrors:Error: Error ActiveClassRedirects contains a collision with multiple redirectors for old class named BrainComponent
[2016.06.02-17.49.37:734][  0]LoadErrors:Error: Error ActiveClassRedirects contains a collision with multiple redirectors for old class named KismetAIAsyncTaskProxy
[2016.06.02-17.49.37:735][  0]LoadErrors:Error: Error ActiveClassRedirects contains a collision with multiple redirectors for old class named KismetAIHelperLibrary
[2016.06.02-17.49.37:737][  0]LoadErrors:Error: Error ActiveClassRedirects contains a collision with multiple redirectors for old class named BehaviorTree
[2016.06.02-17.49.37:738][  0]LoadErrors:Error: Error ActiveClassRedirects contains a collision with multiple redirectors for old class named BehaviorTreeComponent
[2016.06.02-17.49.37:740][  0]LoadErrors:Error: Error ActiveClassRedirects contains a collision with multiple redirectors for old class named BehaviorTreeManager
[2016.06.02-17.49.37:742][  0]LoadErrors:Error: Error ActiveClassRedirects contains a collision with multiple redirectors for old class named BehaviorTreeTypes
[2016.06.02-17.49.37:744][  0]LoadErrors:Error: Error ActiveClassRedirects contains a collision with multiple redirectors for old class named BlackboardComponent
[2016.06.02-17.49.37:746][  0]LoadErrors:Error: Error ActiveClassRedirects contains a collision with multiple redirectors for old class named BlackboardData
[2016.06.02-17.49.37:748][  0]LoadErrors:Error: Error ActiveClassRedirects contains a collision with multiple redirectors for old class named BTAuxiliaryNode
[2016.06.02-17.49.37:750][  0]LoadErrors:Error: Error ActiveClassRedirects contains a collision with multiple redirectors for old class named BTCompositeNode
[2016.06.02-17.49.37:753][  0]LoadErrors:Error: Error ActiveClassRedirects contains a collision with multiple redirectors for old class named BTDecorator
[2016.06.02-17.49.37:755][  0]LoadErrors:Error: Error ActiveClassRedirects contains a collision with multiple redirectors for old class named BTFunctionLibrary
[2016.06.02-17.49.37:757][  0]LoadErrors:Error: Error ActiveClassRedirects contains a collision with multiple redirectors for old class named BTNode
[2016.06.02-17.49.37:759][  0]LoadErrors:Error: Error ActiveClassRedirects contains a collision with multiple redirectors for old class named BTService
[2016.06.02-17.49.37:761][  0]LoadErrors:Error: Error ActiveClassRedirects contains a collision with multiple redirectors for old class named BTTaskNode
[2016.06.02-17.49.37:763][  0]LoadErrors:Error: Error ActiveClassRedirects contains a collision with multiple redirectors for old class named BlackboardKeyAllTypes
[2016.06.02-17.49.37:765][  0]LoadErrors:Error: Error ActiveClassRedirects contains a collision with multiple redirectors for old class named BlackboardKeyType
[2016.06.02-17.49.37:766][  0]LoadErrors:Error: Error ActiveClassRedirects contains a collision with multiple redirectors for old class named BlackboardKeyType_Bool
[2016.06.02-17.49.37:768][  0]LoadErrors:Error: Error ActiveClassRedirects contains a collision with multiple redirectors for old class named BlackboardKeyType_Class
[2016.06.02-17.49.37:769][  0]LoadErrors:Error: Error ActiveClassRedirects contains a collision with multiple redirectors for old class named BlackboardKeyType_Enum
[2016.06.02-17.49.37:771][  0]LoadErrors:Error: Error ActiveClassRedirects contains a collision with multiple redirectors for old class named BlackboardKeyType_Float
[2016.06.02-17.49.37:773][  0]LoadErrors:Error: Error ActiveClassRedirects contains a collision with multiple redirectors for old class named BlackboardKeyType_Int
[2016.06.02-17.49.37:775][  0]LoadErrors:Error: Error ActiveClassRedirects contains a collision with multiple redirectors for old class named BlackboardKeyType_Name
[2016.06.02-17.49.37:777][  0]LoadErrors:Error: Error ActiveClassRedirects contains a collision with multiple redirectors for old class named BlackboardKeyType_NativeEnum
[2016.06.02-17.49.37:779][  0]LoadErrors:Error: Error ActiveClassRedirects contains a collision with multiple redirectors for old class named BlackboardKeyType_Object
[2016.06.02-17.49.37:781][  0]LoadErrors:Error: Error ActiveClassRedirects contains a collision with multiple redirectors for old class named BlackboardKeyType_String
[2016.06.02-17.49.37:784][  0]LoadErrors:Error: Error ActiveClassRedirects contains a collision with multiple redirectors for old class named BlackboardKeyType_Vector
[2016.06.02-17.49.37:786][  0]LoadErrors:Error: Error ActiveClassRedirects contains a collision with multiple redirectors for old class named BTComposite_Selector
[2016.06.02-17.49.37:788][  0]LoadErrors:Error: Error ActiveClassRedirects contains a collision with multiple redirectors for old class named BTComposite_Sequence
[2016.06.02-17.49.37:791][  0]LoadErrors:Error: Error ActiveClassRedirects contains a collision with multiple redirectors for old class named BTComposite_SimpleParallel
[2016.06.02-17.49.37:794][  0]LoadErrors:Error: Error ActiveClassRedirects contains a collision with multiple redirectors for old class named BTDecorator_Blackboard
[2016.06.02-17.49.37:796][  0]LoadErrors:Error: Error ActiveClassRedirects contains a collision with multiple redirectors for old class named BTDecorator_BlackboardBase
[2016.06.02-17.49.37:798][  0]LoadErrors:Error: Error ActiveClassRedirects contains a collision with multiple redirectors for old class named BTDecorator_BlueprintBase
[2016.06.02-17.49.37:800][  0]LoadErrors:Error: Error ActiveClassRedirects contains a collision with multiple redirectors for old class named BTDecorator_CompareBBEntries
[2016.06.02-17.49.37:802][  0]LoadErrors:Error: Error ActiveClassRedirects contains a collision with multiple redirectors for old class named BTDecorator_ConeCheck
[2016.06.02-17.49.37:804][  0]LoadErrors:Error: Error ActiveClassRedirects contains a collision with multiple redirectors for old class named BTDecorator_Cooldown
[2016.06.02-17.49.37:806][  0]LoadErrors:Error: Error ActiveClassRedirects contains a collision with multiple redirectors for old class named BTDecorator_DoesPathExist
[2016.06.02-17.49.37:809][  0]LoadErrors:Error: Error ActiveClassRedirects contains a collision with multiple redirectors for old class named BTDecorator_ForceSuccess
[2016.06.02-17.49.37:812][  0]LoadErrors:Error: Error ActiveClassRedirects contains a collision with multiple redirectors for old class named BTDecorator_KeepInCone
[2016.06.02-17.49.37:814][  0]LoadErrors:Error: Error ActiveClassRedirects contains a collision with multiple redirectors for old class named BTDecorator_Loop
[2016.06.02-17.49.37:816][  0]LoadErrors:Error: Error ActiveClassRedirects contains a collision with multiple redirectors for old class named BTDecorator_Optional
[2016.06.02-17.49.37:819][  0]LoadErrors:Error: Error ActiveClassRedirects contains a collision with multiple redirectors for old class named BTDecorator_ReachedMoveGoal
[2016.06.02-17.49.37:822][  0]LoadErrors:Error: Error ActiveClassRedirects contains a collision with multiple redirectors for old class named BTDecorator_TimeLimit
[2016.06.02-17.49.37:825][  0]LoadErrors:Error: Error ActiveClassRedirects contains a collision with multiple redirectors for old class named BTService_BlackboardBase
[2016.06.02-17.49.37:828][  0]LoadErrors:Error: Error ActiveClassRedirects contains a collision with multiple redirectors for old class named BTService_BlueprintBase
[2016.06.02-17.49.37:831][  0]LoadErrors:Error: Error ActiveClassRedirects contains a collision with multiple redirectors for old class named BTService_DefaultFocus
[2016.06.02-17.49.37:834][  0]LoadErrors:Error: Error ActiveClassRedirects contains a collision with multiple redirectors for old class named BTTask_BlackboardBase
[2016.06.02-17.49.37:837][  0]LoadErrors:Error: Error ActiveClassRedirects contains a collision with multiple redirectors for old class named BTTask_BlueprintBase
[2016.06.02-17.49.37:839][  0]LoadErrors:Error: Error ActiveClassRedirects contains a collision with multiple redirectors for old class named BTTask_MakeNoise
[2016.06.02-17.49.37:841][  0]LoadErrors:Error: Error ActiveClassRedirects contains a collision with multiple redirectors for old class named BTTask_MoveDirectlyToward
[2016.06.02-17.49.37:843][  0]LoadErrors:Error: Error ActiveClassRedirects contains a collision with multiple redirectors for old class named BTTask_MoveTo
[2016.06.02-17.49.37:845][  0]LoadErrors:Error: Error ActiveClassRedirects contains a collision with multiple redirectors for old class named BTTask_PlaySound
[2016.06.02-17.49.37:847][  0]LoadErrors:Error: Error ActiveClassRedirects contains a collision with multiple redirectors for old class named BTTask_RunBehavior
[2016.06.02-17.49.37:849][  0]LoadErrors:Error: Error ActiveClassRedirects contains a collision with multiple redirectors for old class named BTTask_RunEQSQuery
[2016.06.02-17.49.37:851][  0]LoadErrors:Error: Error ActiveClassRedirects contains a collision with multiple redirectors for old class named BTTask_Wait
[2016.06.02-17.49.37:853][  0]LoadErrors:Error: Error ActiveClassRedirects contains a collision with multiple redirectors for old class named EnvQuery
[2016.06.02-17.49.37:856][  0]LoadErrors:Error: Error ActiveClassRedirects contains a collision with multiple redirectors for old class named EnvQueryContext
[2016.06.02-17.49.37:859][  0]LoadErrors:Error: Error ActiveClassRedirects contains a collision with multiple redirectors for old class named EnvQueryGenerator
[2016.06.02-17.49.37:861][  0]LoadErrors:Error: Error ActiveClassRedirects contains a collision with multiple redirectors for old class named EnvQueryManager
[2016.06.02-17.49.37:864][  0]LoadErrors:Error: Error ActiveClassRedirects contains a collision with multiple redirectors for old class named EnvQueryOption
[2016.06.02-17.49.37:865][  0]LoadErrors:Error: Error ActiveClassRedirects contains a collision with multiple redirectors for old class named EnvQueryTest
[2016.06.02-17.49.37:867][  0]LoadErrors:Error: Error ActiveClassRedirects contains a collision with multiple redirectors for old class named EnvQueryTypes
[2016.06.02-17.49.37:869][  0]LoadErrors:Error: Error ActiveClassRedirects contains a collision with multiple redirectors for old class named EQSQueryResultSourceInterface
[2016.06.02-17.49.37:871][  0]LoadErrors:Error: Error ActiveClassRedirects contains a collision with multiple redirectors for old class named EQSRenderingComponent
[2016.06.02-17.49.37:874][  0]LoadErrors:Error: Error ActiveClassRedirects contains a collision with multiple redirectors for old class named EQSTestingPawn
[2016.06.02-17.49.37:876][  0]LoadErrors:Error: Error ActiveClassRedirects contains a collision with multiple redirectors for old class named EnvQueryContext_BlueprintBase
[2016.06.02-17.49.37:878][  0]LoadErrors:Error: Error ActiveClassRedirects contains a collision with multiple redirectors for old class named EnvQueryContext_Item
[2016.06.02-17.49.37:880][  0]LoadErrors:Error: Error ActiveClassRedirects contains a collision with multiple redirectors for old class named EnvQueryContext_Querier
[2016.06.02-17.49.37:882][  0]LoadErrors:Error: Error ActiveClassRedirects contains a collision with multiple redirectors for old class named EnvQueryGenerator_Composite
[2016.06.02-17.49.37:885][  0]LoadErrors:Error: Error ActiveClassRedirects contains a collision with multiple redirectors for old class named EnvQueryGenerator_OnCircle
[2016.06.02-17.49.37:888][  0]LoadErrors:Error: Error ActiveClassRedirects contains a collision with multiple redirectors for old class named EnvQueryGenerator_PathingGrid
[2016.06.02-17.49.37:890][  0]LoadErrors:Error: Error ActiveClassRedirects contains a collision with multiple redirectors for old class named EnvQueryGenerator_ProjectedPoints
[2016.06.02-17.49.37:893][  0]LoadErrors:Error: Error ActiveClassRedirects contains a collision with multiple redirectors for old class named EnvQueryGenerator_SimpleGrid
[2016.06.02-17.49.37:896][  0]LoadErrors:Error: Error ActiveClassRedirects contains a collision with multiple redirectors for old class named EnvQueryAllItemTypes
[2016.06.02-17.49.37:898][  0]LoadErrors:Error: Error ActiveClassRedirects contains a collision with multiple redirectors for old class named EnvQueryItemType
[2016.06.02-17.49.37:900][  0]LoadErrors:Error: Error ActiveClassRedirects contains a collision with multiple redirectors for old class named EnvQueryItemType_Actor
[2016.06.02-17.49.37:902][  0]LoadErrors:Error: Error ActiveClassRedirects contains a collision with multiple redirectors for old class named EnvQueryItemType_ActorBase
[2016.06.02-17.49.37:905][  0]LoadErrors:Error: Error ActiveClassRedirects contains a collision with multiple redirectors for old class named EnvQueryItemType_Direction
[2016.06.02-17.49.37:907][  0]LoadErrors:Error: Error ActiveClassRedirects contains a collision with multiple redirectors for old class named EnvQueryItemType_Point
[2016.06.02-17.49.37:909][  0]LoadErrors:Error: Error ActiveClassRedirects contains a collision with multiple redirectors for old class named EnvQueryItemType_VectorBase
[2016.06.02-17.49.37:911][  0]LoadErrors:Error: Error ActiveClassRedirects contains a collision with multiple redirectors for old class named EnvQueryTest_Distance
[2016.06.02-17.49.37:913][  0]LoadErrors:Error: Error ActiveClassRedirects contains a collision with multiple redirectors for old class named EnvQueryTest_Dot
[2016.06.02-17.49.37:915][  0]LoadErrors:Error: Error ActiveClassRedirects contains a collision with multiple redirectors for old class named EnvQueryTest_Pathfinding
[2016.06.02-17.49.37:918][  0]LoadErrors:Error: Error ActiveClassRedirects contains a collision with multiple redirectors for old class named EnvQueryTest_Trace
[2016.06.02-17.49.37:922][  0]LoadErrors:Error: Error ActiveClassRedirects contains a collision with multiple redirectors for old class named CrowdAgentInterface
[2016.06.02-17.49.37:924][  0]LoadErrors:Error: Error ActiveClassRedirects contains a collision with multiple redirectors for old class named CrowdFollowingComponent
[2016.06.02-17.49.37:928][  0]LoadErrors:Error: Error ActiveClassRedirects contains a collision with multiple redirectors for old class named CrowdManager
[2016.06.02-17.49.37:930][  0]LoadErrors:Error: Error ActiveClassRedirects contains a collision with multiple redirectors for old class named PathFollowingComponent
[2016.06.02-17.49.37:933][  0]LoadErrors:Error: Error ActiveClassRedirects contains a collision with multiple redirectors for old class named PawnSensingComponent
[2016.06.02-17.49.37:936][  0]LoadErrors:Error: Error ActiveClassRedirects contains a collision with multiple redirectors for old class named EditorGameAgnosticSettings
[2016.06.02-17.49.37:939][  0]LoadErrors:Error: Error ActiveClassRedirects contains a collision with multiple redirectors for old class named EditorUserSettings
[2016.06.02-17.49.37:943][  0]LoadErrors:Error: Error ActiveClassRedirects contains a collision with multiple redirectors for old class named SpriteComponent
[2016.06.02-17.49.37:946][  0]LoadErrors:Error: Error ActiveClassRedirects contains a collision with multiple redirectors for old class named MaterialSpriteComponent
[2016.06.02-17.49.37:948][  0]LoadErrors:Error: Error ActiveClassRedirects contains a collision with multiple redirectors for old class named WidgetBlueprint
[2016.06.02-17.49.37:951][  0]LoadErrors:Error: Error ActiveClassRedirects contains a collision with multiple redirectors for old class named SReply
[2016.06.02-17.49.37:955][  0]LoadErrors:Error: Error ActiveClassRedirects contains a collision with multiple redirectors for old class named ScriptComponent
[2016.06.02-17.49.37:958][  0]LoadErrors:Error: Error ActiveClassRedirects contains a collision with multiple redirectors for old class named PaperRenderComponent
[2016.06.02-17.49.37:961][  0]LoadErrors:Error: Error ActiveClassRedirects contains a collision with multiple redirectors for old class named PaperAnimatedRenderComponent
[2016.06.02-17.49.37:963][  0]LoadErrors:Error: Error ActiveClassRedirects contains a collision with multiple redirectors for old class named PaperRenderActor
[2016.06.02-17.49.37:966][  0]LoadErrors:Error: Error ActiveClassRedirects contains a collision with multiple redirectors for old class named PaperTileMapRenderComponent
[2016.06.02-17.49.37:968][  0]LoadErrors:Error: Error ActiveClassRedirects contains a collision with multiple redirectors for old class named PaperSpriteSheet
[2016.06.02-17.49.37:970][  0]LoadErrors:Error: Error ActiveClassRedirects contains a collision with multiple redirectors for old class named ECollisionTraceFlag
[2016.06.02-17.49.37:974][  0]LoadErrors:Error: Error ActiveClassRedirects contains a collision with multiple redirectors for old class named EBodyCollisionResponse
[2016.06.02-17.49.37:976][  0]LoadErrors:Error: Error ActiveClassRedirects contains a collision with multiple redirectors for old class named EPhysicsType
[2016.06.02-17.49.37:978][  0]LoadErrors:Error: Error ActiveClassRedirects contains a collision with multiple redirectors for old class named PlayerCamera
[2016.06.02-17.49.37:981][  0]LoadErrors:Error: Error ActiveClassRedirects contains a collision with multiple redirectors for old class named EModifyFrequency
[2016.06.02-17.49.37:984][  0]LoadErrors:Error: Error ActiveClassRedirects contains a collision with multiple redirectors for old class named EMaterialLightingModel
[2016.06.02-17.49.37:987][  0]LoadErrors:Error: Error ActiveClassRedirects contains a collision with multiple redirectors for old class named GameReplicationInfo
[2016.06.02-17.49.37:991][  0]LoadErrors:Error: Error ActiveClassRedirects contains a collision with multiple redirectors for old class named GameInfo
[2016.06.02-17.49.37:994][  0]LoadErrors:Error: Error ActiveClassRedirects contains a collision with multiple redirectors for old class named PlayerReplicationInfo
[2016.06.02-17.49.37:997][  0]LoadErrors:Error: Error ActiveClassRedirects contains a collision with multiple redirectors for old class named AnimGraphNode_BlendSpace
[2016.06.02-17.49.38:000][  0]LoadErrors:Error: Error ActiveClassRedirects contains a collision with multiple redirectors for old class named AnimNode_BlendSpace
[2016.06.02-17.49.38:002][  0]LoadErrors:Error: Error ActiveClassRedirects contains a collision with multiple redirectors for old class named ETransitionGetterType
[2016.06.02-17.49.38:006][  0]LoadErrors:Error: Error ActiveClassRedirects contains a collision with multiple redirectors for old class named ESlateCheckBoxState
[2016.06.02-17.49.38:009][  0]LoadErrors:Error: Error ActiveClassRedirects contains a collision with multiple redirectors for old class named SlateWidgetStyleAsset
[2016.06.02-17.49.38:012][  0]LoadErrors:Error: Error ActiveClassRedirects contains a collision with multiple redirectors for old class named SlateWidgetStyleContainerBase
[2016.06.02-17.49.38:015][  0]LoadErrors:Error: Error ActiveClassRedirects contains a collision with multiple redirectors for old class named InstancedFoliageSettings
[2016.06.02-17.49.38:018][  0]LoadErrors:Error: Error ActiveClassRedirects contains a collision with multiple redirectors for old class named FoliageType
[2016.06.02-17.49.38:021][  0]LoadErrors:Error: Error ActiveClassRedirects contains a collision with multiple redirectors for old class named FoliageType_InstancedStaticMesh
[2016.06.02-17.49.38:025][  0]LoadErrors:Error: Error ActiveClassRe