[2016.06.09-15.08.20:117][  0]Log file open, 06/09/16 08:08:20
[2016.06.09-15.08.20:117][  0]LogInit:Display: Running engine for game: GodKiller
[2016.06.09-15.08.20:117][  0]LogPlatformFile: Not using cached read wrapper
[2016.06.09-15.08.20:117][  0]LogInit:Display: RandInit(1197965052) SRandInit(1197965053).
[2016.06.09-15.08.20:117][  0]LogTaskGraph: Started task graph with 4 named threads and 7 total threads.
[2016.06.09-15.08.20:117][  0]LogStats: Stats thread started at 0.069731
[2016.06.09-15.08.20:117][  0]LogInit: Version: 4.10.4-2872498+++depot+UE4-Releases+4.10
[2016.06.09-15.08.20:117][  0]LogInit: API Version: 2758231
[2016.06.09-15.08.20:117][  0]LogInit: Compiled (64-bit): Feb 18 2016 15:47:04
[2016.06.09-15.08.20:117][  0]LogInit: Compiled with Visual C++: 19.00.23026.00
[2016.06.09-15.08.20:117][  0]LogInit: Build Configuration: Development
[2016.06.09-15.08.20:117][  0]LogInit: Branch Name: ++depot+UE4-Releases+4.10
[2016.06.09-15.08.20:117][  0]LogInit: Command line:  
[2016.06.09-15.08.20:117][  0]LogInit: Base directory: C:/Program Files/Epic Games/4.10/Engine/Binaries/Win64/
[2016.06.09-15.08.20:117][  0]LogInit: Rocket: 1
[2016.06.09-15.08.20:123][  0]LogInit: Using libcurl 7.41.0
[2016.06.09-15.08.20:123][  0]LogInit:  - built for x86_64-pc-win32
[2016.06.09-15.08.20:123][  0]LogInit:  - supports SSL with WinSSL
[2016.06.09-15.08.20:123][  0]LogInit:  - other features:
[2016.06.09-15.08.20:123][  0]LogInit:      CURL_VERSION_SSL
[2016.06.09-15.08.20:123][  0]LogInit:      CURL_VERSION_IPV6
[2016.06.09-15.08.20:123][  0]LogInit:      CURL_VERSION_ASYNCHDNS
[2016.06.09-15.08.20:123][  0]LogInit:      CURL_VERSION_LARGEFILE
[2016.06.09-15.08.20:123][  0]LogInit:      CURL_VERSION_IDN
[2016.06.09-15.08.20:123][  0]LogInit:  CurlRequestOptions (configurable via config and command line):
[2016.06.09-15.08.20:123][  0]LogInit:  - bVerifyPeer = true  - Libcurl will verify peer certificate
[2016.06.09-15.08.20:123][  0]LogInit:  - bUseHttpProxy = false  - Libcurl will NOT use HTTP proxy
[2016.06.09-15.08.20:123][  0]LogInit:  - bDontReuseConnections = false  - Libcurl will reuse connections
[2016.06.09-15.08.20:123][  0]LogInit:  - CertBundlePath = nullptr  - Libcurl will use whatever was configured at build time.
[2016.06.09-15.08.20:131][  0]LogInit: Presizing for 0 objects not considered by GC, pre-allocating 0 bytes.
[2016.06.09-15.08.20:136][  0]LogInit: Object subsystem initialized
[2016.06.09-15.08.20:137][  0]LogInit: Selected Device Profile: [Windows]
[2016.06.09-15.08.20:137][  0]LogInit: Applying CVar settings loaded from the selected device profile: [Windows]
[2016.06.09-15.08.20:145][  0]LogInit: Computer: DESKTOP-1J5BF64
[2016.06.09-15.08.20:145][  0]LogInit: User: tehno
[2016.06.09-15.08.20:145][  0]LogInit: CPU Page size=4096, Cores=4
[2016.06.09-15.08.20:145][  0]LogInit: High frequency timer resolution =2.533206 MHz
[2016.06.09-15.08.20:145][  0]LogMemory: Memory total: Physical=7.9GB (8GB approx)
[2016.06.09-15.08.20:145][  0]LogMemory: Platform Memory Stats for Windows
[2016.06.09-15.08.20:145][  0]LogMemory: Process Physical Memory: 58.77 MB used, 58.77 MB peak
[2016.06.09-15.08.20:145][  0]LogMemory: Process Virtual Memory: 57.75 MB used, 57.75 MB peak
[2016.06.09-15.08.20:145][  0]LogMemory: Physical Memory: 3751.00 MB used, 8081.01 MB total
[2016.06.09-15.08.20:145][  0]LogMemory: Virtual Memory: 383.86 MB used, 134217728.00 MB total
[2016.06.09-15.08.20:184][  0]LogTextLocalizationManager: No specific translations for ('en-US') exist, so ('en') translations will be used.
[2016.06.09-15.08.20:626][  0]LogD3D11RHI: Found D3D11 adapter 0: NVIDIA GeForce GTX 960M     (Feature Level 11_0)
[2016.06.09-15.08.20:626][  0]LogD3D11RHI: Adapter has 1995MB of dedicated video memory, 0MB of dedicated system memory, and 4040MB of shared system memory, 1 output[s]
[2016.06.09-15.08.20:632][  0]LogD3D11RHI: Found D3D11 adapter 1: Intel(R) HD Graphics 4600 (Feature Level 11_0)
[2016.06.09-15.08.20:632][  0]LogD3D11RHI: Adapter has 112MB of dedicated video memory, 0MB of dedicated system memory, and 4040MB of shared system memory, 0 output[s]
[2016.06.09-15.08.20:633][  0]LogD3D11RHI: Found D3D11 adapter 2: Microsoft Basic Render Driver (Feature Level 11_0)
[2016.06.09-15.08.20:633][  0]LogD3D11RHI: Adapter has 0MB of dedicated video memory, 0MB of dedicated system memory, and 4040MB of shared system memory, 0 output[s]
[2016.06.09-15.08.20:633][  0]LogD3D11RHI: Chosen D3D11 Adapter Id = 0
[2016.06.09-15.08.20:639][  0]LogD3D11RHI: !Direct3DDevice
[2016.06.09-15.08.20:639][  0]LogRHI: Texture pool is 1361 MB (70% of 1945 MB)
[2016.06.09-15.08.20:653][  0]LogD3D11RHI: Async texture creation enabled
[2016.06.09-15.08.20:666][  0]LogShaderCompilers: Guid format shader working directory is -25 characters bigger than the processId version (../../../../../../Users/tehno/Documents/God_Killer_New/God-Killer 4.10/Intermediate/Shaders/WorkingDirectory/12232/).
[2016.06.09-15.08.20:666][  0]LogShaderCompilers: Cleaned the shader compiler working directory 'C:/Users/tehno/AppData/Local/Temp/UnrealShaderWorkingDir/3A29B8A049FD2A0A89CCE29E6AA70721/'.
[2016.06.09-15.08.20:666][  0]LogShaderCompilers:Display: Using Local Shader Compiler.
[2016.06.09-15.08.21:393][  0]LogTemp:Display: Loaded TP AllDesktopTargetPlatform
[2016.06.09-15.08.21:397][  0]LogTemp:Display: Loaded TP WindowsClientTargetPlatform
[2016.06.09-15.08.21:401][  0]LogTemp:Display: Loaded TP WindowsNoEditorTargetPlatform
[2016.06.09-15.08.21:405][  0]LogTemp:Display: Loaded TP WindowsServerTargetPlatform
[2016.06.09-15.08.21:409][  0]LogTemp:Display: Loaded TP WindowsTargetPlatform
[2016.06.09-15.08.21:412][  0]LogTemp:Display: Loaded TP AndroidTargetPlatform
[2016.06.09-15.08.21:415][  0]LogTemp:Display: Loaded TP Android_ASTCTargetPlatform
[2016.06.09-15.08.21:418][  0]LogTemp:Display: Loaded TP Android_ATCTargetPlatform
[2016.06.09-15.08.21:421][  0]LogTemp:Display: Loaded TP Android_DXTTargetPlatform
[2016.06.09-15.08.21:424][  0]LogTemp:Display: Loaded TP Android_ETC1TargetPlatform
[2016.06.09-15.08.21:428][  0]LogTemp:Display: Loaded TP Android_ETC2TargetPlatform
[2016.06.09-15.08.21:434][  0]LogTemp:Display: Loaded TP Android_MultiTargetPlatform
[2016.06.09-15.08.21:434][  0]LogTemp:Display: Loaded TP Android_PVRTCTargetPlatform
[2016.06.09-15.08.21:435][  0]LogTemp:Display: Loaded TP HTML5TargetPlatform
[2016.06.09-15.08.21:452][  0]LogTemp:Display: Loaded TP IOSTargetPlatform
[2016.06.09-15.08.21:455][  0]LogTemp:Display: Loaded TP LinuxNoEditorTargetPlatform
[2016.06.09-15.08.21:458][  0]LogTemp:Display: Loaded TP LinuxServerTargetPlatform
[2016.06.09-15.08.21:462][  0]LogTemp:Display: Loaded TP LinuxTargetPlatform
[2016.06.09-15.08.21:462][  0]LogTargetPlatformManager:Display: Building Assets For Windows
[2016.06.09-15.08.21:538][  0]LogDerivedDataCache:Display: Max Cache Size: 512 MB
[2016.06.09-15.08.21:585][  0]LogDerivedDataCache: Loaded boot cache 0.05s 41MB C:/Users/tehno/AppData/Local/UnrealEngine/4.10/DerivedDataCache/Boot.ddc.
[2016.06.09-15.08.21:585][  0]LogDerivedDataCache:Display: Loaded Boot cache: C:/Users/tehno/AppData/Local/UnrealEngine/4.10/DerivedDataCache/Boot.ddc
[2016.06.09-15.08.21:585][  0]LogDerivedDataCache: FDerivedDataBackendGraph:  Pak pak cache file ../../../../../../Users/tehno/Documents/God_Killer_New/God-Killer 4.10/DerivedDataCache/DDC.ddp not found, will not use a pak cache.
[2016.06.09-15.08.21:585][  0]LogDerivedDataCache: Unable to find inner node Pak for hierarchical cache Hierarchy.
[2016.06.09-15.08.21:585][  0]LogDerivedDataCache: FDerivedDataBackendGraph:  CompressedPak pak cache file ../../../../../../Users/tehno/Documents/God_Killer_New/God-Killer 4.10/DerivedDataCache/Compressed.ddp not found, will not use a pak cache.
[2016.06.09-15.08.21:585][  0]LogDerivedDataCache: Unable to find inner node CompressedPak for hierarchical cache Hierarchy.
[2016.06.09-15.08.21:635][  0]LogDerivedDataCache:Display: Pak cache opened for reading ../../../Engine/DerivedDataCache/Compressed.ddp.
[2016.06.09-15.08.21:650][  0]LogDerivedDataCache: Using Local data cache path C:/Users/tehno/AppData/Local/UnrealEngine/Common/DerivedDataCache: Writable
[2016.06.09-15.08.21:863][  0]LogInit: Selected Device Profile: [Windows]
[2016.06.09-15.08.21:865][  0]LogContentStreaming: Texture pool size is 0.000000MB
[2016.06.09-15.08.21:969][  0]LogMeshUtilities: No automatic mesh reduction module available
[2016.06.09-15.08.21:969][  0]LogMeshUtilities: No automatic mesh merging module available
[2016.06.09-15.08.22:176][  0]LogInit: WinSock: version 1.1 (2.2), MaxSocks=32767, MaxUdp=65467
[2016.06.09-15.08.22:974][  0]UdpMessaging: Initializing bridge on interface 0.0.0.0:0 to multicast group 230.0.0.1:6666.
[2016.06.09-15.08.23:129][  0]LogAssetRegistry: FAssetRegistry took 0.0112 seconds to start up
[2016.06.09-15.08.23:309][  0]SourceControl: Info Source control is disabled
[2016.06.09-15.08.23:390][  0]SourceControl: Info Source control is disabled
[2016.06.09-15.08.23:407][  0]SourceControl: Info Source control is disabled
[2016.06.09-15.08.23:424][  0]SourceControl: Info Source control is disabled
[2016.06.09-15.08.23:763][  0]LogObj: 28633 objects as part of root set at end of initial load.
[2016.06.09-15.08.23:763][  0]LogUObjectAllocator: 6099744 out of 0 bytes used by permanent object pool.
[2016.06.09-15.08.23:824][  0]LogEngine: Initializing Engine...
[2016.06.09-15.08.23:828][  0]LogHMD: Can't find Oculus library dev build: is proper Runtime installed? Version: 0.8.0.0
[2016.06.09-15.08.23:829][  0]LogHMD: SteamVR failed to initialize.  Err: 110
[2016.06.09-15.08.23:977][  0]LogAIModule: Creating AISystem for world NewWorld
[2016.06.09-15.08.23:982][  0]LogInit: XAudio2 using 'Speakers (Realtek High Definition Audio)' : 2 channels at 48 kHz using 32 bits per sample (channel mask 0x3)
[2016.06.09-15.08.24:108][  0]LogInit: FAudioDevice initialized.
[2016.06.09-15.08.24:140][  0]LogDerivedDataCache: Saved boot cache 0.03s 41MB C:/Users/tehno/AppData/Local/UnrealEngine/4.10/DerivedDataCache/Boot.ddc.
[2016.06.09-15.08.24:148][  0]LogInit: Texture streaming: Enabled
[2016.06.09-15.08.24:155][  0]LogAnalytics: Creating configured Analytics provider AnalyticsET
[2016.06.09-15.08.24:155][  0]LogAnalytics: [UEEditor.Rocket.Release] APIServer = http://et2.epicgames.com/ET2/. AppVersion = 4.10.4-2872498+++depot+UE4-Releases+4.10
[2016.06.09-15.08.24:155][  0]LogAnalytics: [UEEditor.Rocket.Release] SetUserId ff2ae08d43132c9c6560deab31976655|82a2ba43aacb4a26af7064aafe4b8476|408bd81a-a488-43d0-aafd-21e3d5a0d38c
[2016.06.09-15.08.24:155][  0]LogAnalytics: [UEEditor.Rocket.Release] AnalyticsET::StartSession
[2016.06.09-15.08.24:202][  0]LogInit: Transaction tracking system initialized
[2016.06.09-15.08.24:232][  0]BlueprintLog: New page: Editor Load
[2016.06.09-15.08.24:328][  0]LocalizationService: Info Localization service is disabled
[2016.06.09-15.08.24:425][  0]LogConsoleResponse:Display: 
[2016.06.09-15.08.24:563][  0]LogCook:Display: Done creating registry. It took  0.00s.
[2016.06.09-15.08.24:641][  0]LogFileCache: Scanning file cache for directory 'C:/Users/tehno/Documents/God_Killer_New/God-Killer 4.10/Content/' took 0.05s
[2016.06.09-15.08.24:641][  0]SourceControl: Info Source control is disabled
[2016.06.09-15.08.24:642][  0]Cmd: MAP LOAD FILE="../../../../../../Users/tehno/Documents/God_Killer_New/God-Killer 4.10/Content/Scene/NewCave.umap" TEMPLATE=0 SHOWPROGRESS=1 FEATURELEVEL=3
[2016.06.09-15.08.24:642][  0]LightingResults: New page: Lighting Build
[2016.06.09-15.08.24:648][  0]MapCheck: New page: Map Check
[2016.06.09-15.08.24:648][  0]LightingResults: New page: Lighting Build
[2016.06.09-15.08.24:665][  0]LogParticles: Destroying 0 GPU particle simulations for FXSystem 0x000001FA33CFFB00
[2016.06.09-15.08.25:094][  0]LogBlueprint:Warning: [compiler Wander2] Warning  Get Random Point in Radius  is deprecated; please replace or remove it.
[2016.06.09-15.08.25:095][  0]LogBlueprint:Warning: [compiler Wander2] Warning [0005.56] Compile of Wander2 successful, but with 1 Warning(s) [in 2 ms]
[2016.06.09-15.08.25:095][  0]LogBlueprint:Warning: [compiler Wander2] Warning [0005.56] Compile of Wander2 successful, but with 2 Warning(s) [in 0 ms]
[2016.06.09-15.08.25:095][  0]LogBlueprint:Warning: [compiler Wander2] Warning [0005.56] Compile of Wander2 successful, but with 3 Warning(s) [in 0 ms]
[2016.06.09-15.08.25:189][  0]LogBlueprint:Warning: [compiler Wander] Warning  Get Random Point in Radius  is deprecated; please replace or remove it.
[2016.06.09-15.08.25:189][  0]LogBlueprint:Warning: [compiler Wander] Warning [0005.66] Compile of Wander successful, but with 1 Warning(s) [in 2 ms]
[2016.06.09-15.08.25:189][  0]LogBlueprint:Warning: [compiler Wander] Warning [0005.66] Compile of Wander successful, but with 2 Warning(s) [in 0 ms]
[2016.06.09-15.08.25:189][  0]LogBlueprint:Warning: [compiler Wander] Warning [0005.66] Compile of Wander successful, but with 3 Warning(s) [in 0 ms]
[2016.06.09-15.08.25:256][  0]LogBlueprint:Warning: [compiler Wander3] Warning  Get Random Point in Radius  is deprecated; please replace or remove it.
[2016.06.09-15.08.25:256][  0]LogBlueprint:Warning: [compiler Wander3] Warning [0005.73] Compile of Wander3 successful, but with 1 Warning(s) [in 2 ms]
[2016.06.09-15.08.25:256][  0]LogBlueprint:Warning: [compiler Wander3] Warning [0005.73] Compile of Wander3 successful, but with 2 Warning(s) [in 0 ms]
[2016.06.09-15.08.25:257][  0]LogBlueprint:Warning: [compiler Wander3] Warning [0005.73] Compile of Wander3 successful, but with 3 Warning(s) [in 0 ms]
[2016.06.09-15.08.25:437][  0]LogBlueprint:Warning: [compiler Gui] Warning 'gnawmers' is already a 'Enemy 1', you don't need  Cast To Enemy1 .
[2016.06.09-15.08.25:441][  0]LogBlueprint:Warning: [compiler Gui] Warning Event Reply  Return Value  should not be empty.  Return a reply such as Handled or Unhandled.
[2016.06.09-15.08.25:441][  0]LogBlueprint:Warning: [compiler Gui] Warning Event Reply  Return Value  should not be empty.  Return a reply such as Handled or Unhandled.
[2016.06.09-15.08.25:443][  0]LogBlueprint:Warning: [compiler Gui] Warning [0005.91] Compile of Gui successful, but with 3 Warning(s) [in 10 ms]
[2016.06.09-15.08.25:443][  0]LogBlueprint:Warning: [compiler Gui] Warning [0005.91] Compile of Gui successful, but with 4 Warning(s) [in 0 ms]
[2016.06.09-15.08.25:443][  0]LogBlueprint:Warning: [compiler Gui] Warning [0005.91] Compile of Gui successful, but with 5 Warning(s) [in 0 ms]
[2016.06.09-15.08.25:554][  0]LogBlueprint:Warning: [compiler GnawmersHealth] Warning 'gnawmers' is already a 'Enemy 1', you don't need  Cast To Enemy1 .
[2016.06.09-15.08.25:554][  0]LogBlueprint:Warning: [compiler GnawmersHealth] Warning [0006.02] Compile of GnawmersHealth successful, but with 1 Warning(s) [in 1 ms]
[2016.06.09-15.08.25:555][  0]LogBlueprint:Warning: [compiler GnawmersHealth] Warning [0006.02] Compile of GnawmersHealth successful, but with 2 Warning(s) [in 0 ms]
[2016.06.09-15.08.25:555][  0]LogBlueprint:Warning: [compiler GnawmersHealth] Warning [0006.02] Compile of GnawmersHealth successful, but with 3 Warning(s) [in 0 ms]
[2016.06.09-15.08.26:100][  0]LogBlueprint:Warning: [compiler Wander4] Warning  Get Random Point in Radius  is deprecated; please replace or remove it.
[2016.06.09-15.08.26:101][  0]LogBlueprint:Warning: [compiler Wander4] Warning [0006.57] Compile of Wander4 successful, but with 1 Warning(s) [in 3 ms]
[2016.06.09-15.08.26:101][  0]LogBlueprint:Warning: [compiler Wander4] Warning [0006.57] Compile of Wander4 successful, but with 2 Warning(s) [in 0 ms]
[2016.06.09-15.08.26:101][  0]LogBlueprint:Warning: [compiler Wander4] Warning [0006.57] Compile of Wander4 successful, but with 3 Warning(s) [in 0 ms]
[2016.06.09-15.08.26:473][  0]LogBlueprint:Warning: [compiler Wander2] Warning  Get Random Point in Radius  is deprecated; please replace or remove it.
[2016.06.09-15.08.26:474][  0]LogBlueprint:Warning: [compiler Wander2] Warning [0006.94] Compile of Wander2 successful, but with 1 Warning(s) [in 2 ms]
[2016.06.09-15.08.26:474][  0]LogBlueprint:Warning: [compiler Wander2] Warning [0006.94] Compile of Wander2 successful, but with 2 Warning(s) [in 0 ms]
[2016.06.09-15.08.26:474][  0]LogBlueprint:Warning: [compiler Wander2] Warning [0006.94] Compile of Wander2 successful, but with 3 Warning(s) [in 0 ms]
[2016.06.09-15.08.26:518][  0]LogBlueprint:Warning: [compiler Wander] Warning  Get Random Point in Radius  is deprecated; please replace or remove it.
[2016.06.09-15.08.26:520][  0]LogBlueprint:Warning: [compiler Wander] Warning [0006.99] Compile of Wander successful, but with 1 Warning(s) [in 3 ms]
[2016.06.09-15.08.26:520][  0]LogBlueprint:Warning: [compiler Wander] Warning [0006.99] Compile of Wander successful, but with 2 Warning(s) [in 0 ms]
[2016.06.09-15.08.26:520][  0]LogBlueprint:Warning: [compiler Wander] Warning [0006.99] Compile of Wander successful, but with 3 Warning(s) [in 0 ms]
[2016.06.09-15.08.26:555][  0]LogBlueprint:Warning: [compiler Wander3] Warning  Get Random Point in Radius  is deprecated; please replace or remove it.
[2016.06.09-15.08.26:556][  0]LogBlueprint:Warning: [compiler Wander3] Warning [0007.03] Compile of Wander3 successful, but with 1 Warning(s) [in 2 ms]
[2016.06.09-15.08.26:556][  0]LogBlueprint:Warning: [compiler Wander3] Warning [0007.03] Compile of Wander3 successful, but with 2 Warning(s) [in 0 ms]
[2016.06.09-15.08.26:556][  0]LogBlueprint:Warning: [compiler Wander3] Warning [0007.03] Compile of Wander3 successful, but with 3 Warning(s) [in 0 ms]
[2016.06.09-15.08.26:612][  0]LogBlueprint:Warning: [compiler Gui] Warning 'gnawmers' is already a 'Enemy 1', you don't need  Cast To Enemy1 .
[2016.06.09-15.08.26:617][  0]LogBlueprint:Warning: [compiler Gui] Warning Event Reply  Return Value  should not be empty.  Return a reply such as Handled or Unhandled.
[2016.06.09-15.08.26:618][  0]LogBlueprint:Warning: [compiler Gui] Warning Event Reply  Return Value  should not be empty.  Return a reply such as Handled or Unhandled.
[2016.06.09-15.08.26:620][  0]LogBlueprint:Warning: [compiler Gui] Warning [0007.09] Compile of Gui successful, but with 3 Warning(s) [in 15 ms]
[2016.06.09-15.08.26:620][  0]LogBlueprint:Warning: [compiler Gui] Warning [0007.09] Compile of Gui successful, but with 4 Warning(s) [in 0 ms]
[2016.06.09-15.08.26:623][  0]LogBlueprint:Warning: [compiler Gui] Warning [0007.09] Compile of Gui successful, but with 5 Warning(s) [in 2 ms]
[2016.06.09-15.08.26:648][  0]LogBlueprint:Warning: [compiler GnawmersHealth] Warning 'gnawmers' is already a 'Enemy 1', you don't need  Cast To Enemy1 .
[2016.06.09-15.08.26:648][  0]LogBlueprint:Warning: [compiler GnawmersHealth] Warning [0007.12] Compile of GnawmersHealth successful, but with 1 Warning(s) [in 1 ms]
[2016.06.09-15.08.26:648][  0]LogBlueprint:Warning: [compiler GnawmersHealth] Warning [0007.12] Compile of GnawmersHealth successful, but with 2 Warning(s) [in 0 ms]
[2016.06.09-15.08.26:649][  0]LogBlueprint:Warning: [compiler GnawmersHealth] Warning [0007.12] Compile of GnawmersHealth successful, but with 3 Warning(s) [in 0 ms]
[2016.06.09-15.08.26:659][  0]LogBlueprint:Warning: [compiler Wander4] Warning  Get Random Point in Radius  is deprecated; please replace or remove it.
[2016.06.09-15.08.26:661][  0]LogBlueprint:Warning: [compiler Wander4] Warning [0007.13] Compile of Wander4 successful, but with 1 Warning(s) [in 2 ms]
[2016.06.09-15.08.26:661][  0]LogBlueprint:Warning: [compiler Wander4] Warning [0007.13] Compile of Wander4 successful, but with 2 Warning(s) [in 0 ms]
[2016.06.09-15.08.26:661][  0]LogBlueprint:Warning: [compiler Wander4] Warning [0007.13] Compile of Wander4 successful, but with 3 Warning(s) [in 0 ms]
[2016.06.09-15.08.27:441][  0]LogBlueprint:Warning: [compiler NewCave] Warning Node  Unknown  is not referencing a valid level actor
[2016.06.09-15.08.27:446][  0]LogBlueprint:Warning: [compiler NewCave] Warning [0007.92] Compile of NewCave successful, but with 1 Warning(s) [in 52 ms]
[2016.06.09-15.08.27:446][  0]LogBlueprint:Warning: [compiler NewCave] Warning [0007.92] Compile of NewCave successful, but with 2 Warning(s) [in 0 ms]
[2016.06.09-15.08.27:446][  0]LogBlueprint:Warning: [compiler NewCave] Warning [0007.92] Compile of NewCave successful, but with 3 Warning(s) [in 0 ms]
[2016.06.09-15.08.27:504][  0]LogBlueprint:Warning: [compiler NewCave] Warning Node  Unknown  is not referencing a valid level actor
[2016.06.09-15.08.27:510][  0]LogBlueprint:Warning: [compiler NewCave] Warning [0007.98] Compile of NewCave successful, but with 1 Warning(s) [in 50 ms]
[2016.06.09-15.08.27:510][  0]LogBlueprint:Warning: [compiler NewCave] Warning [0007.98] Compile of NewCave successful, but with 2 Warning(s) [in 0 ms]
[2016.06.09-15.08.27:510][  0]LogBlueprint:Warning: [compiler NewCave] Warning [0007.98] Compile of NewCave successful, but with 3 Warning(s) [in 0 ms]
[2016.06.09-15.08.29:139][  0]LogAIModule: Creating AISystem for world NewCave
[2016.06.09-15.08.29:242][  0]LogEditorServer: Finished looking for orphan Actors (0.000 secs)
[2016.06.09-15.08.29:273][  0]Cmd: MAP CHECKDEP NOCLEARLOG
[2016.06.09-15.08.29:458][  0]MapCheck: Info Map check complete: 0 Error(s), 0 Warning(s), took 185.414ms to complete.
[2016.06.09-15.08.29:458][  0]LogFileHelpers: Loading map 'NewCave' took 4.817
[2016.06.09-15.08.29:543][  0]LogCollectionManager: Loaded 0 collections in 0.001551 seconds
[2016.06.09-15.08.29:592][  0]LogFileCache: Scanning file cache for directory 'C:/Users/tehno/Documents/God_Killer_New/God-Killer 4.10/Saved/Collections/' took 0.01s
[2016.06.09-15.08.29:592][  0]LogFileCache: Scanning file cache for directory 'C:/Users/tehno/Documents/God_Killer_New/God-Killer 4.10/Content/Developers/tehno/Collections/' took 0.01s
[2016.06.09-15.08.29:593][  0]LogFileCache: Scanning file cache for directory 'C:/Users/tehno/Documents/God_Killer_New/God-Killer 4.10/Content/Collections/' took 0.01s
[2016.06.09-15.08.29:593][  0]LogCollectionManager: Rebuilt the GUID cache for 0 collections in 0.000004 seconds
[2016.06.09-15.08.29:613][  0]LogContentBrowser: Native class hierarchy populated in 0.0204 seconds. Added 1893 classes and 338 folders.
[2016.06.09-15.08.29:622][  0]LogContentBrowser: Native class hierarchy updated for 'WidgetCarousel' in 0.0006 seconds. Added 0 classes and 0 folders.
[2016.06.09-15.08.29:689][  0]LogContentBrowser: Native class hierarchy updated for 'AddContentDialog' in 0.0004 seconds. Added 0 classes and 0 folders.
[2016.06.09-15.08.29:723][  0]LogContentBrowser: Native class hierarchy updated for 'SceneOutliner' in 0.0004 seconds. Added 1 classes and 2 folders.
[2016.06.09-15.08.29:820][  0]LogCrashTracker: Crashtracker disabled due to settings.
[2016.06.09-15.08.29:826][  0]LogUObjectGlobals:Warning: Failed to find object 'Class None.'
[2016.06.09-15.08.29:849][  0]LogLoad: Full Startup: 10.32 seconds (BP compile: 1.20 seconds)
[2016.06.09-15.08.29:872][  0]LogOcInput: Can't find Oculus library dev build: is proper Runtime installed? Version: 0.8.0.0
[2016.06.09-15.08.29:873][  0]LoadErrors:Error: Error ActiveClassRedirects contains a collision with multiple redirectors for old class named GameplayCueNotify
[2016.06.09-15.08.29:873][  0]LoadErrors:Error: Error ActiveClassRedirects contains a collision with multiple redirectors for old class named GameplayCueNotify_Blueprint
[2016.06.09-15.08.29:873][  0]LoadErrors:Error: Error ActiveClassRedirects contains a collision with multiple redirectors for old class named RB_BodySetup
[2016.06.09-15.08.29:873][  0]LoadErrors:Error: Error ActiveClassRedirects contains a collision with multiple redirectors for old class named AnimTreeInstance
[2016.06.09-15.08.29:873][  0]LoadErrors:Error: Error ActiveClassRedirects contains a collision with multiple redirectors for old class named VimInstance
[2016.06.09-15.08.29:873][  0]LoadErrors:Error: Error ActiveClassRedirects contains a collision with multiple redirectors for old class named VimBlueprint
[2016.06.09-15.08.29:873][  0]LoadErrors:Error: Error ActiveClassRedirects contains a collision with multiple redirectors for old class named VimGeneratedClass
[2016.06.09-15.08.29:873][  0]LoadErrors:Error: Error ActiveClassRedirects contains a collision with multiple redirectors for old class named VimBlueprintFactory
[2016.06.09-15.08.29:873][  0]LoadErrors:Error: Error ActiveClassRedirects contains a collision with multiple redirectors for old class named ReverbVolume
[2016.06.09-15.08.29:873][  0]LoadErrors:Error: Error ActiveClassRedirects contains a collision with multiple redirectors for old class named ReverbVolumeToggleable
[2016.06.09-15.08.29:873][  0]LoadErrors:Error: Error ActiveClassRedirects contains a collision with multiple redirectors for old class named BlueprintActorBase
[2016.06.09-15.08.29:873][  0]LoadErrors:Error: Error ActiveClassRedirects contains a collision with multiple redirectors for old class named WorldInfo
[2016.06.09-15.08.29:874][  0]LoadErrors:Error: Error ActiveClassRedirects contains a collision with multiple redirectors for old class named RB_Handle
[2016.06.09-15.08.29:874][  0]LoadErrors:Error: Error ActiveClassRedirects contains a collision with multiple redirectors for old class named RB_RadialForceComponent
[2016.06.09-15.08.29:874][  0]LoadErrors:Error: Error ActiveClassRedirects contains a collision with multiple redirectors for old class named SoundMode
[2016.06.09-15.08.29:874][  0]LoadErrors:Error: Error ActiveClassRedirects contains a collision with multiple redirectors for old class named RB_ThrusterComponent
[2016.06.09-15.08.29:874][  0]LoadErrors:Error: Error ActiveClassRedirects contains a collision with multiple redirectors for old class named RB_Thruster
[2016.06.09-15.08.29:874][  0]LoadErrors:Error: Error ActiveClassRedirects contains a collision with multiple redirectors for old class named RB_ConstraintSetup
[2016.06.09-15.08.29:874][  0]LoadErrors:Error: Error ActiveClassRedirects contains a collision with multiple redirectors for old class named RB_BSJointSetup
[2016.06.09-15.08.29:874][  0]LoadErrors:Error: Error ActiveClassRedirects contains a collision with multiple redirectors for old class named RB_HingeSetup
[2016.06.09-15.08.29:875][  0]LoadErrors:Error: Error ActiveClassRedirects contains a collision with multiple redirectors for old class named RB_PrismaticSetup
[2016.06.09-15.08.29:875][  0]LoadErrors:Error: Error ActiveClassRedirects contains a collision with multiple redirectors for old class named RB_SkelJointSetup
[2016.06.09-15.08.29:875][  0]LoadErrors:Error: Error ActiveClassRedirects contains a collision with multiple redirectors for old class named RB_ConstraintComponent
[2016.06.09-15.08.29:875][  0]LoadErrors:Error: Error ActiveClassRedirects contains a collision with multiple redirectors for old class named RB_ConstraintActor
[2016.06.09-15.08.29:875][  0]LoadErrors:Error: Error ActiveClassRedirects contains a collision with multiple redirectors for old class named RB_BSJointActor
[2016.06.09-15.08.29:875][  0]LoadErrors:Error: Error ActiveClassRedirects contains a collision with multiple redirectors for old class named RB_HingeActor
[2016.06.09-15.08.29:876][  0]LoadErrors:Error: Error ActiveClassRedirects contains a collision with multiple redirectors for old class named RB_PrismaticActor
[2016.06.09-15.08.29:876][  0]LoadErrors:Error: Error ActiveClassRedirects contains a collision with multiple redirectors for old class named PhysicsBSJointActor
[2016.06.09-15.08.29:876][  0]LoadErrors:Error: Error ActiveClassRedirects contains a collision with multiple redirectors for old class named PhysicsHingeActor
[2016.06.09-15.08.29:876][  0]LoadErrors:Error: Error ActiveClassRedirects contains a collision with multiple redirectors for old class named PhysicsPrismaticActor
[2016.06.09-15.08.29:876][  0]LoadErrors:Error: Error ActiveClassRedirects contains a collision with multiple redirectors for old class named EMovementMode
[2016.06.09-15.08.29:877][  0]LoadErrors:Error: Error ActiveClassRedirects contains a collision with multiple redirectors for old class named SensingComponent
[2016.06.09-15.08.29:877][  0]LoadErrors:Error: Error ActiveClassRedirects contains a collision with multiple redirectors for old class named MovementComp_Character
[2016.06.09-15.08.29:877][  0]LoadErrors:Error: Error ActiveClassRedirects contains a collision with multiple redirectors for old class named MovementComp_Rotating
[2016.06.09-15.08.29:877][  0]LoadErrors:Error: Error ActiveClassRedirects contains a collision with multiple redirectors for old class named MovementComp_Projectile
[2016.06.09-15.08.29:877][  0]LoadErrors:Error: Error ActiveClassRedirects contains a collision with multiple redirectors for old class named VehicleSim
[2016.06.09-15.08.29:878][  0]LoadErrors:Error: Error ActiveClassRedirects contains a collision with multiple redirectors for old class named VehicleSimNoDrive
[2016.06.09-15.08.29:878][  0]LoadErrors:Error: Error ActiveClassRedirects contains a collision with multiple redirectors for old class named MovementComp_Vehicle
[2016.06.09-15.08.29:878][  0]LoadErrors:Error: Error ActiveClassRedirects contains a collision with multiple redirectors for old class named MovementComp_VehicleNoDrive
[2016.06.09-15.08.29:878][  0]LoadErrors:Error: Error ActiveClassRedirects contains a collision with multiple redirectors for old class named DefaultPawnMovement
[2016.06.09-15.08.29:879][  0]LoadErrors:Error: Error ActiveClassRedirects contains a collision with multiple redirectors for old class named StaticMeshReplicatedComponent
[2016.06.09-15.08.29:879][  0]LoadErrors:Error: Error ActiveClassRedirects contains a collision with multiple redirectors for old class named SkeletalMeshReplicatedComponent
[2016.06.09-15.08.29:879][  0]LoadErrors:Error: Error ActiveClassRedirects contains a collision with multiple redirectors for old class named Vehicle
[2016.06.09-15.08.29:879][  0]LoadErrors:Error: Error ActiveClassRedirects contains a collision with multiple redirectors for old class named VehicleMovementComponent
[2016.06.09-15.08.29:880][  0]LoadErrors:Error: Error ActiveClassRedirects contains a collision with multiple redirectors for old class named VehicleMovementComponent4W
[2016.06.09-15.08.29:880][  0]LoadErrors:Error: Error ActiveClassRedirects contains a collision with multiple redirectors for old suboject named PointLightComponent0 (old class PointLightComponent)
[2016.06.09-15.08.29:880][  0]LoadErrors:Error: Error ActiveClassRedirects contains a collision with multiple redirectors for old suboject named DirectionalLightComponent0 (old class DirectionalLightComponent)
[2016.06.09-15.08.29:880][  0]LoadErrors:Error: Error ActiveClassRedirects contains a collision with multiple redirectors for old suboject named SpotLightComponent0 (old class SpotLightComponent)
[2016.06.09-15.08.29:881][  0]LoadErrors:Error: Error ActiveClassRedirects contains a collision with multiple redirectors for old suboject named SpectatorMovement0 (old class DefaultPawn)
[2016.06.09-15.08.29:881][  0]LoadErrors:Error: Error ActiveClassRedirects contains a collision with multiple redirectors for old suboject named DefaultPawnMovement0 (old class DefaultPawn)
[2016.06.09-15.08.29:881][  0]LoadErrors:Error: Error ActiveClassRedirects contains a collision with multiple redirectors for old class named /Script/BlueprintGraph.K2Node_CastToInterface
[2016.06.09-15.08.29:882][  0]LoadErrors:Error: Error ActiveClassRedirects contains a collision with multiple redirectors for old class named K2Node_CallSuperFunction
[2016.06.09-15.08.29:882][  0]LoadErrors:Error: Error ActiveClassRedirects contains a collision with multiple redirectors for old class named K2Node_MathExpression
[2016.06.09-15.08.29:882][  0]LoadErrors:Error: Error ActiveClassRedirects contains a collision with multiple redirectors for old class named /Script/CoreUObject.K2Node_MathExpression
[2016.06.09-15.08.29:883][  0]LoadErrors:Error: Error ActiveClassRedirects contains a collision with multiple redirectors for old class named K2Node_Comment
[2016.06.09-15.08.29:883][  0]LoadErrors:Error: Error ActiveClassRedirects contains a collision with multiple redirectors for old class named EdGraphNode_Comment
[2016.06.09-15.08.29:883][  0]LoadErrors:Error: Error ActiveClassRedirects contains a collision with multiple redirectors for old class named SpotLightMovable
[2016.06.09-15.08.29:884][  0]LoadErrors:Error: Error ActiveClassRedirects contains a collision with multiple redirectors for old class named SpotLightStatic
[2016.06.09-15.08.29:884][  0]LoadErrors:Error: Error ActiveClassRedirects contains a collision with multiple redirectors for old class named SpotLightStationary
[2016.06.09-15.08.29:884][  0]LoadErrors:Error: Error ActiveClassRedirects contains a collision with multiple redirectors for old class named PointLightMovable
[2016.06.09-15.08.29:885][  0]LoadErrors:Error: Error ActiveClassRedirects contains a collision with multiple redirectors for old class named PointLightStatic
[2016.06.09-15.08.29:885][  0]LoadErrors:Error: Error ActiveClassRedirects contains a collision with multiple redirectors for old class named PointLightStationary
[2016.06.09-15.08.29:885][  0]LoadErrors:Error: Error ActiveClassRedirects contains a collision with multiple redirectors for old class named DirectionalLightMovable
[2016.06.09-15.08.29:886][  0]LoadErrors:Error: Error ActiveClassRedirects contains a collision with multiple redirectors for old class named DirectionalLightStatic
[2016.06.09-15.08.29:886][  0]LoadErrors:Error: Error ActiveClassRedirects contains a collision with multiple redirectors for old class named DirectionalLightStationary
[2016.06.09-15.08.29:887][  0]LoadErrors:Error: Error ActiveClassRedirects contains a collision with multiple redirectors for old class named InterpActor
[2016.06.09-15.08.29:887][  0]LoadErrors:Error: Error ActiveClassRedirects contains a collision with multiple redirectors for old class named PhysicsActor
[2016.06.09-15.08.29:887][  0]LoadErrors:Error: Error ActiveClassRedirects contains a collision with multiple redirectors for old class named SkeletalPhysicsActor
[2016.06.09-15.08.29:888][  0]LoadErrors:Error: Error ActiveClassRedirects contains a collision with multiple redirectors for old class named SingleAnimSkeletalActor
[2016.06.09-15.08.29:888][  0]LoadErrors:Error: Error ActiveClassRedirects contains a collision with multiple redirectors for old class named SingleAnimSkeletalComponent
[2016.06.09-15.08.29:889][  0]LoadErrors:Error: Error ActiveClassRedirects contains a collision with multiple redirectors for old class named DynamicBlockingVolume
[2016.06.09-15.08.29:889][  0]LoadErrors:Error: Error ActiveClassRedirects contains a collision with multiple redirectors for old class named DynamicPhysicsVolume
[2016.06.09-15.08.29:889][  0]LoadErrors:Error: Error ActiveClassRedirects contains a collision with multiple redirectors for old class named DynamicTriggerVolume
[2016.06.09-15.08.29:890][  0]LoadErrors:Error: Error ActiveClassRedirects contains a collision with multiple redirectors for old class named AnimNode_SkeletalControlBase
[2016.06.09-15.08.29:890][  0]LoadErrors:Error: Error ActiveClassRedirects contains a collision with multiple redirectors for old class named AnimNode_TwoBoneIK
[2016.06.09-15.08.29:891][  0]LoadErrors:Error: Error ActiveClassRedirects contains a collision with multiple redirectors for old class named AnimNode_RotationMultiplier
[2016.06.09-15.08.29:891][  0]LoadErrors:Error: Error ActiveClassRedirects contains a collision with multiple redirectors for old class named AnimNode_ModifyBone
[2016.06.09-15.08.29:892][  0]LoadErrors:Error: Error ActiveClassRedirects contains a collision with multiple redirectors for old class named AnimNode_CopyBone
[2016.06.09-15.08.29:892][  0]LoadErrors:Error: Error ActiveClassRedirects contains a collision with multiple redirectors for old class named AnimNode_SpringBone
[2016.06.09-15.08.29:893][  0]LoadErrors:Error: Error ActiveClassRedirects contains a collision with multiple redirectors for old class named NavAreaDefinition
[2016.06.09-15.08.29:893][  0]LoadErrors:Error: Error ActiveClassRedirects contains a collision with multiple redirectors for old class named NavAreaDefault
[2016.06.09-15.08.29:894][  0]LoadErrors:Error: Error ActiveClassRedirects contains a collision with multiple redirectors for old class named NavAreaNull
[2016.06.09-15.08.29:894][  0]LoadErrors:Error: Error ActiveClassRedirects contains a collision with multiple redirectors for old class named SmartNavLinkComponent
[2016.06.09-15.08.29:895][  0]LoadErrors:Error: Error ActiveClassRedirects contains a collision with multiple redirectors for old class named ELockedAxis
[2016.06.09-15.08.29:895][  0]LoadErrors:Error: Error ActiveClassRedirects contains a collision with multiple redirectors for old class named BTTask_RunQuery
[2016.06.09-15.08.29:896][  0]LoadErrors:Error: Error ActiveClassRedirects contains a collision with multiple redirectors for old class named MoveComponentAction
[2016.06.09-15.08.29:896][  0]LoadErrors:Error: Error ActiveClassRedirects contains a collision with multiple redirectors for old class named AIDebugComponent
[2016.06.09-15.08.29:897][  0]LoadErrors:Error: Error ActiveClassRedirects contains a collision with multiple redirectors for old class named MaterialExpressionTerrainLayerCoords
[2016.06.09-15.08.29:897][  0]LoadErrors:Error: Error ActiveClassRedirects contains a collision with multiple redirectors for old class named MaterialExpressionTerrainLayerSwitch
[2016.06.09-15.08.29:898][  0]LoadErrors:Error: Error ActiveClassRedirects contains a collision with multiple redirectors for old class named MaterialExpressionTerrainLayerWeight
[2016.06.09-15.08.29:898][  0]LoadErrors:Error: Error ActiveClassRedirects contains a collision with multiple redirectors for old class named Landscape
[2016.06.09-15.08.29:899][  0]LoadErrors:Error: Error ActiveClassRedirects contains a collision with multiple redirectors for old class named LandscapeGizmoActiveActor
[2016.06.09-15.08.29:900][  0]LoadErrors:Error: Error ActiveClassRedirects contains a collision with multiple redirectors for old class named LandscapeGizmoActor
[2016.06.09-15.08.29:900][  0]LoadErrors:Error: Error ActiveClassRedirects contains a collision with multiple redirectors for old class named LandscapeProxy
[2016.06.09-15.08.29:901][  0]LoadErrors:Error: Error ActiveClassRedirects contains a collision with multiple redirectors for old class named ControlPointMeshComponent
[2016.06.09-15.08.29:901][  0]LoadErrors:Error: Error ActiveClassRedirects contains a collision with multiple redirectors for old class named LandscapeComponent
[2016.06.09-15.08.29:902][  0]LoadErrors:Error: Error ActiveClassRedirects contains a collision with multiple redirectors for old class named LandscapeGizmoRenderComponent
[2016.06.09-15.08.29:902][  0]LoadErrors:Error: Error ActiveClassRedirects contains a collision with multiple redirectors for old class named LandscapeHeightfieldCollisionComponent
[2016.06.09-15.08.29:903][  0]LoadErrors:Error: Error ActiveClassRedirects contains a collision with multiple redirectors for old class named LandscapeInfo
[2016.06.09-15.08.29:904][  0]LoadErrors:Error: Error ActiveClassRedirects contains a collision with multiple redirectors for old class named LandscapeInfoMap
[2016.06.09-15.08.29:904][  0]LoadErrors:Error: Error ActiveClassRedirects contains a collision with multiple redirectors for old class named LandscapeLayerInfoObject
[2016.06.09-15.08.29:905][  0]LoadErrors:Error: Error ActiveClassRedirects contains a collision with multiple redirectors for old class named LandscapeMaterialInstanceConstant
[2016.06.09-15.08.29:906][  0]LoadErrors:Error: Error ActiveClassRedirects contains a collision with multiple redirectors for old class named LandscapeMeshCollisionComponent
[2016.06.09-15.08.29:906][  0]LoadErrors:Error: Error ActiveClassRedirects contains a collision with multiple redirectors for old class named LandscapeSplineControlPoint
[2016.06.09-15.08.29:907][  0]LoadErrors:Error: Error ActiveClassRedirects contains a collision with multiple redirectors for old class named LandscapeSplineSegment
[2016.06.09-15.08.29:908][  0]LoadErrors:Error: Error ActiveClassRedirects contains a collision with multiple redirectors for old class named LandscapeSplinesComponent
[2016.06.09-15.08.29:908][  0]LoadErrors:Error: Error ActiveClassRedirects contains a collision with multiple redirectors for old class named MaterialExpressionLandscapeLayerBlend
[2016.06.09-15.08.29:909][  0]LoadErrors:Error: Error ActiveClassRedirects contains a collision with multiple redirectors for old class named MaterialExpressionLandscapeLayerCoords
[2016.06.09-15.08.29:910][  0]LoadErrors:Error: Error ActiveClassRedirects contains a collision with multiple redirectors for old class named MaterialExpressionLandscapeLayerSwitch
[2016.06.09-15.08.29:910][  0]LoadErrors:Error: Error ActiveClassRedirects contains a collision with multiple redirectors for old class named MaterialExpressionLandscapeLayerWeight
[2016.06.09-15.08.29:911][  0]LoadErrors:Error: Error ActiveClassRedirects contains a collision with multiple redirectors for old class named MaterialExpressionLandscapeVisibilityMask
[2016.06.09-15.08.29:911][  0]LoadErrors:Error: Error ActiveClassRedirects contains a collision with multiple redirectors for old class named ProceduralFoliageActor
[2016.06.09-15.08.29:912][  0]LoadErrors:Error: Error ActiveClassRedirects contains a collision with multiple redirectors for old class named ProceduralFoliage
[2016.06.09-15.08.29:913][  0]LoadErrors:Error: Error ActiveClassRedirects contains a collision with multiple redirectors for old class named AnimationCompressionAlgorithm
[2016.06.09-15.08.29:913][  0]LoadErrors:Error: Error ActiveClassRedirects contains a collision with multiple redirectors for old class named AnimationCompressionAlgorithm_Automatic
[2016.06.09-15.08.29:914][  0]LoadErrors:Error: Error ActiveClassRedirects contains a collision with multiple redirectors for old class named AnimationCompressionAlgorithm_BitwiseCompressOnly
[2016.06.09-15.08.29:915][  0]LoadErrors:Error: Error ActiveClassRedirects contains a collision with multiple redirectors for old class named AnimationCompressionAlgorithm_LeastDestructive
[2016.06.09-15.08.29:915][  0]LoadErrors:Error: Error ActiveClassRedirects contains a collision with multiple redirectors for old class named AnimationCompressionAlgorithm_PerTrackCompression
[2016.06.09-15.08.29:916][  0]LoadErrors:Error: Error ActiveClassRedirects contains a collision with multiple redirectors for old class named AnimationCompressionAlgorithm_RemoveEverySecondKey
[2016.06.09-15.08.29:917][  0]LoadErrors:Error: Error ActiveClassRedirects contains a collision with multiple redirectors for old class named AnimationCompressionAlgorithm_RemoveLinearKeys
[2016.06.09-15.08.29:917][  0]LoadErrors:Error: Error ActiveClassRedirects contains a collision with multiple redirectors for old class named AnimationCompressionAlgorithm_RemoveTrivialKeys
[2016.06.09-15.08.29:918][  0]LoadErrors:Error: Error ActiveClassRedirects contains a collision with multiple redirectors for old class named AnimationCompressionAlgorithm_RevertToRaw
[2016.06.09-15.08.29:918][  0]LoadErrors:Error: Error ActiveClassRedirects contains a collision with multiple redirectors for old class named AIController
[2016.06.09-15.08.29:918][  0]LoadErrors:Error: Error ActiveClassRedirects contains a collision with multiple redirectors for old class named AIResourceInterface
[2016.06.09-15.08.29:919][  0]LoadErrors:Error: Error ActiveClassRedirects contains a collision with multiple redirectors for old class named AISystem
[2016.06.09-15.08.29:919][  0]LoadErrors:Error: Error ActiveClassRedirects contains a collision with multiple redirectors for old class named AITypes
[2016.06.09-15.08.29:920][  0]LoadErrors:Error: Error ActiveClassRedirects contains a collision with multiple redirectors for old class named BrainComponent
[2016.06.09-15.08.29:920][  0]LoadErrors:Error: Error ActiveClassRedirects contains a collision with multiple redirectors for old class named KismetAIAsyncTaskProxy
[2016.06.09-15.08.29:921][  0]LoadErrors:Error: Error ActiveClassRedirects contains a collision with multiple redirectors for old class named KismetAIHelperLibrary
[2016.06.09-15.08.29:921][  0]LoadErrors:Error: Error ActiveClassRedirects contains a collision with multiple redirectors for old class named BehaviorTree
[2016.06.09-15.08.29:922][  0]LoadErrors:Error: Error ActiveClassRedirects contains a collision with multiple redirectors for old class named BehaviorTreeComponent
[2016.06.09-15.08.29:922][  0]LoadErrors:Error: Error ActiveClassRedirects contains a collision with multiple redirectors for old class named BehaviorTreeManager
[2016.06.09-15.08.29:922][  0]LoadErrors:Error: Error ActiveClassRedirects contains a collision with multiple redirectors for old class named BehaviorTreeTypes
[2016.06.09-15.08.29:923][  0]LoadErrors:Error: Error ActiveClassRedirects contains a collision with multiple redirectors for old class named BlackboardComponent
[2016.06.09-15.08.29:923][  0]LoadErrors:Error: Error ActiveClassRedirects contains a collision with multiple redirectors for old class named BlackboardData
[2016.06.09-15.08.29:924][  0]LoadErrors:Error: Error ActiveClassRedirects contains a collision with multiple redirectors for old class named BTAuxiliaryNode
[2016.06.09-15.08.29:924][  0]LoadErrors:Error: Error ActiveClassRedirects contains a collision with multiple redirectors for old class named BTCompositeNode
[2016.06.09-15.08.29:925][  0]LoadErrors:Error: Error ActiveClassRedirects contains a collision with multiple redirectors for old class named BTDecorator
[2016.06.09-15.08.29:925][  0]LoadErrors:Error: Error ActiveClassRedirects contains a collision with multiple redirectors for old class named BTFunctionLibrary
[2016.06.09-15.08.29:926][  0]LoadErrors:Error: Error ActiveClassRedirects contains a collision with multiple redirectors for old class named BTNode
[2016.06.09-15.08.29:926][  0]LoadErrors:Error: Error ActiveClassRedirects contains a collision with multiple redirectors for old class named BTService
[2016.06.09-15.08.29:927][  0]LoadErrors:Error: Error ActiveClassRedirects contains a collision with multiple redirectors for old class named BTTaskNode
[2016.06.09-15.08.29:927][  0]LoadErrors:Error: Error ActiveClassRedirects contains a collision with multiple redirectors for old class named BlackboardKeyAllTypes
[2016.06.09-15.08.29:928][  0]LoadErrors:Error: Error ActiveClassRedirects contains a collision with multiple redirectors for old class named BlackboardKeyType
[2016.06.09-15.08.29:928][  0]LoadErrors:Error: Error ActiveClassRedirects contains a collision with multiple redirectors for old class named BlackboardKeyType_Bool
[2016.06.09-15.08.29:929][  0]LoadErrors:Error: Error ActiveClassRedirects contains a collision with multiple redirectors for old class named BlackboardKeyType_Class
[2016.06.09-15.08.29:929][  0]LoadErrors:Error: Error ActiveClassRedirects contains a collision with multiple redirectors for old class named BlackboardKeyType_Enum
[2016.06.09-15.08.29:930][  0]LoadErrors:Error: Error ActiveClassRedirects contains a collision with multiple redirectors for old class named BlackboardKeyType_Float
[2016.06.09-15.08.29:930][  0]LoadErrors:Error: Error ActiveClassRedirects contains a collision with multiple redirectors for old class named BlackboardKeyType_Int
[2016.06.09-15.08.29:931][  0]LoadErrors:Error: Error ActiveClassRedirects contains a collision with multiple redirectors for old class named BlackboardKeyType_Name
[2016.06.09-15.08.29:931][  0]LoadErrors:Error: Error ActiveClassRedirects contains a collision with multiple redirectors for old class named BlackboardKeyType_NativeEnum
[2016.06.09-15.08.29:932][  0]LoadErrors:Error: Error ActiveClassRedirects contains a collision with multiple redirectors for old class named BlackboardKeyType_Object
[2016.06.09-15.08.29:932][  0]LoadErrors:Error: Error ActiveClassRedirects contains a collision with multiple redirectors for old class named BlackboardKeyType_String
[2016.06.09-15.08.29:933][  0]LoadErrors:Error: Error ActiveClassRedirects contains a collision with multiple redirectors for old class named BlackboardKeyType_Vector
[2016.06.09-15.08.29:933][  0]LoadErrors:Error: Error ActiveClassRedirects contains a collision with multiple redirectors for old class named BTComposite_Selector
[2016.06.09-15.08.29:934][  0]LoadErrors:Error: Error ActiveClassRedirects contains a collision with multiple redirectors for old class named BTComposite_Sequence
[2016.06.09-15.08.29:935][  0]LoadErrors:Error: Error ActiveClassRedirects contains a collision with multiple redirectors for old class named BTComposite_SimpleParallel
[2016.06.09-15.08.29:935][  0]LoadErrors:Error: Error ActiveClassRedirects contains a collision with multiple redirectors for old class named BTDecorator_Blackboard
[2016.06.09-15.08.29:936][  0]LoadErrors:Error: Error ActiveClassRedirects contains a collision with multiple redirectors for old class named BTDecorator_BlackboardBase
[2016.06.09-15.08.29:936][  0]LoadErrors:Error: Error ActiveClassRedirects contains a collision with multiple redirectors for old class named BTDecorator_BlueprintBase
[2016.06.09-15.08.29:937][  0]LoadErrors:Error: Error ActiveClassRedirects contains a collision with multiple redirectors for old class named BTDecorator_CompareBBEntries
[2016.06.09-15.08.29:937][  0]LoadErrors:Error: Error ActiveClassRedirects contains a collision with multiple redirectors for old class named BTDecorator_ConeCheck
[2016.06.09-15.08.29:938][  0]LoadErrors:Error: Error ActiveClassRedirects contains a collision with multiple redirectors for old class named BTDecorator_Cooldown
[2016.06.09-15.08.29:938][  0]LoadErrors:Error: Error ActiveClassRedirects contains a collision with multiple redirectors for old class named BTDecorator_DoesPathExist
[2016.06.09-15.08.29:939][  0]LoadErrors:Error: Error ActiveClassRedirects contains a collision with multiple redirectors for old class named BTDecorator_ForceSuccess
[2016.06.09-15.08.29:940][  0]LoadErrors:Error: Error ActiveClassRedirects contains a collision with multiple redirectors for old class named BTDecorator_KeepInCone
[2016.06.09-15.08.29:940][  0]LoadErrors:Error: Error ActiveClassRedirects contains a collision with multiple redirectors for old class named BTDecorator_Loop
[2016.06.09-15.08.29:941][  0]LoadErrors:Error: Error ActiveClassRedirects contains a collision with multiple redirectors for old class named BTDecorator_Optional
[2016.06.09-15.08.29:941][  0]LoadErrors:Error: Error ActiveClassRedirects contains a collision with multiple redirectors for old class named BTDecorator_ReachedMoveGoal
[2016.06.09-15.08.29:942][  0]LoadErrors:Error: Error ActiveClassRedirects contains a collision with multiple redirectors for old class named BTDecorator_TimeLimit
[2016.06.09-15.08.29:942][  0]LoadErrors:Error: Error ActiveClassRedirects contains a collision with multiple redirectors for old class named BTService_BlackboardBase
[2016.06.09-15.08.29:943][  0]LoadErrors:Error: Error ActiveClassRedirects contains a collision with multiple redirectors for old class named BTService_BlueprintBase
[2016.06.09-15.08.29:944][  0]LoadErrors:Error: Error ActiveClassRedirects contains a collision with multiple redirectors for old class named BTService_DefaultFocus
[2016.06.09-15.08.29:944][  0]LoadErrors:Error: Error ActiveClassRedirects contains a collision with multiple redirectors for old class named BTTask_BlackboardBase
[2016.06.09-15.08.29:945][  0]LoadErrors:Error: Error ActiveClassRedirects contains a collision with multiple redirectors for old class named BTTask_BlueprintBase
[2016.06.09-15.08.29:945][  0]LoadErrors:Error: Error ActiveClassRedirects contains a collision with multiple redirectors for old class named BTTask_MakeNoise
[2016.06.09-15.08.29:946][  0]LoadErrors:Error: Error ActiveClassRedirects contains a collision with multiple redirectors for old class named BTTask_MoveDirectlyToward
[2016.06.09-15.08.29:947][  0]LoadErrors:Error: Error ActiveClassRedirects contains a collision with multiple redirectors for old class named BTTask_MoveTo
[2016.06.09-15.08.29:947][  0]LoadErrors:Error: Error ActiveClassRedirects contains a collision with multiple redirectors for old class named BTTask_PlaySound
[2016.06.09-15.08.29:948][  0]LoadErrors:Error: Error ActiveClassRedirects contains a collision with multiple redirectors for old class named BTTask_RunBehavior
[2016.06.09-15.08.29:948][  0]LoadErrors:Error: Error ActiveClassRedirects contains a collision with multiple redirectors for old class named BTTask_RunEQSQuery
[2016.06.09-15.08.29:948][  0]LoadErrors:Error: Error ActiveClassRedirects contains a collision with multiple redirectors for old class named BTTask_Wait
[2016.06.09-15.08.29:949][  0]LoadErrors:Error: Error ActiveClassRedirects contains a collision with multiple redirectors for old class named EnvQuery
[2016.06.09-15.08.29:950][  0]LoadErrors:Error: Error ActiveClassRedirects contains a collision with multiple redirectors for old class named EnvQueryContext
[2016.06.09-15.08.29:950][  0]LoadErrors:Error: Error ActiveClassRedirects contains a collision with multiple redirectors for old class named EnvQueryGenerator
[2016.06.09-15.08.29:950][  0]LoadErrors:Error: Error ActiveClassRedirects contains a collision with multiple redirectors for old class named EnvQueryManager
[2016.06.09-15.08.29:951][  0]LoadErrors:Error: Error ActiveClassRedirects contains a collision with multiple redirectors for old class named EnvQueryOption
[2016.06.09-15.08.29:951][  0]LoadErrors:Error: Error ActiveClassRedirects contains a collision with multiple redirectors for old class named EnvQueryTest
[2016.06.09-15.08.29:952][  0]LoadErrors:Error: Error ActiveClassRedirects contains a collision with multiple redirectors for old class named EnvQueryTypes
[2016.06.09-15.08.29:952][  0]LoadErrors:Error: Error ActiveClassRedirects contains a collision with multiple redirectors for old class named EQSQueryResultSourceInterface
[2016.06.09-15.08.29:953][  0]LoadErrors:Error: Error ActiveClassRedirects contains a collision with multiple redirectors for old class named EQSRenderingComponent
[2016.06.09-15.08.29:953][  0]LoadErrors:Error: Error ActiveClassRedirects contains a collision with multiple redirectors for old class named EQSTestingPawn
[2016.06.09-15.08.29:954][  0]LoadErrors:Error: Error ActiveClassRedirects contains a collision with multiple redirectors for old class named EnvQueryContext_BlueprintBase
[2016.06.09-15.08.29:954][  0]LoadErrors:Error: Error ActiveClassRedirects contains a collision with multiple redirectors for old class named EnvQueryContext_Item
[2016.06.09-15.08.29:954][  0]LoadErrors:Error: Error ActiveClassRedirects contains a collision with multiple redirectors for old class named EnvQueryContext_Querier
[2016.06.09-15.08.29:955][  0]LoadErrors:Error: Error ActiveClassRedirects contains a collision with multiple redirectors for old class named EnvQueryGenerator_Composite
[2016.06.09-15.08.29:955][  0]LoadErrors:Error: Error ActiveClassRedirects contains a collision with multiple redirectors for old class named EnvQueryGenerator_OnCircle
[2016.06.09-15.08.29:956][  0]LoadErrors:Error: Error ActiveClassRedirects contains a collision with multiple redirectors for old class named EnvQueryGenerator_PathingGrid
[2016.06.09-15.08.29:956][  0]LoadErrors:Error: Error ActiveClassRedirects contains a collision with multiple redirectors for old class named EnvQueryGenerator_ProjectedPoints
[2016.06.09-15.08.29:957][  0]LoadErrors:Error: Error ActiveClassRedirects contains a collision with multiple redirectors for old class named EnvQueryGenerator_SimpleGrid
[2016.06.09-15.08.29:957][  0]LoadErrors:Error: Error ActiveClassRedirects contains a collision with multiple redirectors for old class named EnvQueryAllItemTypes
[2016.06.09-15.08.29:958][  0]LoadErrors:Error: Error ActiveClassRedirects contains a collision with multiple redirectors for old class named EnvQueryItemType
[2016.06.09-15.08.29:958][  0]LoadErrors:Error: Error ActiveClassRedirects contains a collision with multiple redirectors for old class named EnvQueryItemType_Actor
[2016.06.09-15.08.29:959][  0]LoadErrors:Error: Error ActiveClassRedirects contains a collision with multiple redirectors for old class named EnvQueryItemType_ActorBase
[2016.06.09-15.08.29:959][  0]LoadErrors:Error: Error ActiveClassRedirects contains a collision with multiple redirectors for old class named EnvQueryItemType_Direction
[2016.06.09-15.08.29:960][  0]LoadErrors:Error: Error ActiveClassRedirects contains a collision with multiple redirectors for old class named EnvQueryItemType_Point
[2016.06.09-15.08.29:960][  0]LoadErrors:Error: Error ActiveClassRedirects contains a collision with multiple redirectors for old class named EnvQueryItemType_VectorBase
[2016.06.09-15.08.29:961][  0]LoadErrors:Error: Error ActiveClassRedirects contains a collision with multiple redirectors for old class named EnvQueryTest_Distance
[2016.06.09-15.08.29:961][  0]LoadErrors:Error: Error ActiveClassRedirects contains a collision with multiple redirectors for old class named EnvQueryTest_Dot
[2016.06.09-15.08.29:962][  0]LoadErrors:Error: Error ActiveClassRedirects contains a collision with multiple redirectors for old class named EnvQueryTest_Pathfinding
[2016.06.09-15.08.29:962][  0]LoadErrors:Error: Error ActiveClassRedirects contains a collision with multiple redirectors for old class named EnvQueryTest_Trace
[2016.06.09-15.08.29:963][  0]LoadErrors:Error: Error ActiveClassRedirects contains a collision with multiple redirectors for old class named CrowdAgentInterface
[2016.06.09-15.08.29:963][  0]LoadErrors:Error: Error ActiveClassRedirects contains a collision with multiple redirectors for old class named CrowdFollowingComponent
[2016.06.09-15.08.29:964][  0]LoadErrors:Error: Error ActiveClassRedirects contains a collision with multiple redirectors for old class named CrowdManager
[2016.06.09-15.08.29:964][  0]LoadErrors:Error: Error ActiveClassRedirects contains a collision with multiple redirectors for old class named PathFollowingComponent
[2016.06.09-15.08.29:965][  0]LoadErrors:Error: Error ActiveClassRedirects contains a collision with multiple redirectors for old class named PawnSensingComponent
[2016.06.09-15.08.29:965][  0]LoadErrors:Error: Error ActiveClassRedirects contains a collision with multiple redirectors for old class named EditorGameAgnosticSettings
[2016.06.09-15.08.29:966][  0]LoadErrors:Error: Error ActiveClassRedirects contains a collision with multiple redirectors for old class named EditorUserSettings
[2016.06.09-15.08.29:966][  0]LoadErrors:Error: Error ActiveClassRedirects contains a collision with multiple redirectors for old class named SpriteComponent
[2016.06.09-15.08.29:967][  0]LoadErrors:Error: Error ActiveClassRedirects contains a collision with multiple redirectors for old class named MaterialSpriteComponent
[2016.06.09-15.08.29:967][  0]LoadErrors:Error: Error ActiveClassRedirects contains a collision with multiple redirectors for old class named WidgetBlueprint
[2016.06.09-15.08.29:968][  0]LoadErrors:Error: Error ActiveClassRedirects contains a collision with multiple redirectors for old class named SReply
[2016.06.09-15.08.29:968][  0]LoadErrors:Error: Error ActiveClassRedirects contains a collision with multiple redirectors for old class named ScriptComponent
[2016.06.09-15.08.29:969][  0]LoadErrors:Error: Error ActiveClassRedirects contains a collision with multiple redirectors for old class named PaperRenderComponent
[2016.06.09-15.08.29:969][  0]LoadErrors:Error: Error ActiveClassRedirects contains a collision with multiple redirectors for old class named PaperAnimatedRenderComponent
[2016.06.09-15.08.29:970][  0]LoadErrors:Error: Error ActiveClassRedirects contains a collision with multiple redirectors for old class named PaperRenderActor
[2016.06.09-15.08.29:970][  0]LoadErrors:Error: Error ActiveClassRedirects contains a collision with multiple redirectors for old class named PaperTileMapRenderComponent
[2016.06.09-15.08.29:971][  0]LoadErrors:Error: Error ActiveClassRedirects contains a collision with multiple redirectors for old class named PaperSpriteSheet
[2016.06.09-15.08.29:972][  0]LoadErrors:Error: Error ActiveClassRedirects contains a collision with multiple redirectors for old class named ECollisionTraceFlag
[2016.06.09-15.08.29:972][  0]LoadErrors:Error: Error ActiveClassRedirects contains a collision with multiple redirectors for old class named EBodyCollisionResponse
[2016.06.09-15.08.29:973][  0]LoadErrors:Error: Error ActiveClassRedirects contains a collision with multiple redirectors for old class named EPhysicsType
[2016.06.09-15.08.29:973][  0]LoadErrors:Error: Error ActiveClassRedirects contains a collision with multiple redirectors for old class named PlayerCamera
[2016.06.09-15.08.29:974][  0]LoadErrors:Error: Error ActiveClassRedirects contains a collision with multiple redirectors for old class named EModifyFrequency
[2016.06.09-15.08.29:974][  0]LoadErrors:Error: Error ActiveClassRedirects contains a collision with multiple redirectors for old class named EMaterialLightingModel
[2016.06.09-15.08.29:975][  0]LoadErrors:Error: Error ActiveClassRedirects contains a collision with multiple redirectors for old class named GameReplicationInfo
[2016.06.09-15.08.29:975][  0]LoadErrors:Error: Error ActiveClassRedirects contains a collision with multiple redirectors for old class named GameInfo
[2016.06.09-15.08.29:976][  0]LoadErrors:Error: Error ActiveClassRedirects contains a collision with multiple redirectors for old class named PlayerReplicationInfo
[2016.06.09-15.08.29:977][  0]LoadErrors:Error: Error ActiveClassRedirects contains a collision with multiple redirectors for old class named AnimGraphNode_BlendSpace
[2016.06.09-15.08.29:977][  0]LoadErrors:Error: Error ActiveClassRedirects contains a collision with multiple redirectors for old class named AnimNode_BlendSpace
[2016.06.09-15.08.29:978][  0]LoadErrors:Error: Error ActiveClassRedirects contains a collision with multiple redirectors for old class named ETransitionGetterType
[2016.06.09-15.08.29:978][  0]LoadErrors:Error: Error ActiveClassRedirects contains a collision with multiple redirectors for old class named ESlateCheckBoxState
[2016.06.09-15.08.29:979][  0]LoadErrors:Error: Error ActiveClassRedirects contains a collision with multiple redirectors for old class named SlateWidgetStyleAsset
[2016.06.09-15.08.29:980][  0]LoadErrors:Error: Error ActiveClassRedirects contains a collision with multiple redirectors for old class named SlateWidgetStyleContainerBase
[2016.06.09-15.08.29:980][  0]LoadErrors:Error: Error ActiveClassRedirects contains a collision with multiple redirectors for old class named InstancedFoliageSettings
[2016.06.09-15.08.29:981][  0]LoadErrors:Error: Error ActiveClassRedirects contains a collision with multiple redirectors for old class named FoliageType
[2016.06.09-15.08.29:982][  0]LoadErrors:Error: Error ActiveClassRedirects contains a collision with multiple redirectors for old class named FoliageType_InstancedStaticMesh
[2016.06.09-15.08.29:983][  0]LoadErrors:Error: Error ActiveClassRedirects contains a collision with multiple redirectors for old class named InstancedFoliageActor
[2016.06.09-15.08.29:983][  0]LoadErrors:Error: Error ActiveClassRedirects contains a collision with multiple redirectors for old class named InteractiveFoliageComponent
[2016.06.09-15.08.29:984][  0]LoadErrors:Error: Error ActiveClassRedirects contains a collision with multiple redirectors for old class named FoliageVertexColorMask
[2016.06.09-15.08.29:984][  0]LoadErrors:Error: Error ActiveClassRedirects contains a collision with multiple redirectors for old class named EmitterSpawnable
[2016.06.09-15.08.29:985][  0]LoadErrors:Error: Error ActiveClassRedirects contains a collision with multiple redirectors for old class named EBoneSpaces
[2016.06.09-15.08.30:040][  0]LogContentStreaming: Texture pool size now 1000 MB
[2016.06.09-15.08.30:094][  1]Cmd: UpdateLandscapeEditorData -warnings
[2016.06.09-15.08.30:311][  7]LogRenderer: Reallocating scene render targets to support 32x32 (Frame:2).
[2016.06.09-15.09.11:711][469]LogAssetRegistry: Asset discovery search completed in 48.5929 seconds
[2016.06.09-15.09.11:711][469]LogCollectionManager: Rebuilt the object cache for 0 collections in 0.000001 seconds (found 0 objects)
[2016.06.09-15.09.11:711][469]LogCollectionManager: Fixed up redirectors for 0 collections in 0.000017 seconds (updated 0 objects)
[2016.06.09-15.15.10:472][419]LogWindowsTextInputMethodSystem:Display: IME system now deactivated.
[2016.06.09-15.15.17:466][419]LogCrashTracker: 


[2016.06.09-15.15.17:589][419]LogWindows:Error: Windows GetLastError: The operation completed successfully. (0)
[2016.06.09-15.15.18:513][419]LogCrashTracker: 


[2016.06.09-15.15.18:513][419]LogWindows:Error: === Critical error: ===
Fatal error: [File:D:\BuildFarm\buildmachine_++depot+UE4-Releases+4.10\Engine\Source\Runtime\RenderCore\Private\RenderingThread.cpp] [Line: 675] 
Rendering thread exception:
Fatal error!






[2016.06.09-15.15.18:605][419]LogExit: Executing StaticShutdownAfterError
[2016.06.09-15.15.18:737][419]LogPhysics:Warning: PHYSX: ..\..\PhysX\src\NpScene.cpp (2946) 8 : PxScene::unlockWrite() called without matching call to PxScene::lockWrite(), behaviour will be undefined.
[2016.06.09-15.15.18:737][419]LogPhysics:Warning: PHYSX: ..\..\PhysX\src\NpScene.cpp (2946) 8 : PxScene::unlockWrite() called without matching call to PxScene::lockWrite(), behaviour will be undefined.
[2016.06.09-15.15.18:737][419]LogWindows: FPlatformMisc::RequestExit(1)
[2016.06.09-15.15.18:737][419]Log file closed, 06/09/16 08:15:18
